2024-10-25 21:10:08,533 [INFO] Activator:176 - 


2024-10-25 21:10:08,537 [INFO] Activator:177 - !SESSION log4j initialized
2024-10-25 21:10:14,160 [INFO] LogOutputStream:77 - [STDOUT_REDIRECT] 
2024-10-25 21:10:18,205 [INFO] ApplicationProperties:184 - Using Application install path: C:\ST\STM32CubeIDE_1.16.1\STM32CubeIDE\plugins\com.st.stm32cube.common.mx_6.12.1.202409122256
2024-10-25 21:10:18,221 [INFO] DbMcusXml:78 - Set database path to: C:\ST\STM32CubeIDE_1.16.1\STM32CubeIDE\plugins\com.st.stm32cube.common.mx_6.12.1.202409122256\\db\/mcu/
2024-10-25 21:10:18,221 [INFO] ApiDb:274 - Set plugin database path to: C:\ST\STM32CubeIDE_1.16.1\STM32CubeIDE\plugins\com.st.stm32cube.common.mx_6.12.1.202409122256\\db\/plugins/boardmanager/
2024-10-25 21:10:18,222 [WARN] ApiDb:259 - Overriding images path with different value:  => C:\ST\STM32CubeIDE_1.16.1\STM32CubeIDE\plugins\com.st.stm32cube.common.mx_6.12.1.202409122256\\db\/plugins/mcufinder/images/
2024-10-25 21:10:18,227 [INFO] ApiDb:250 - Set database path to: C:\Users\cheoljun99\.stmcufinder\plugins\mcufinder//mcu/
2024-10-25 21:10:18,228 [INFO] DbMcusAds:125 - Set database path to: C:\Users\cheoljun99\.stmcufinder\plugins\mcufinder//mcu/
2024-10-25 21:10:18,230 [INFO] CrossReferenceDbSqlite:203 - Set database path to: C:\Users\cheoljun99\.stmcufinder\plugins\mcufinder//mcu/cs/
2024-10-25 21:10:18,324 [INFO] RulesReader:64 - Compatibility file has been processed (297 Rules)
2024-10-25 21:10:18,407 [INFO] DbMcusXml:78 - Set database path to: C:\ST\STM32CubeIDE_1.16.1\STM32CubeIDE\plugins\com.st.stm32cube.common.mx_6.12.1.202409122256\\db\/mcu/
2024-10-25 21:10:18,407 [INFO] ApiDb:274 - Set plugin database path to: C:\ST\STM32CubeIDE_1.16.1\STM32CubeIDE\plugins\com.st.stm32cube.common.mx_6.12.1.202409122256\\db\/plugins/boardmanager/
2024-10-25 21:10:18,407 [INFO] ApiDb:261 - Set plugin images path to: C:\ST\STM32CubeIDE_1.16.1\STM32CubeIDE\plugins\com.st.stm32cube.common.mx_6.12.1.202409122256\\db\/plugins/mcufinder/images/
2024-10-25 21:10:18,407 [WARN] DbFile:41 - Overriding database path with different value: C:\Users\cheoljun99\.stmcufinder\plugins\mcufinder/ => C:\Users\cheoljun99\.stmcufinder\plugins\mcufinder
2024-10-25 21:10:18,407 [INFO] ApiDb:250 - Set database path to: C:\Users\cheoljun99\.stmcufinder\plugins\mcufinder//mcu/
2024-10-25 21:10:18,407 [WARN] DbFile:41 - Overriding database path with different value: C:\Users\cheoljun99\.stmcufinder\plugins\mcufinder/ => C:\Users\cheoljun99\.stmcufinder\plugins\mcufinder
2024-10-25 21:10:18,407 [INFO] DbMcusAds:125 - Set database path to: C:\Users\cheoljun99\.stmcufinder\plugins\mcufinder//mcu/
2024-10-25 21:10:18,407 [WARN] DbFile:41 - Overriding database path with different value: C:\Users\cheoljun99\.stmcufinder\plugins\mcufinder/ => C:\Users\cheoljun99\.stmcufinder\plugins\mcufinder
2024-10-25 21:10:18,407 [WARN] DbFile:41 - Overriding database path with different value: C:\Users\cheoljun99\.stmcufinder\plugins\mcufinder/ => C:\Users\cheoljun99\.stmcufinder\plugins\mcufinder
2024-10-25 21:10:18,408 [INFO] CrossReferenceDbSqlite:203 - Set database path to: C:\Users\cheoljun99\.stmcufinder\plugins\mcufinder//mcu/cs/
2024-10-25 21:10:18,473 [INFO] MainPanel:268 - HeapMemory: 268435456
2024-10-25 21:10:18,558 [INFO] DbMcusXml:78 - Set database path to: C:\ST\STM32CubeIDE_1.16.1\STM32CubeIDE\plugins\com.st.stm32cube.common.mx_6.12.1.202409122256\\db\/mcu/
2024-10-25 21:10:18,558 [INFO] ApiDb:274 - Set plugin database path to: C:\ST\STM32CubeIDE_1.16.1\STM32CubeIDE\plugins\com.st.stm32cube.common.mx_6.12.1.202409122256\\db\/plugins/boardmanager/
2024-10-25 21:10:18,558 [INFO] ApiDb:261 - Set plugin images path to: C:\ST\STM32CubeIDE_1.16.1\STM32CubeIDE\plugins\com.st.stm32cube.common.mx_6.12.1.202409122256\\db\/plugins/mcufinder/images/
2024-10-25 21:10:18,558 [WARN] DbFile:41 - Overriding database path with different value: C:\Users\cheoljun99\.stmcufinder\plugins\mcufinder/ => C:\Users\cheoljun99\.stmcufinder\plugins\mcufinder
2024-10-25 21:10:18,558 [INFO] ApiDb:250 - Set database path to: C:\Users\cheoljun99\.stmcufinder\plugins\mcufinder//mcu/
2024-10-25 21:10:18,559 [WARN] DbFile:41 - Overriding database path with different value: C:\Users\cheoljun99\.stmcufinder\plugins\mcufinder/ => C:\Users\cheoljun99\.stmcufinder\plugins\mcufinder
2024-10-25 21:10:18,559 [INFO] DbMcusAds:125 - Set database path to: C:\Users\cheoljun99\.stmcufinder\plugins\mcufinder//mcu/
2024-10-25 21:10:18,559 [WARN] DbFile:41 - Overriding database path with different value: C:\Users\cheoljun99\.stmcufinder\plugins\mcufinder/ => C:\Users\cheoljun99\.stmcufinder\plugins\mcufinder
2024-10-25 21:10:18,559 [WARN] DbFile:41 - Overriding database path with different value: C:\Users\cheoljun99\.stmcufinder\plugins\mcufinder/ => C:\Users\cheoljun99\.stmcufinder\plugins\mcufinder
2024-10-25 21:10:18,559 [INFO] CrossReferenceDbSqlite:203 - Set database path to: C:\Users\cheoljun99\.stmcufinder\plugins\mcufinder//mcu/cs/
2024-10-25 21:10:18,572 [INFO] ApplicationProperties:184 - Using Application install path: C:\ST\STM32CubeIDE_1.16.1\STM32CubeIDE\plugins\com.st.stm32cube.common.mx_6.12.1.202409122256
2024-10-25 21:10:18,573 [INFO] PluginManage:196 - Search for loadable plugins [exclusion list=, ]
2024-10-25 21:10:18,574 [INFO] PluginManage:310 - Check plugin analytics
2024-10-25 21:10:18,850 [INFO] AnalyticsPlugin:253 - Accepted Software Licenses: 
2024-10-25 21:10:18,850 [INFO] AnalyticsPlugin:255 - Accepted CMSIS Pack Licenses: 
2024-10-25 21:10:18,850 [INFO] AnalyticsPlugin:257 - Accepted Firmware Licenses: FW.F4.1.28.0,FW.L5.1.5.0
2024-10-25 21:10:18,854 [INFO] PluginManage:359 - Loaded plugin analytics (category:tool,tabindex:-1)
2024-10-25 21:10:18,855 [INFO] PluginManage:310 - Check plugin cadmodel
2024-10-25 21:10:18,869 [INFO] CADModel:105 - Init CAD model plugin
2024-10-25 21:10:18,869 [INFO] PluginManage:359 - Loaded plugin cadmodel (category:power,tabindex:5)
2024-10-25 21:10:18,869 [INFO] PluginManage:310 - Check plugin clock
2024-10-25 21:10:18,893 [INFO] PluginManage:359 - Loaded plugin clock (category:base,tabindex:2)
2024-10-25 21:10:18,893 [INFO] PluginManage:310 - Check plugin ddr
2024-10-25 21:10:18,896 [INFO] PluginManage:359 - Loaded plugin ddr (category:tool,tabindex:6)
2024-10-25 21:10:18,897 [INFO] PluginManage:310 - Check plugin filemanager
2024-10-25 21:10:19,043 [INFO] PluginManage:359 - Loaded plugin filemanager (category:base,tabindex:10)
2024-10-25 21:10:19,043 [INFO] PluginManage:310 - Check plugin ipmanager
2024-10-25 21:10:19,049 [INFO] PluginManage:359 - Loaded plugin ipmanager (category:base,tabindex:5)
2024-10-25 21:10:19,049 [INFO] PluginManage:310 - Check plugin lpbam
2024-10-25 21:10:19,064 [INFO] PluginManage:359 - Loaded plugin lpbam (category:base,tabindex:0)
2024-10-25 21:10:19,064 [INFO] PluginManage:310 - Check plugin memorymap
2024-10-25 21:10:19,085 [INFO] PluginManage:359 - Loaded plugin memorymap (category:base,tabindex:4)
2024-10-25 21:10:19,085 [INFO] PluginManage:310 - Check plugin pinoutandconfiguration
2024-10-25 21:10:19,099 [INFO] PluginManage:359 - Loaded plugin pinoutandconfiguration (category:base,tabindex:1)
2024-10-25 21:10:19,099 [INFO] PluginManage:310 - Check plugin pinoutconfig
2024-10-25 21:10:19,200 [WARN] SupportedApi:132 - Cannot load RTOS API schema: s4s-elt-must-match.1: The content of 'definitions' must match (annotation?, (simpleType | complexType)?, (unique | key | keyref)*)). A problem was found starting at: attribute.
2024-10-25 21:10:19,313 [INFO] PluginManage:359 - Loaded plugin pinoutconfig (category:base,tabindex:0)
2024-10-25 21:10:19,313 [INFO] PluginManage:310 - Check plugin power
2024-10-25 21:10:19,327 [INFO] PluginManage:359 - Loaded plugin power (category:power,tabindex:4)
2024-10-25 21:10:19,327 [INFO] PluginManage:310 - Check plugin projectmanager
2024-10-25 21:10:19,339 [INFO] PluginManage:359 - Loaded plugin projectmanager (category:projectmanager,tabindex:4)
2024-10-25 21:10:19,339 [INFO] PluginManage:310 - Check plugin rif
2024-10-25 21:10:19,351 [INFO] PluginManage:359 - Loaded plugin rif (category:base,tabindex:3)
2024-10-25 21:10:19,352 [INFO] PluginManage:310 - Check plugin thirdparty
2024-10-25 21:10:19,564 [WARN] IntegrityCheckThread:84 - waiting for thirdparty lock release [integrity check]
2024-10-25 21:10:19,564 [INFO] PluginManage:359 - Loaded plugin thirdparty (category:base,tabindex:-1)
2024-10-25 21:10:19,564 [INFO] IntegrityCheckThread:86 - entering critical section [integrity check]
2024-10-25 21:10:19,564 [INFO] PluginManage:310 - Check plugin tools
2024-10-25 21:10:19,567 [INFO] ThirdPartyUpdaterWithRetryManager:70 - Updater plugin not ready yet. [1/15]
2024-10-25 21:10:19,592 [INFO] PluginManage:359 - Loaded plugin tools (category:base,tabindex:7)
2024-10-25 21:10:19,592 [INFO] PluginManage:310 - Check plugin tutovideos
2024-10-25 21:10:19,753 [INFO] PluginManage:359 - Loaded plugin tutovideos (category:base,tabindex:-1)
2024-10-25 21:10:19,753 [INFO] PluginManage:310 - Check plugin updater
2024-10-25 21:10:19,767 [INFO] PluginManage:359 - Loaded plugin updater (category:base,tabindex:12)
2024-10-25 21:10:19,767 [INFO] PluginManage:310 - Check plugin userauth
2024-10-25 21:10:19,772 [INFO] UserAuth:113 - Init User Auth plugin
2024-10-25 21:10:19,772 [INFO] PluginManage:359 - Loaded plugin userauth (category:base,tabindex:14)
2024-10-25 21:10:19,773 [INFO] PluginManage:283 - PluginManage : Loaded plugins [18]
2024-10-25 21:10:19,929 [INFO] PinOutPanel:1561 - setPackage(No Configuration,No Configuration)
2024-10-25 21:10:19,995 [INFO] CADModel:165 - CPN selected for project level
2024-10-25 21:10:19,996 [INFO] CADModel:114 - Register for checkConnection events
2024-10-25 21:10:20,023 [INFO] IPUIPlugin:80 - create IPUIPlugin
2024-10-25 21:10:20,023 [INFO] PluginManager:220 - loadIPPluginJar : add adc
2024-10-25 21:10:20,059 [INFO] IPUIPlugin:80 - create IPUIPlugin
2024-10-25 21:10:20,059 [INFO] PluginManager:220 - loadIPPluginJar : add aes
2024-10-25 21:10:20,088 [INFO] IPUIPlugin:80 - create IPUIPlugin
2024-10-25 21:10:20,088 [INFO] PluginManager:220 - loadIPPluginJar : add can
2024-10-25 21:10:20,106 [INFO] IPUIPlugin:80 - create IPUIPlugin
2024-10-25 21:10:20,106 [INFO] PluginManager:220 - loadIPPluginJar : add comp
2024-10-25 21:10:20,130 [INFO] IPUIPlugin:80 - create IPUIPlugin
2024-10-25 21:10:20,130 [INFO] PluginManager:220 - loadIPPluginJar : add cryp
2024-10-25 21:10:20,144 [INFO] IPUIPlugin:80 - create IPUIPlugin
2024-10-25 21:10:20,144 [INFO] PluginManager:220 - loadIPPluginJar : add ddr_ctrl_phy
2024-10-25 21:10:20,168 [INFO] IPUIPlugin:80 - create IPUIPlugin
2024-10-25 21:10:20,168 [INFO] PluginManager:220 - loadIPPluginJar : add dfsdm
2024-10-25 21:10:20,185 [INFO] IPUIPlugin:80 - create IPUIPlugin
2024-10-25 21:10:20,186 [INFO] PluginManager:220 - loadIPPluginJar : add dma
2024-10-25 21:10:20,218 [INFO] IPUIPlugin:80 - create IPUIPlugin
2024-10-25 21:10:20,218 [INFO] PluginManager:220 - loadIPPluginJar : add dma3
2024-10-25 21:10:20,251 [INFO] IPUIPlugin:80 - create IPUIPlugin
2024-10-25 21:10:20,251 [INFO] PluginManager:220 - loadIPPluginJar : add extmemmanager
2024-10-25 21:10:20,267 [INFO] IPUIPlugin:80 - create IPUIPlugin
2024-10-25 21:10:20,267 [INFO] PluginManager:220 - loadIPPluginJar : add fatfs
2024-10-25 21:10:20,303 [INFO] IPUIPlugin:80 - create IPUIPlugin
2024-10-25 21:10:20,303 [INFO] PluginManager:220 - loadIPPluginJar : add fmc
2024-10-25 21:10:20,314 [INFO] IPUIPlugin:80 - create IPUIPlugin
2024-10-25 21:10:20,314 [INFO] PluginManager:220 - loadIPPluginJar : add freertos
2024-10-25 21:10:20,329 [INFO] IPUIPlugin:80 - create IPUIPlugin
2024-10-25 21:10:20,329 [INFO] PluginManager:220 - loadIPPluginJar : add genericplugin
2024-10-25 21:10:20,393 [INFO] IPUIPlugin:80 - create IPUIPlugin
2024-10-25 21:10:20,393 [INFO] PluginManager:220 - loadIPPluginJar : add gfxmmu
2024-10-25 21:10:20,489 [INFO] IPUIPlugin:80 - create IPUIPlugin
2024-10-25 21:10:20,489 [INFO] PluginManager:220 - loadIPPluginJar : add gic
2024-10-25 21:10:20,498 [INFO] IPUIPlugin:80 - create IPUIPlugin
2024-10-25 21:10:20,498 [INFO] PluginManager:220 - loadIPPluginJar : add gpio
2024-10-25 21:10:20,567 [INFO] IPUIPlugin:80 - create IPUIPlugin
2024-10-25 21:10:20,567 [INFO] PluginManager:220 - loadIPPluginJar : add gtzc
2024-10-25 21:10:20,590 [INFO] IPUIPlugin:80 - create IPUIPlugin
2024-10-25 21:10:20,590 [INFO] PluginManager:220 - loadIPPluginJar : add hash
2024-10-25 21:10:20,626 [INFO] IPUIPlugin:80 - create IPUIPlugin
2024-10-25 21:10:20,626 [INFO] PluginManager:220 - loadIPPluginJar : add i2c
2024-10-25 21:10:20,653 [INFO] IPUIPlugin:80 - create IPUIPlugin
2024-10-25 21:10:20,653 [INFO] PluginManager:220 - loadIPPluginJar : add i2s
2024-10-25 21:10:20,682 [INFO] IPUIPlugin:80 - create IPUIPlugin
2024-10-25 21:10:20,682 [INFO] PluginManager:220 - loadIPPluginJar : add i3c
2024-10-25 21:10:20,762 [INFO] IPUIPlugin:80 - create IPUIPlugin
2024-10-25 21:10:20,762 [INFO] PluginManager:220 - loadIPPluginJar : add ipddr
2024-10-25 21:10:20,839 [INFO] IPUIPlugin:80 - create IPUIPlugin
2024-10-25 21:10:20,839 [INFO] PluginManager:220 - loadIPPluginJar : add linkedlist
2024-10-25 21:10:20,867 [INFO] IPUIPlugin:80 - create IPUIPlugin
2024-10-25 21:10:20,867 [INFO] PluginManager:220 - loadIPPluginJar : add lorawan
2024-10-25 21:10:20,893 [INFO] IPUIPlugin:80 - create IPUIPlugin
2024-10-25 21:10:20,893 [INFO] PluginManager:220 - loadIPPluginJar : add ltdc
2024-10-25 21:10:20,903 [INFO] IPUIPlugin:80 - create IPUIPlugin
2024-10-25 21:10:20,903 [INFO] PluginManager:220 - loadIPPluginJar : add mdma
2024-10-25 21:10:20,914 [INFO] IPUIPlugin:80 - create IPUIPlugin
2024-10-25 21:10:20,914 [INFO] PluginManager:220 - loadIPPluginJar : add nvic
2024-10-25 21:10:20,942 [INFO] IPUIPlugin:80 - create IPUIPlugin
2024-10-25 21:10:20,942 [INFO] PluginManager:220 - loadIPPluginJar : add opamp
2024-10-25 21:10:20,987 [INFO] IPUIPlugin:80 - create IPUIPlugin
2024-10-25 21:10:20,987 [INFO] PluginManager:220 - loadIPPluginJar : add openamp
2024-10-25 21:10:21,016 [INFO] IPUIPlugin:80 - create IPUIPlugin
2024-10-25 21:10:21,016 [INFO] PluginManager:220 - loadIPPluginJar : add pdm2pcm
2024-10-25 21:10:21,028 [INFO] IPUIPlugin:80 - create IPUIPlugin
2024-10-25 21:10:21,030 [INFO] PluginManager:220 - loadIPPluginJar : add plateformsettings
2024-10-25 21:10:21,045 [INFO] IPUIPlugin:80 - create IPUIPlugin
2024-10-25 21:10:21,045 [INFO] PluginManager:220 - loadIPPluginJar : add quadspi
2024-10-25 21:10:21,063 [INFO] IPUIPlugin:80 - create IPUIPlugin
2024-10-25 21:10:21,064 [INFO] PluginManager:220 - loadIPPluginJar : add radio
2024-10-25 21:10:21,075 [INFO] IPUIPlugin:80 - create IPUIPlugin
2024-10-25 21:10:21,075 [INFO] PluginManager:220 - loadIPPluginJar : add resmgrutility
2024-10-25 21:10:21,108 [INFO] IPUIPlugin:80 - create IPUIPlugin
2024-10-25 21:10:21,108 [INFO] PluginManager:220 - loadIPPluginJar : add sai
2024-10-25 21:10:21,134 [INFO] IPUIPlugin:80 - create IPUIPlugin
2024-10-25 21:10:21,135 [INFO] PluginManager:220 - loadIPPluginJar : add spi
2024-10-25 21:10:21,189 [INFO] IPUIPlugin:80 - create IPUIPlugin
2024-10-25 21:10:21,189 [INFO] PluginManager:220 - loadIPPluginJar : add stm32_wpan
2024-10-25 21:10:21,206 [INFO] IPUIPlugin:80 - create IPUIPlugin
2024-10-25 21:10:21,206 [INFO] PluginManager:220 - loadIPPluginJar : add tim
2024-10-25 21:10:21,247 [INFO] IPUIPlugin:80 - create IPUIPlugin
2024-10-25 21:10:21,247 [INFO] PluginManager:220 - loadIPPluginJar : add touchsensing
2024-10-25 21:10:21,264 [INFO] IPUIPlugin:80 - create IPUIPlugin
2024-10-25 21:10:21,264 [INFO] PluginManager:220 - loadIPPluginJar : add tracer_emb
2024-10-25 21:10:21,267 [INFO] IPUIPlugin:80 - create IPUIPlugin
2024-10-25 21:10:21,268 [INFO] PluginManager:220 - loadIPPluginJar : add ts
2024-10-25 21:10:21,285 [INFO] IPUIPlugin:80 - create IPUIPlugin
2024-10-25 21:10:21,285 [INFO] PluginManager:220 - loadIPPluginJar : add tsc
2024-10-25 21:10:21,301 [INFO] IPUIPlugin:80 - create IPUIPlugin
2024-10-25 21:10:21,301 [INFO] PluginManager:220 - loadIPPluginJar : add ucpd
2024-10-25 21:10:21,332 [INFO] IPUIPlugin:80 - create IPUIPlugin
2024-10-25 21:10:21,332 [INFO] PluginManager:220 - loadIPPluginJar : add usart
2024-10-25 21:10:21,363 [INFO] IPUIPlugin:80 - create IPUIPlugin
2024-10-25 21:10:21,363 [INFO] PluginManager:220 - loadIPPluginJar : add usbx
2024-10-25 21:10:21,474 [INFO] CADModel:165 - CPN selected for project level
2024-10-25 21:10:21,474 [INFO] CADModel:114 - Register for checkConnection events
2024-10-25 21:10:21,474 [FATAL] Updater:334 - Updater called before beeing initialized
2024-10-25 21:10:21,474 [ERROR] CADModel:125 - Updater not yet initialized, retry later 
2024-10-25 21:10:21,577 [INFO] CADModel:165 - CPN selected for project level
2024-10-25 21:10:21,577 [INFO] CADModel:114 - Register for checkConnection events
2024-10-25 21:10:21,577 [FATAL] Updater:334 - Updater called before beeing initialized
2024-10-25 21:10:21,577 [ERROR] CADModel:125 - Updater not yet initialized, retry later 
2024-10-25 21:10:21,580 [FATAL] Updater:334 - Updater called before beeing initialized
2024-10-25 21:10:21,707 [FATAL] Updater:334 - Updater called before beeing initialized
2024-10-25 21:10:21,719 [INFO] DbMcusAds:53 - JSON generation date=Fri Sep 20 22:04:38 KST 2024 (1726837478367)
2024-10-25 21:10:21,719 [FATAL] Updater:334 - Updater called before beeing initialized
2024-10-25 21:10:21,746 [WARN] DetailPanel:346 - Failed to get advertising image, set to default
2024-10-25 21:10:21,805 [FATAL] Updater:334 - Updater called before beeing initialized
2024-10-25 21:10:21,807 [FATAL] Updater:334 - Updater called before beeing initialized
2024-10-25 21:10:21,807 [FATAL] Updater:334 - Updater called before beeing initialized
2024-10-25 21:10:21,807 [WARN] DetailPanel:346 - Failed to get advertising image, set to default
2024-10-25 21:10:21,808 [FATAL] Updater:334 - Updater called before beeing initialized
2024-10-25 21:10:21,863 [ERROR] Updater:1164 - MainUpdater not yet initialized. External WinMGr cannot be set.
2024-10-25 21:10:21,872 [INFO] Updater:1100 - Updater Version found : 6.12.1
2024-10-25 21:10:21,888 [INFO] ApplicationProperties:184 - Using Application install path: C:\ST\STM32CubeIDE_1.16.1\STM32CubeIDE\plugins\com.st.stm32cube.common.mx_6.12.1.202409122256
2024-10-25 21:10:22,567 [INFO] ThirdPartyUpdaterWithRetryManager:70 - Updater plugin not ready yet. [2/15]
2024-10-25 21:10:23,462 [ERROR] LogOutputStream:75 - [STDERR_REDIRECT] Oct 25, 2024 9:10:23 PM java.util.prefs.WindowsPreferences <init>
2024-10-25 21:10:23,463 [ERROR] LogOutputStream:75 - [STDERR_REDIRECT] WARNING: Could not open/create prefs root node Software\JavaSoft\Prefs at root 0xffffffff80000002. Windows RegCreateKeyEx(...) returned error code 5.
2024-10-25 21:10:23,463 [ERROR] LogOutputStream:75 - [STDERR_REDIRECT] 
2024-10-25 21:10:24,158 [INFO] MainUpdater:2873 - connection check result : 10
2024-10-25 21:10:24,159 [INFO] MainUpdater:290 - Updater Check For Update Now.
2024-10-25 21:10:24,159 [INFO] MicroXplorer:498 - Change Database Version : DB.6.0.121
2024-10-25 21:10:24,175 [INFO] McuFinderGlobals:63 - Set McuFinder mode to 2 (CubeIDE integrated)
2024-10-25 21:10:24,181 [INFO] UserAuth:417 - Internet connection configuration mode: 1
2024-10-25 21:10:24,226 [INFO] JxBrowserEngine:152 - Initiate JxBrowser Engine with user profile folder
2024-10-25 21:10:24,372 [INFO] CheckServerUpdateThread:120 - End of CheckServer Thread
2024-10-25 21:10:25,688 [WARN] PackLoader:240 - Cannot read IP mode file for STMicroelectronics.FP-SNS-MOTENVWB1.1.4.0
2024-10-25 21:10:25,699 [WARN] PackLoader:240 - Cannot read IP mode file for STMicroelectronics.X-CUBE-SMBUS.2.1.0
2024-10-25 21:10:25,714 [WARN] PackLoader:240 - Cannot read IP mode file for STMicroelectronics.X-CUBE-WB05N.1.1.0
2024-10-25 21:10:25,763 [WARN] PackLoader:240 - Cannot read IP mode file for STMicroelectronics.X-CUBE-AZRTOS-F7.1.1.0
2024-10-25 21:10:25,821 [WARN] PackLoader:240 - Cannot read IP mode file for STMicroelectronics.X-CUBE-MEMS1.11.0.0
2024-10-25 21:10:25,932 [WARN] PackLoader:240 - Cannot read IP mode file for STMicroelectronics.FP-SNS-FLIGHT1.5.0.2
2024-10-25 21:10:25,964 [WARN] PackLoader:240 - Cannot read IP mode file for STMicroelectronics.X-CUBE-DISPLAY.3.0.0
2024-10-25 21:10:25,985 [WARN] PackLoader:240 - Cannot read IP mode file for STMicroelectronics.X-CUBE-BLE1.7.0.0
2024-10-25 21:10:26,000 [WARN] PackLoader:240 - Cannot read IP mode file for STMicroelectronics.X-CUBE-NFC10.1.0.0
2024-10-25 21:10:26,015 [WARN] PackLoader:240 - Cannot read IP mode file for emotas.I-CUBE-CANOPEN.1.3.0
2024-10-25 21:10:26,030 [WARN] PackLoader:240 - Cannot read IP mode file for STMicroelectronics.X-CUBE-BLEMGR.3.1.0
2024-10-25 21:10:26,044 [WARN] PackLoader:240 - Cannot read IP mode file for STMicroelectronics.FP-SNS-SMARTAG2.1.2.0
2024-10-25 21:10:26,060 [INFO] LogOutputStream:77 - [STDOUT_REDIRECT] 1 : Invalid condition id : UX_CORESTACK_Condition cause : null
2024-10-25 21:10:26,061 [INFO] LogOutputStream:77 - [STDOUT_REDIRECT] 1 : Invalid condition id : UX_CORESTACK_Condition cause : null
2024-10-25 21:10:26,063 [INFO] LogOutputStream:77 - [STDOUT_REDIRECT] 1 : Invalid condition id : UX_CORESTACK_Condition cause : null
2024-10-25 21:10:26,064 [INFO] LogOutputStream:77 - [STDOUT_REDIRECT] 1 : Invalid condition id : UX_CORESTACK_Condition cause : null
2024-10-25 21:10:26,065 [INFO] LogOutputStream:77 - [STDOUT_REDIRECT] 1 : Invalid condition id : UX_CORESTACK_Condition cause : null
2024-10-25 21:10:26,070 [WARN] PackLoader:240 - Cannot read IP mode file for STMicroelectronics.X-CUBE-AZRTOS-WL.2.0.0
2024-10-25 21:10:26,083 [WARN] PackLoader:240 - Cannot read IP mode file for STMicroelectronics.FP-SNS-MOTENV1.5.0.0
2024-10-25 21:10:26,095 [WARN] PackLoader:240 - Cannot read IP mode file for wolfSSL.I-CUBE-wolfMQTT.1.19.0
2024-10-25 21:10:26,111 [WARN] PackLoader:240 - Cannot read IP mode file for WES.I-CUBE-Cesium.1.3.0
2024-10-25 21:10:26,122 [WARN] PackLoader:240 - Cannot read IP mode file for STMicroelectronics.X-CUBE-BLE2.3.3.0
2024-10-25 21:10:26,135 [WARN] PackLoader:240 - Cannot read IP mode file for STMicroelectronics.X-CUBE-NFC9.1.0.0
2024-10-25 21:10:26,146 [WARN] PackLoader:240 - Cannot read IP mode file for STMicroelectronics.X-CUBE-TCPP.4.1.0
2024-10-25 21:10:26,166 [WARN] PackLoader:240 - Cannot read IP mode file for STMicroelectronics.X-CUBE-AZRTOS-G0.1.1.0
2024-10-25 21:10:26,180 [WARN] PackLoader:240 - Cannot read IP mode file for STMicroelectronics.X-CUBE-SAFEA1.1.2.2
2024-10-25 21:10:26,193 [WARN] PackLoader:240 - Cannot read IP mode file for STMicroelectronics.X-CUBE-NFC4.3.0.0
2024-10-25 21:10:26,211 [WARN] PackLoader:240 - Cannot read IP mode file for EmbeddedOffice.I-CUBE-FS-RTOS.1.0.1
2024-10-25 21:10:26,212 [ERROR] ConditionMgr:805 - Attr not supported : Dmpu
2024-10-25 21:10:26,213 [ERROR] ConditionMgr:805 - Attr not supported : Dmpu
2024-10-25 21:10:26,213 [ERROR] ConditionMgr:805 - Attr not supported : Dmpu
2024-10-25 21:10:26,213 [ERROR] ConditionMgr:805 - Attr not supported : Dmpu
2024-10-25 21:10:26,213 [ERROR] ConditionMgr:805 - Attr not supported : Dmpu
2024-10-25 21:10:26,213 [ERROR] ConditionMgr:805 - Attr not supported : Dmpu
2024-10-25 21:10:26,213 [ERROR] ConditionMgr:805 - Attr not supported : Dmpu
2024-10-25 21:10:26,213 [ERROR] ConditionMgr:805 - Attr not supported : Dmpu
2024-10-25 21:10:26,213 [ERROR] ConditionMgr:805 - Attr not supported : Dmpu
2024-10-25 21:10:26,213 [ERROR] ConditionMgr:805 - Attr not supported : Dmpu
2024-10-25 21:10:26,213 [ERROR] ConditionMgr:805 - Attr not supported : Dmpu
2024-10-25 21:10:26,213 [ERROR] ConditionMgr:805 - Attr not supported : Dmpu
2024-10-25 21:10:26,213 [ERROR] ConditionMgr:805 - Attr not supported : Dmpu
2024-10-25 21:10:26,213 [ERROR] ConditionMgr:805 - Attr not supported : Dmpu
2024-10-25 21:10:26,213 [ERROR] ConditionMgr:805 - Attr not supported : Dmpu
2024-10-25 21:10:26,213 [ERROR] ConditionMgr:805 - Attr not supported : Dmpu
2024-10-25 21:10:26,213 [ERROR] ConditionMgr:805 - Attr not supported : Dmpu
2024-10-25 21:10:26,213 [ERROR] ConditionMgr:805 - Attr not supported : Dmpu
2024-10-25 21:10:26,213 [ERROR] ConditionMgr:805 - Attr not supported : Dmpu
2024-10-25 21:10:26,214 [ERROR] ConditionMgr:805 - Attr not supported : Dmpu
2024-10-25 21:10:26,214 [ERROR] ConditionMgr:805 - Attr not supported : Dmpu
2024-10-25 21:10:26,214 [ERROR] ConditionMgr:805 - Attr not supported : Dmpu
2024-10-25 21:10:26,214 [ERROR] ConditionMgr:805 - Attr not supported : Dmpu
2024-10-25 21:10:26,214 [ERROR] ConditionMgr:805 - Attr not supported : Dmpu
2024-10-25 21:10:26,214 [ERROR] ConditionMgr:805 - Attr not supported : Dmpu
2024-10-25 21:10:26,214 [ERROR] ConditionMgr:805 - Attr not supported : Dmpu
2024-10-25 21:10:26,215 [ERROR] ConditionMgr:805 - Attr not supported : Dmpu
2024-10-25 21:10:26,215 [ERROR] ConditionMgr:805 - Attr not supported : Dmpu
2024-10-25 21:10:26,215 [ERROR] ConditionMgr:805 - Attr not supported : Dmpu
2024-10-25 21:10:26,215 [ERROR] ConditionMgr:805 - Attr not supported : Dmpu
2024-10-25 21:10:26,215 [ERROR] ConditionMgr:805 - Attr not supported : Dmpu
2024-10-25 21:10:26,215 [ERROR] ConditionMgr:805 - Attr not supported : Dmpu
2024-10-25 21:10:26,215 [ERROR] ConditionMgr:805 - Attr not supported : Dmpu
2024-10-25 21:10:26,215 [ERROR] ConditionMgr:805 - Attr not supported : Dmpu
2024-10-25 21:10:26,216 [ERROR] ConditionMgr:805 - Attr not supported : Dmpu
2024-10-25 21:10:26,216 [ERROR] ConditionMgr:805 - Attr not supported : Dmpu
2024-10-25 21:10:26,216 [ERROR] ConditionMgr:805 - Attr not supported : Dmpu
2024-10-25 21:10:26,216 [ERROR] ConditionMgr:805 - Attr not supported : Dmpu
2024-10-25 21:10:26,216 [ERROR] ConditionMgr:805 - Attr not supported : Dmpu
2024-10-25 21:10:26,216 [ERROR] ConditionMgr:805 - Attr not supported : Dmpu
2024-10-25 21:10:26,216 [ERROR] ConditionMgr:805 - Attr not supported : Dmpu
2024-10-25 21:10:26,216 [ERROR] ConditionMgr:805 - Attr not supported : Dmpu
2024-10-25 21:10:26,216 [ERROR] ConditionMgr:805 - Attr not supported : Dmpu
2024-10-25 21:10:26,216 [ERROR] ConditionMgr:805 - Attr not supported : Dmpu
2024-10-25 21:10:26,216 [ERROR] ConditionMgr:805 - Attr not supported : Dmpu
2024-10-25 21:10:26,216 [ERROR] ConditionMgr:805 - Attr not supported : Dmpu
2024-10-25 21:10:26,217 [ERROR] ConditionMgr:805 - Attr not supported : Dmpu
2024-10-25 21:10:26,217 [ERROR] ConditionMgr:805 - Attr not supported : Dmpu
2024-10-25 21:10:26,217 [ERROR] ConditionMgr:805 - Attr not supported : Dmpu
2024-10-25 21:10:26,217 [ERROR] ConditionMgr:805 - Attr not supported : Dmpu
2024-10-25 21:10:26,217 [ERROR] ConditionMgr:805 - Attr not supported : Dmpu
2024-10-25 21:10:26,217 [ERROR] ConditionMgr:805 - Attr not supported : Dmpu
2024-10-25 21:10:26,217 [ERROR] ConditionMgr:805 - Attr not supported : Dmpu
2024-10-25 21:10:26,217 [ERROR] ConditionMgr:805 - Attr not supported : Dmpu
2024-10-25 21:10:26,217 [ERROR] ConditionMgr:805 - Attr not supported : Dmpu
2024-10-25 21:10:26,217 [ERROR] ConditionMgr:805 - Attr not supported : Dmpu
2024-10-25 21:10:26,217 [ERROR] ConditionMgr:805 - Attr not supported : Dmpu
2024-10-25 21:10:26,218 [ERROR] ConditionMgr:805 - Attr not supported : Dmpu
2024-10-25 21:10:26,218 [ERROR] ConditionMgr:805 - Attr not supported : Dmpu
2024-10-25 21:10:26,218 [ERROR] ConditionMgr:805 - Attr not supported : Dmpu
2024-10-25 21:10:26,218 [ERROR] ConditionMgr:805 - Attr not supported : Dmpu
2024-10-25 21:10:26,218 [ERROR] ConditionMgr:805 - Attr not supported : Dmpu
2024-10-25 21:10:26,218 [ERROR] ConditionMgr:805 - Attr not supported : Dmpu
2024-10-25 21:10:26,218 [ERROR] ConditionMgr:805 - Attr not supported : Dmpu
2024-10-25 21:10:26,233 [WARN] PackLoader:240 - Cannot read IP mode file for RealThread.X-CUBE-RT-Thread_Nano.4.1.1
2024-10-25 21:10:26,243 [WARN] PackLoader:240 - Cannot read IP mode file for STMicroelectronics.FP-ATR-SIGFOX1.3.2.0
2024-10-25 21:10:26,255 [WARN] PackLoader:240 - Cannot read IP mode file for wolfSSL.I-CUBE-wolfSSL.5.7.2
2024-10-25 21:10:26,272 [WARN] PackLoader:240 - Cannot read IP mode file for STMicroelectronics.X-CUBE-EEPRMA1.5.1.0
2024-10-25 21:10:26,290 [WARN] PackLoader:240 - Cannot read IP mode file for ITTIA_DB.I-CUBE-ITTIADB.8.9.0
2024-10-25 21:10:26,324 [WARN] PackLoader:240 - Cannot read IP mode file for SEGGER.I-CUBE-embOS.1.3.1
2024-10-25 21:10:26,367 [WARN] PackLoader:240 - Cannot read IP mode file for STMicroelectronics.X-CUBE-ALGOBUILD.1.4.0
2024-10-25 21:10:26,378 [WARN] PackLoader:240 - Cannot read IP mode file for STMicroelectronics.X-CUBE-AI.9.1.0
2024-10-25 21:10:26,405 [WARN] PackLoader:240 - Cannot read IP mode file for STMicroelectronics.X-CUBE-AZRTOS-F4.1.1.0
2024-10-25 21:10:26,418 [WARN] PackLoader:240 - Cannot read IP mode file for STMicroelectronics.X-CUBE-ISPU.2.1.0
2024-10-25 21:10:26,429 [WARN] PackLoader:240 - Cannot read IP mode file for STMicroelectronics.X-CUBE-FREERTOS.1.2.0
2024-10-25 21:10:26,452 [WARN] PackLoader:240 - Cannot read IP mode file for STMicroelectronics.X-CUBE-AZRTOS-L5.2.0.0
2024-10-25 21:10:26,466 [WARN] PackLoader:240 - Cannot read IP mode file for STMicroelectronics.X-CUBE-NFC6.3.1.0
2024-10-25 21:10:26,477 [WARN] PackLoader:240 - Cannot read IP mode file for STMicroelectronics.X-CUBE-DPower.1.2.0
2024-10-25 21:10:26,488 [WARN] PackLoader:240 - Cannot read IP mode file for STMicroelectronics.X-CUBE-NFC7.1.0.1
2024-10-25 21:10:26,516 [WARN] ConditionMgr:438 - getConditionDescription Invalid condition id : LAN8742 Phy interface Condition cause : null
2024-10-25 21:10:26,517 [WARN] PackLoader:240 - Cannot read IP mode file for STMicroelectronics.X-CUBE-AZRTOS-L4.2.0.0
2024-10-25 21:10:26,517 [WARN] ConditionMgr:1039 - genDependencies : Invalid condition id : LAN8742 Phy interface Condition cause : null
2024-10-25 21:10:26,518 [WARN] ConditionMgr:1039 - genDependencies : Invalid condition id : LAN8742 Phy interface Condition cause : null
2024-10-25 21:10:26,518 [WARN] ConditionMgr:1039 - genDependencies : Invalid condition id : LAN8742 Phy interface Condition cause : null
2024-10-25 21:10:26,530 [WARN] PackLoader:240 - Cannot read IP mode file for STMicroelectronics.X-CUBE-SFXS2LP1.4.0.0
2024-10-25 21:10:26,563 [WARN] PackLoader:240 - Cannot read IP mode file for STMicroelectronics.X-CUBE-AZRTOS-H7.3.3.0
2024-10-25 21:10:26,585 [WARN] PackLoader:240 - Cannot read IP mode file for STMicroelectronics.X-CUBE-IPS.3.0.0
2024-10-25 21:10:26,617 [WARN] ConditionMgr:438 - getConditionDescription Invalid condition id : UX DEVICE CLASS RTOS Condition cause : null
2024-10-25 21:10:26,617 [WARN] ConditionMgr:438 - getConditionDescription Invalid condition id : UX DEVICE CLASS RTOS Condition cause : null
2024-10-25 21:10:26,619 [WARN] PackLoader:240 - Cannot read IP mode file for STMicroelectronics.X-CUBE-AZRTOS-WB.2.0.0
2024-10-25 21:10:26,619 [WARN] ConditionMgr:1039 - genDependencies : Invalid condition id : UX DEVICE CLASS RTOS Condition cause : null
2024-10-25 21:10:26,619 [WARN] ConditionMgr:1039 - genDependencies : Invalid condition id : UX DEVICE CLASS RTOS Condition cause : null
2024-10-25 21:10:26,619 [WARN] ConditionMgr:1039 - genDependencies : Invalid condition id : UX DEVICE CLASS RTOS Condition cause : null
2024-10-25 21:10:26,619 [WARN] ConditionMgr:1039 - genDependencies : Invalid condition id : UX DEVICE CLASS RTOS Condition cause : null
2024-10-25 21:10:26,620 [WARN] ConditionMgr:1039 - genDependencies : Invalid condition id : UX DEVICE CLASS RTOS Condition cause : null
2024-10-25 21:10:26,630 [WARN] PackLoader:240 - Cannot read IP mode file for STMicroelectronics.X-CUBE-GNSS1.7.0.0
2024-10-25 21:10:26,642 [WARN] PackLoader:240 - Cannot read IP mode file for STMicroelectronics.FP-SNS-STBOX1.2.0.0
2024-10-25 21:10:26,656 [WARN] PackLoader:240 - Cannot read IP mode file for STMicroelectronics.X-CUBE-SUBG2.5.0.0
2024-10-25 21:10:26,668 [WARN] PackLoader:240 - Cannot read IP mode file for Cesanta.I-CUBE-Mongoose.7.13.0
2024-10-25 21:10:26,686 [WARN] PackLoader:240 - Cannot read IP mode file for STMicroelectronics.X-CUBE-AZRTOS-G4.2.0.0
2024-10-25 21:10:26,696 [WARN] PackLoader:240 - Cannot read IP mode file for STMicroelectronics.X-CUBE-ALS.1.0.2
2024-10-25 21:10:26,709 [WARN] PackLoader:240 - Cannot read IP mode file for STMicroelectronics.X-CUBE-TOUCHGFX.4.24.1
2024-10-25 21:10:26,720 [WARN] PackLoader:240 - Cannot read IP mode file for wolfSSL.I-CUBE-wolfTPM.3.4.0
2024-10-25 21:10:26,731 [WARN] PackLoader:240 - Cannot read IP mode file for portGmbH.I-Cube-SoM-uGOAL.1.1.0
2024-10-25 21:10:26,755 [WARN] PackLoader:240 - Cannot read IP mode file for STMicroelectronics.X-CUBE-AZRTOS-H7RS.1.0.0
2024-10-25 21:10:26,767 [WARN] PackLoader:240 - Cannot read IP mode file for STMicroelectronics.FP-ATR-ASTRA1.2.0.0
2024-10-25 21:10:26,780 [WARN] PackLoader:240 - Cannot read IP mode file for STMicroelectronics.X-CUBE-TOF1.3.4.2
2024-10-25 21:10:26,809 [WARN] PackLoader:240 - Cannot read IP mode file for Infineon.AIROC-Wi-Fi-Bluetooth-STM32.1.6.1
2024-10-25 21:10:26,824 [WARN] PackLoader:240 - Cannot read IP mode file for wolfSSL.I-CUBE-wolfSSH.1.4.17
2024-10-25 21:10:26,825 [INFO] ThirdParty:978 - Integrity check success = true
2024-10-25 21:10:26,826 [INFO] IntegrityCheckThread:100 - exiting critical section [integrity check]
2024-10-25 21:10:26,826 [INFO] IntegrityCheckThread:103 - End integrity checks thread
2024-10-25 21:10:28,340 [INFO] WebApp:167 - Instantiating new browser for Auth
2024-10-25 21:10:28,961 [INFO] WebApp:448 - Apply proxy settings
2024-10-25 21:10:28,961 [INFO] WebApp:533 - Chromium requires no authentication
2024-10-25 21:10:28,972 [INFO] WebApp:476 - Direct internet connection detected
2024-10-25 21:10:28,996 [INFO] WebApp:869 - Register for checkConnection events
2024-10-25 21:10:28,996 [INFO] WebApp:448 - Apply proxy settings
2024-10-25 21:10:28,996 [INFO] WebApp:533 - Chromium requires no authentication
2024-10-25 21:10:28,997 [INFO] WebApp:476 - Direct internet connection detected
2024-10-25 21:10:29,142 [INFO] WebApp:220 - Starting web application
2024-10-25 21:10:29,142 [INFO] WebApp:578 - Web application path used C:\ST\STM32CubeIDE_1.16.1\STM32CubeIDE\plugins\com.st.stm32cube.common.mx_6.12.1.202409122256\db\plugins\mcufinder\reactClient1\index.html
2024-10-25 21:10:29,310 [INFO] WebApp:186 - Connection restablished
2024-10-25 21:10:29,312 [INFO] UserAuth:417 - Internet connection configuration mode: 1
2024-10-25 22:46:20,847 [ERROR] LogOutputStream:75 - [STDERR_REDIRECT] 
2024-10-25 22:46:20,850 [ERROR] LogOutputStream:75 - [STDERR_REDIRECT] 
