2024-10-08 03:18:33,745 [ERROR] LogOutputStream:75 - [STDERR_REDIRECT] 
2024-10-08 03:42:55,671 [INFO] Activator:176 - 


2024-10-08 03:42:55,676 [INFO] Activator:177 - !SESSION log4j initialized
2024-10-08 03:43:07,021 [INFO] LogOutputStream:77 - [STDOUT_REDIRECT] 
2024-10-08 03:43:12,884 [INFO] ApplicationProperties:184 - Using Application install path: C:\ST\STM32CubeIDE_1.16.1\STM32CubeIDE\plugins\com.st.stm32cube.common.mx_6.12.1.202409122256
2024-10-08 03:43:12,914 [INFO] DbMcusXml:78 - Set database path to: C:\ST\STM32CubeIDE_1.16.1\STM32CubeIDE\plugins\com.st.stm32cube.common.mx_6.12.1.202409122256\\db\/mcu/
2024-10-08 03:43:12,924 [INFO] ApiDb:274 - Set plugin database path to: C:\ST\STM32CubeIDE_1.16.1\STM32CubeIDE\plugins\com.st.stm32cube.common.mx_6.12.1.202409122256\\db\/plugins/boardmanager/
2024-10-08 03:43:12,925 [WARN] ApiDb:259 - Overriding images path with different value:  => C:\ST\STM32CubeIDE_1.16.1\STM32CubeIDE\plugins\com.st.stm32cube.common.mx_6.12.1.202409122256\\db\/plugins/mcufinder/images/
2024-10-08 03:43:12,935 [INFO] ApiDb:250 - Set database path to: C:\Users\cheoljun99\.stmcufinder\plugins\mcufinder//mcu/
2024-10-08 03:43:12,937 [INFO] DbMcusAds:125 - Set database path to: C:\Users\cheoljun99\.stmcufinder\plugins\mcufinder//mcu/
2024-10-08 03:43:12,942 [INFO] CrossReferenceDbSqlite:203 - Set database path to: C:\Users\cheoljun99\.stmcufinder\plugins\mcufinder//mcu/cs/
2024-10-08 03:43:13,149 [INFO] RulesReader:64 - Compatibility file has been processed (297 Rules)
2024-10-08 03:43:13,327 [INFO] DbMcusXml:78 - Set database path to: C:\ST\STM32CubeIDE_1.16.1\STM32CubeIDE\plugins\com.st.stm32cube.common.mx_6.12.1.202409122256\\db\/mcu/
2024-10-08 03:43:13,327 [INFO] ApiDb:274 - Set plugin database path to: C:\ST\STM32CubeIDE_1.16.1\STM32CubeIDE\plugins\com.st.stm32cube.common.mx_6.12.1.202409122256\\db\/plugins/boardmanager/
2024-10-08 03:43:13,328 [INFO] ApiDb:261 - Set plugin images path to: C:\ST\STM32CubeIDE_1.16.1\STM32CubeIDE\plugins\com.st.stm32cube.common.mx_6.12.1.202409122256\\db\/plugins/mcufinder/images/
2024-10-08 03:43:13,329 [WARN] DbFile:41 - Overriding database path with different value: C:\Users\cheoljun99\.stmcufinder\plugins\mcufinder/ => C:\Users\cheoljun99\.stmcufinder\plugins\mcufinder
2024-10-08 03:43:13,329 [INFO] ApiDb:250 - Set database path to: C:\Users\cheoljun99\.stmcufinder\plugins\mcufinder//mcu/
2024-10-08 03:43:13,329 [WARN] DbFile:41 - Overriding database path with different value: C:\Users\cheoljun99\.stmcufinder\plugins\mcufinder/ => C:\Users\cheoljun99\.stmcufinder\plugins\mcufinder
2024-10-08 03:43:13,330 [INFO] DbMcusAds:125 - Set database path to: C:\Users\cheoljun99\.stmcufinder\plugins\mcufinder//mcu/
2024-10-08 03:43:13,330 [WARN] DbFile:41 - Overriding database path with different value: C:\Users\cheoljun99\.stmcufinder\plugins\mcufinder/ => C:\Users\cheoljun99\.stmcufinder\plugins\mcufinder
2024-10-08 03:43:13,330 [WARN] DbFile:41 - Overriding database path with different value: C:\Users\cheoljun99\.stmcufinder\plugins\mcufinder/ => C:\Users\cheoljun99\.stmcufinder\plugins\mcufinder
2024-10-08 03:43:13,330 [INFO] CrossReferenceDbSqlite:203 - Set database path to: C:\Users\cheoljun99\.stmcufinder\plugins\mcufinder//mcu/cs/
2024-10-08 03:43:13,493 [INFO] MainPanel:268 - HeapMemory: 268435456
2024-10-08 03:43:13,650 [INFO] DbMcusXml:78 - Set database path to: C:\ST\STM32CubeIDE_1.16.1\STM32CubeIDE\plugins\com.st.stm32cube.common.mx_6.12.1.202409122256\\db\/mcu/
2024-10-08 03:43:13,650 [INFO] ApiDb:274 - Set plugin database path to: C:\ST\STM32CubeIDE_1.16.1\STM32CubeIDE\plugins\com.st.stm32cube.common.mx_6.12.1.202409122256\\db\/plugins/boardmanager/
2024-10-08 03:43:13,650 [INFO] ApiDb:261 - Set plugin images path to: C:\ST\STM32CubeIDE_1.16.1\STM32CubeIDE\plugins\com.st.stm32cube.common.mx_6.12.1.202409122256\\db\/plugins/mcufinder/images/
2024-10-08 03:43:13,651 [WARN] DbFile:41 - Overriding database path with different value: C:\Users\cheoljun99\.stmcufinder\plugins\mcufinder/ => C:\Users\cheoljun99\.stmcufinder\plugins\mcufinder
2024-10-08 03:43:13,651 [INFO] ApiDb:250 - Set database path to: C:\Users\cheoljun99\.stmcufinder\plugins\mcufinder//mcu/
2024-10-08 03:43:13,651 [WARN] DbFile:41 - Overriding database path with different value: C:\Users\cheoljun99\.stmcufinder\plugins\mcufinder/ => C:\Users\cheoljun99\.stmcufinder\plugins\mcufinder
2024-10-08 03:43:13,651 [INFO] DbMcusAds:125 - Set database path to: C:\Users\cheoljun99\.stmcufinder\plugins\mcufinder//mcu/
2024-10-08 03:43:13,652 [WARN] DbFile:41 - Overriding database path with different value: C:\Users\cheoljun99\.stmcufinder\plugins\mcufinder/ => C:\Users\cheoljun99\.stmcufinder\plugins\mcufinder
2024-10-08 03:43:13,652 [WARN] DbFile:41 - Overriding database path with different value: C:\Users\cheoljun99\.stmcufinder\plugins\mcufinder/ => C:\Users\cheoljun99\.stmcufinder\plugins\mcufinder
2024-10-08 03:43:13,652 [INFO] CrossReferenceDbSqlite:203 - Set database path to: C:\Users\cheoljun99\.stmcufinder\plugins\mcufinder//mcu/cs/
2024-10-08 03:43:13,679 [INFO] ApplicationProperties:184 - Using Application install path: C:\ST\STM32CubeIDE_1.16.1\STM32CubeIDE\plugins\com.st.stm32cube.common.mx_6.12.1.202409122256
2024-10-08 03:43:13,681 [INFO] PluginManage:196 - Search for loadable plugins [exclusion list=, ]
2024-10-08 03:43:13,683 [INFO] PluginManage:310 - Check plugin analytics
2024-10-08 03:43:14,018 [INFO] AnalyticsPlugin:253 - Accepted Software Licenses: 
2024-10-08 03:43:14,019 [INFO] AnalyticsPlugin:255 - Accepted CMSIS Pack Licenses: 
2024-10-08 03:43:14,019 [INFO] AnalyticsPlugin:257 - Accepted Firmware Licenses: FW.F4.1.28.0
2024-10-08 03:43:14,024 [INFO] PluginManage:359 - Loaded plugin analytics (category:tool,tabindex:-1)
2024-10-08 03:43:14,025 [INFO] PluginManage:310 - Check plugin cadmodel
2024-10-08 03:43:14,031 [INFO] CADModel:105 - Init CAD model plugin
2024-10-08 03:43:14,031 [INFO] PluginManage:359 - Loaded plugin cadmodel (category:power,tabindex:5)
2024-10-08 03:43:14,031 [INFO] PluginManage:310 - Check plugin clock
2024-10-08 03:43:14,049 [INFO] PluginManage:359 - Loaded plugin clock (category:base,tabindex:2)
2024-10-08 03:43:14,049 [INFO] PluginManage:310 - Check plugin ddr
2024-10-08 03:43:14,057 [INFO] PluginManage:359 - Loaded plugin ddr (category:tool,tabindex:6)
2024-10-08 03:43:14,058 [INFO] PluginManage:310 - Check plugin filemanager
2024-10-08 03:43:14,369 [INFO] PluginManage:359 - Loaded plugin filemanager (category:base,tabindex:10)
2024-10-08 03:43:14,369 [INFO] PluginManage:310 - Check plugin ipmanager
2024-10-08 03:43:14,384 [INFO] PluginManage:359 - Loaded plugin ipmanager (category:base,tabindex:5)
2024-10-08 03:43:14,384 [INFO] PluginManage:310 - Check plugin lpbam
2024-10-08 03:43:14,407 [INFO] PluginManage:359 - Loaded plugin lpbam (category:base,tabindex:0)
2024-10-08 03:43:14,407 [INFO] PluginManage:310 - Check plugin memorymap
2024-10-08 03:43:14,442 [INFO] PluginManage:359 - Loaded plugin memorymap (category:base,tabindex:4)
2024-10-08 03:43:14,442 [INFO] PluginManage:310 - Check plugin pinoutandconfiguration
2024-10-08 03:43:14,459 [INFO] PluginManage:359 - Loaded plugin pinoutandconfiguration (category:base,tabindex:1)
2024-10-08 03:43:14,459 [INFO] PluginManage:310 - Check plugin pinoutconfig
2024-10-08 03:43:14,664 [WARN] SupportedApi:132 - Cannot load RTOS API schema: s4s-elt-must-match.1: The content of 'definitions' must match (annotation?, (simpleType | complexType)?, (unique | key | keyref)*)). A problem was found starting at: attribute.
2024-10-08 03:43:14,970 [INFO] PluginManage:359 - Loaded plugin pinoutconfig (category:base,tabindex:0)
2024-10-08 03:43:14,970 [INFO] PluginManage:310 - Check plugin power
2024-10-08 03:43:14,996 [INFO] PluginManage:359 - Loaded plugin power (category:power,tabindex:4)
2024-10-08 03:43:15,002 [INFO] PluginManage:310 - Check plugin projectmanager
2024-10-08 03:43:15,044 [INFO] PluginManage:359 - Loaded plugin projectmanager (category:projectmanager,tabindex:4)
2024-10-08 03:43:15,045 [INFO] PluginManage:310 - Check plugin rif
2024-10-08 03:43:15,067 [INFO] PluginManage:359 - Loaded plugin rif (category:base,tabindex:3)
2024-10-08 03:43:15,068 [INFO] PluginManage:310 - Check plugin thirdparty
2024-10-08 03:43:15,398 [WARN] IntegrityCheckThread:84 - waiting for thirdparty lock release [integrity check]
2024-10-08 03:43:15,399 [INFO] IntegrityCheckThread:86 - entering critical section [integrity check]
2024-10-08 03:43:15,400 [INFO] PluginManage:359 - Loaded plugin thirdparty (category:base,tabindex:-1)
2024-10-08 03:43:15,401 [INFO] PluginManage:310 - Check plugin tools
2024-10-08 03:43:15,403 [INFO] ThirdPartyUpdaterWithRetryManager:70 - Updater plugin not ready yet. [1/15]
2024-10-08 03:43:15,410 [INFO] PluginManage:359 - Loaded plugin tools (category:base,tabindex:7)
2024-10-08 03:43:15,411 [INFO] PluginManage:310 - Check plugin tutovideos
2024-10-08 03:43:15,781 [INFO] PluginManage:359 - Loaded plugin tutovideos (category:base,tabindex:-1)
2024-10-08 03:43:15,782 [INFO] PluginManage:310 - Check plugin updater
2024-10-08 03:43:15,817 [INFO] PluginManage:359 - Loaded plugin updater (category:base,tabindex:12)
2024-10-08 03:43:15,817 [INFO] PluginManage:310 - Check plugin userauth
2024-10-08 03:43:15,831 [INFO] UserAuth:113 - Init User Auth plugin
2024-10-08 03:43:15,831 [INFO] PluginManage:359 - Loaded plugin userauth (category:base,tabindex:14)
2024-10-08 03:43:15,831 [INFO] PluginManage:283 - PluginManage : Loaded plugins [18]
2024-10-08 03:43:16,245 [INFO] PinOutPanel:1561 - setPackage(No Configuration,No Configuration)
2024-10-08 03:43:16,398 [INFO] CADModel:165 - CPN selected for project level
2024-10-08 03:43:16,399 [INFO] CADModel:114 - Register for checkConnection events
2024-10-08 03:43:16,429 [INFO] IPUIPlugin:80 - create IPUIPlugin
2024-10-08 03:43:16,430 [INFO] PluginManager:220 - loadIPPluginJar : add adc
2024-10-08 03:43:16,433 [INFO] IPUIPlugin:80 - create IPUIPlugin
2024-10-08 03:43:16,434 [INFO] PluginManager:220 - loadIPPluginJar : add aes
2024-10-08 03:43:16,439 [INFO] IPUIPlugin:80 - create IPUIPlugin
2024-10-08 03:43:16,440 [INFO] PluginManager:220 - loadIPPluginJar : add can
2024-10-08 03:43:16,444 [INFO] IPUIPlugin:80 - create IPUIPlugin
2024-10-08 03:43:16,444 [INFO] PluginManager:220 - loadIPPluginJar : add comp
2024-10-08 03:43:16,448 [INFO] IPUIPlugin:80 - create IPUIPlugin
2024-10-08 03:43:16,449 [INFO] PluginManager:220 - loadIPPluginJar : add cryp
2024-10-08 03:43:16,453 [INFO] IPUIPlugin:80 - create IPUIPlugin
2024-10-08 03:43:16,453 [INFO] PluginManager:220 - loadIPPluginJar : add ddr_ctrl_phy
2024-10-08 03:43:16,457 [INFO] IPUIPlugin:80 - create IPUIPlugin
2024-10-08 03:43:16,457 [INFO] PluginManager:220 - loadIPPluginJar : add dfsdm
2024-10-08 03:43:16,467 [INFO] IPUIPlugin:80 - create IPUIPlugin
2024-10-08 03:43:16,468 [INFO] PluginManager:220 - loadIPPluginJar : add dma
2024-10-08 03:43:16,472 [INFO] IPUIPlugin:80 - create IPUIPlugin
2024-10-08 03:43:16,472 [INFO] PluginManager:220 - loadIPPluginJar : add dma3
2024-10-08 03:43:16,477 [INFO] IPUIPlugin:80 - create IPUIPlugin
2024-10-08 03:43:16,478 [INFO] PluginManager:220 - loadIPPluginJar : add extmemmanager
2024-10-08 03:43:16,480 [INFO] IPUIPlugin:80 - create IPUIPlugin
2024-10-08 03:43:16,480 [INFO] PluginManager:220 - loadIPPluginJar : add fatfs
2024-10-08 03:43:16,488 [INFO] IPUIPlugin:80 - create IPUIPlugin
2024-10-08 03:43:16,488 [INFO] PluginManager:220 - loadIPPluginJar : add fmc
2024-10-08 03:43:16,498 [INFO] IPUIPlugin:80 - create IPUIPlugin
2024-10-08 03:43:16,498 [INFO] PluginManager:220 - loadIPPluginJar : add freertos
2024-10-08 03:43:16,500 [INFO] IPUIPlugin:80 - create IPUIPlugin
2024-10-08 03:43:16,500 [INFO] PluginManager:220 - loadIPPluginJar : add genericplugin
2024-10-08 03:43:16,503 [INFO] IPUIPlugin:80 - create IPUIPlugin
2024-10-08 03:43:16,503 [INFO] PluginManager:220 - loadIPPluginJar : add gfxmmu
2024-10-08 03:43:16,511 [INFO] IPUIPlugin:80 - create IPUIPlugin
2024-10-08 03:43:16,511 [INFO] PluginManager:220 - loadIPPluginJar : add gic
2024-10-08 03:43:16,518 [INFO] IPUIPlugin:80 - create IPUIPlugin
2024-10-08 03:43:16,518 [INFO] PluginManager:220 - loadIPPluginJar : add gpio
2024-10-08 03:43:16,522 [INFO] IPUIPlugin:80 - create IPUIPlugin
2024-10-08 03:43:16,522 [INFO] PluginManager:220 - loadIPPluginJar : add gtzc
2024-10-08 03:43:16,525 [INFO] IPUIPlugin:80 - create IPUIPlugin
2024-10-08 03:43:16,525 [INFO] PluginManager:220 - loadIPPluginJar : add hash
2024-10-08 03:43:16,529 [INFO] IPUIPlugin:80 - create IPUIPlugin
2024-10-08 03:43:16,529 [INFO] PluginManager:220 - loadIPPluginJar : add i2c
2024-10-08 03:43:16,533 [INFO] IPUIPlugin:80 - create IPUIPlugin
2024-10-08 03:43:16,534 [INFO] PluginManager:220 - loadIPPluginJar : add i2s
2024-10-08 03:43:16,537 [INFO] IPUIPlugin:80 - create IPUIPlugin
2024-10-08 03:43:16,538 [INFO] PluginManager:220 - loadIPPluginJar : add i3c
2024-10-08 03:43:16,543 [INFO] IPUIPlugin:80 - create IPUIPlugin
2024-10-08 03:43:16,544 [INFO] PluginManager:220 - loadIPPluginJar : add ipddr
2024-10-08 03:43:16,556 [INFO] IPUIPlugin:80 - create IPUIPlugin
2024-10-08 03:43:16,557 [INFO] PluginManager:220 - loadIPPluginJar : add linkedlist
2024-10-08 03:43:16,563 [INFO] IPUIPlugin:80 - create IPUIPlugin
2024-10-08 03:43:16,563 [INFO] PluginManager:220 - loadIPPluginJar : add lorawan
2024-10-08 03:43:16,565 [INFO] IPUIPlugin:80 - create IPUIPlugin
2024-10-08 03:43:16,565 [INFO] PluginManager:220 - loadIPPluginJar : add ltdc
2024-10-08 03:43:16,573 [INFO] IPUIPlugin:80 - create IPUIPlugin
2024-10-08 03:43:16,573 [INFO] PluginManager:220 - loadIPPluginJar : add mdma
2024-10-08 03:43:16,578 [INFO] IPUIPlugin:80 - create IPUIPlugin
2024-10-08 03:43:16,578 [INFO] PluginManager:220 - loadIPPluginJar : add nvic
2024-10-08 03:43:16,582 [INFO] IPUIPlugin:80 - create IPUIPlugin
2024-10-08 03:43:16,582 [INFO] PluginManager:220 - loadIPPluginJar : add opamp
2024-10-08 03:43:16,586 [INFO] IPUIPlugin:80 - create IPUIPlugin
2024-10-08 03:43:16,586 [INFO] PluginManager:220 - loadIPPluginJar : add openamp
2024-10-08 03:43:16,590 [INFO] IPUIPlugin:80 - create IPUIPlugin
2024-10-08 03:43:16,590 [INFO] PluginManager:220 - loadIPPluginJar : add pdm2pcm
2024-10-08 03:43:16,599 [INFO] IPUIPlugin:80 - create IPUIPlugin
2024-10-08 03:43:16,605 [INFO] PluginManager:220 - loadIPPluginJar : add plateformsettings
2024-10-08 03:43:16,607 [INFO] IPUIPlugin:80 - create IPUIPlugin
2024-10-08 03:43:16,607 [INFO] PluginManager:220 - loadIPPluginJar : add quadspi
2024-10-08 03:43:16,610 [INFO] IPUIPlugin:80 - create IPUIPlugin
2024-10-08 03:43:16,611 [INFO] PluginManager:220 - loadIPPluginJar : add radio
2024-10-08 03:43:16,615 [INFO] IPUIPlugin:80 - create IPUIPlugin
2024-10-08 03:43:16,615 [INFO] PluginManager:220 - loadIPPluginJar : add resmgrutility
2024-10-08 03:43:16,619 [INFO] IPUIPlugin:80 - create IPUIPlugin
2024-10-08 03:43:16,619 [INFO] PluginManager:220 - loadIPPluginJar : add sai
2024-10-08 03:43:16,623 [INFO] IPUIPlugin:80 - create IPUIPlugin
2024-10-08 03:43:16,624 [INFO] PluginManager:220 - loadIPPluginJar : add spi
2024-10-08 03:43:16,633 [INFO] IPUIPlugin:80 - create IPUIPlugin
2024-10-08 03:43:16,634 [INFO] PluginManager:220 - loadIPPluginJar : add stm32_wpan
2024-10-08 03:43:16,637 [INFO] IPUIPlugin:80 - create IPUIPlugin
2024-10-08 03:43:16,637 [INFO] PluginManager:220 - loadIPPluginJar : add tim
2024-10-08 03:43:16,641 [INFO] IPUIPlugin:80 - create IPUIPlugin
2024-10-08 03:43:16,642 [INFO] PluginManager:220 - loadIPPluginJar : add touchsensing
2024-10-08 03:43:16,644 [INFO] IPUIPlugin:80 - create IPUIPlugin
2024-10-08 03:43:16,645 [INFO] PluginManager:220 - loadIPPluginJar : add tracer_emb
2024-10-08 03:43:16,647 [INFO] IPUIPlugin:80 - create IPUIPlugin
2024-10-08 03:43:16,647 [INFO] PluginManager:220 - loadIPPluginJar : add ts
2024-10-08 03:43:16,649 [INFO] IPUIPlugin:80 - create IPUIPlugin
2024-10-08 03:43:16,650 [INFO] PluginManager:220 - loadIPPluginJar : add tsc
2024-10-08 03:43:16,652 [INFO] IPUIPlugin:80 - create IPUIPlugin
2024-10-08 03:43:16,652 [INFO] PluginManager:220 - loadIPPluginJar : add ucpd
2024-10-08 03:43:16,656 [INFO] IPUIPlugin:80 - create IPUIPlugin
2024-10-08 03:43:16,657 [INFO] PluginManager:220 - loadIPPluginJar : add usart
2024-10-08 03:43:16,660 [INFO] IPUIPlugin:80 - create IPUIPlugin
2024-10-08 03:43:16,661 [INFO] PluginManager:220 - loadIPPluginJar : add usbx
2024-10-08 03:43:16,833 [INFO] CADModel:165 - CPN selected for project level
2024-10-08 03:43:16,833 [INFO] CADModel:114 - Register for checkConnection events
2024-10-08 03:43:16,834 [FATAL] Updater:334 - Updater called before beeing initialized
2024-10-08 03:43:16,834 [ERROR] CADModel:125 - Updater not yet initialized, retry later 
2024-10-08 03:43:17,018 [INFO] CADModel:165 - CPN selected for project level
2024-10-08 03:43:17,018 [INFO] CADModel:114 - Register for checkConnection events
2024-10-08 03:43:17,018 [FATAL] Updater:334 - Updater called before beeing initialized
2024-10-08 03:43:17,018 [ERROR] CADModel:125 - Updater not yet initialized, retry later 
2024-10-08 03:43:17,024 [FATAL] Updater:334 - Updater called before beeing initialized
2024-10-08 03:43:17,220 [FATAL] Updater:334 - Updater called before beeing initialized
2024-10-08 03:43:17,228 [INFO] DbMcusAds:53 - JSON generation date=Fri Sep 20 22:04:23 KST 2024 (1726837463113)
2024-10-08 03:43:17,228 [FATAL] Updater:334 - Updater called before beeing initialized
2024-10-08 03:43:17,283 [WARN] DetailPanel:346 - Failed to get advertising image, set to default
2024-10-08 03:43:17,503 [FATAL] Updater:334 - Updater called before beeing initialized
2024-10-08 03:43:17,507 [FATAL] Updater:334 - Updater called before beeing initialized
2024-10-08 03:43:17,507 [FATAL] Updater:334 - Updater called before beeing initialized
2024-10-08 03:43:17,508 [WARN] DetailPanel:346 - Failed to get advertising image, set to default
2024-10-08 03:43:17,509 [FATAL] Updater:334 - Updater called before beeing initialized
2024-10-08 03:43:17,627 [ERROR] Updater:1164 - MainUpdater not yet initialized. External WinMGr cannot be set.
2024-10-08 03:43:17,636 [INFO] Updater:1100 - Updater Version found : 6.12.1
2024-10-08 03:43:17,693 [INFO] ApplicationProperties:184 - Using Application install path: C:\ST\STM32CubeIDE_1.16.1\STM32CubeIDE\plugins\com.st.stm32cube.common.mx_6.12.1.202409122256
2024-10-08 03:43:18,407 [INFO] ThirdPartyUpdaterWithRetryManager:70 - Updater plugin not ready yet. [2/15]
2024-10-08 03:43:19,306 [ERROR] LogOutputStream:75 - [STDERR_REDIRECT] Oct 08, 2024 3:43:19 AM java.util.prefs.WindowsPreferences <init>
2024-10-08 03:43:19,310 [ERROR] LogOutputStream:75 - [STDERR_REDIRECT] WARNING: Could not open/create prefs root node Software\JavaSoft\Prefs at root 0xffffffff80000002. Windows RegCreateKeyEx(...) returned error code 5.
2024-10-08 03:43:19,311 [ERROR] LogOutputStream:75 - [STDERR_REDIRECT] 
2024-10-08 03:43:20,201 [INFO] MainUpdater:2873 - connection check result : 10
2024-10-08 03:43:20,203 [INFO] MainUpdater:290 - Updater Check For Update Now.
2024-10-08 03:43:20,204 [INFO] MicroXplorer:498 - Change Database Version : DB.6.0.121
2024-10-08 03:43:20,263 [INFO] McuFinderGlobals:63 - Set McuFinder mode to 2 (CubeIDE integrated)
2024-10-08 03:43:20,265 [INFO] UserAuth:417 - Internet connection configuration mode: 1
2024-10-08 03:43:20,389 [INFO] JxBrowserEngine:152 - Initiate JxBrowser Engine with user profile folder
2024-10-08 03:43:20,575 [INFO] CheckServerUpdateThread:120 - End of CheckServer Thread
2024-10-08 03:43:22,100 [WARN] PackLoader:240 - Cannot read IP mode file for STMicroelectronics.FP-SNS-MOTENVWB1.1.4.0
2024-10-08 03:43:22,167 [WARN] PackLoader:240 - Cannot read IP mode file for STMicroelectronics.X-CUBE-SMBUS.2.1.0
2024-10-08 03:43:22,212 [WARN] PackLoader:240 - Cannot read IP mode file for STMicroelectronics.X-CUBE-WB05N.1.1.0
2024-10-08 03:43:22,357 [WARN] PackLoader:240 - Cannot read IP mode file for STMicroelectronics.X-CUBE-AZRTOS-F7.1.1.0
2024-10-08 03:43:22,616 [WARN] PackLoader:240 - Cannot read IP mode file for STMicroelectronics.X-CUBE-MEMS1.11.0.0
2024-10-08 03:43:23,237 [WARN] PackLoader:240 - Cannot read IP mode file for STMicroelectronics.FP-SNS-FLIGHT1.5.0.2
2024-10-08 03:43:23,270 [WARN] PackLoader:240 - Cannot read IP mode file for STMicroelectronics.X-CUBE-DISPLAY.3.0.0
2024-10-08 03:43:23,300 [WARN] PackLoader:240 - Cannot read IP mode file for STMicroelectronics.X-CUBE-BLE1.7.0.0
2024-10-08 03:43:23,318 [WARN] PackLoader:240 - Cannot read IP mode file for STMicroelectronics.X-CUBE-NFC10.1.0.0
2024-10-08 03:43:23,337 [WARN] PackLoader:240 - Cannot read IP mode file for emotas.I-CUBE-CANOPEN.1.3.0
2024-10-08 03:43:23,365 [WARN] PackLoader:240 - Cannot read IP mode file for STMicroelectronics.X-CUBE-BLEMGR.3.1.0
2024-10-08 03:43:23,424 [WARN] PackLoader:240 - Cannot read IP mode file for STMicroelectronics.FP-SNS-SMARTAG2.1.2.0
2024-10-08 03:43:23,461 [INFO] LogOutputStream:77 - [STDOUT_REDIRECT] 1 : Invalid condition id : UX_CORESTACK_Condition cause : null
2024-10-08 03:43:23,467 [INFO] LogOutputStream:77 - [STDOUT_REDIRECT] 1 : Invalid condition id : UX_CORESTACK_Condition cause : null
2024-10-08 03:43:23,476 [INFO] LogOutputStream:77 - [STDOUT_REDIRECT] 1 : Invalid condition id : UX_CORESTACK_Condition cause : null
2024-10-08 03:43:23,483 [INFO] LogOutputStream:77 - [STDOUT_REDIRECT] 1 : Invalid condition id : UX_CORESTACK_Condition cause : null
2024-10-08 03:43:23,491 [INFO] LogOutputStream:77 - [STDOUT_REDIRECT] 1 : Invalid condition id : UX_CORESTACK_Condition cause : null
2024-10-08 03:43:23,503 [WARN] PackLoader:240 - Cannot read IP mode file for STMicroelectronics.X-CUBE-AZRTOS-WL.2.0.0
2024-10-08 03:43:23,527 [WARN] PackLoader:240 - Cannot read IP mode file for STMicroelectronics.FP-SNS-MOTENV1.5.0.0
2024-10-08 03:43:23,550 [WARN] PackLoader:240 - Cannot read IP mode file for wolfSSL.I-CUBE-wolfMQTT.1.19.0
2024-10-08 03:43:23,649 [WARN] PackLoader:240 - Cannot read IP mode file for WES.I-CUBE-Cesium.1.3.0
2024-10-08 03:43:23,670 [WARN] PackLoader:240 - Cannot read IP mode file for STMicroelectronics.X-CUBE-BLE2.3.3.0
2024-10-08 03:43:23,706 [WARN] PackLoader:240 - Cannot read IP mode file for STMicroelectronics.X-CUBE-NFC9.1.0.0
2024-10-08 03:43:23,759 [WARN] PackLoader:240 - Cannot read IP mode file for STMicroelectronics.X-CUBE-TCPP.4.1.0
2024-10-08 03:43:23,845 [WARN] PackLoader:240 - Cannot read IP mode file for STMicroelectronics.X-CUBE-AZRTOS-G0.1.1.0
2024-10-08 03:43:23,872 [WARN] PackLoader:240 - Cannot read IP mode file for STMicroelectronics.X-CUBE-SAFEA1.1.2.2
2024-10-08 03:43:23,911 [WARN] PackLoader:240 - Cannot read IP mode file for STMicroelectronics.X-CUBE-NFC4.3.0.0
2024-10-08 03:43:23,954 [WARN] PackLoader:240 - Cannot read IP mode file for EmbeddedOffice.I-CUBE-FS-RTOS.1.0.1
2024-10-08 03:43:23,955 [ERROR] ConditionMgr:805 - Attr not supported : Dmpu
2024-10-08 03:43:23,956 [ERROR] ConditionMgr:805 - Attr not supported : Dmpu
2024-10-08 03:43:23,956 [ERROR] ConditionMgr:805 - Attr not supported : Dmpu
2024-10-08 03:43:23,956 [ERROR] ConditionMgr:805 - Attr not supported : Dmpu
2024-10-08 03:43:23,956 [ERROR] ConditionMgr:805 - Attr not supported : Dmpu
2024-10-08 03:43:23,956 [ERROR] ConditionMgr:805 - Attr not supported : Dmpu
2024-10-08 03:43:23,957 [ERROR] ConditionMgr:805 - Attr not supported : Dmpu
2024-10-08 03:43:23,957 [ERROR] ConditionMgr:805 - Attr not supported : Dmpu
2024-10-08 03:43:23,957 [ERROR] ConditionMgr:805 - Attr not supported : Dmpu
2024-10-08 03:43:23,957 [ERROR] ConditionMgr:805 - Attr not supported : Dmpu
2024-10-08 03:43:23,958 [ERROR] ConditionMgr:805 - Attr not supported : Dmpu
2024-10-08 03:43:23,959 [ERROR] ConditionMgr:805 - Attr not supported : Dmpu
2024-10-08 03:43:23,960 [ERROR] ConditionMgr:805 - Attr not supported : Dmpu
2024-10-08 03:43:23,960 [ERROR] ConditionMgr:805 - Attr not supported : Dmpu
2024-10-08 03:43:23,960 [ERROR] ConditionMgr:805 - Attr not supported : Dmpu
2024-10-08 03:43:23,960 [ERROR] ConditionMgr:805 - Attr not supported : Dmpu
2024-10-08 03:43:23,960 [ERROR] ConditionMgr:805 - Attr not supported : Dmpu
2024-10-08 03:43:23,961 [ERROR] ConditionMgr:805 - Attr not supported : Dmpu
2024-10-08 03:43:23,961 [ERROR] ConditionMgr:805 - Attr not supported : Dmpu
2024-10-08 03:43:23,961 [ERROR] ConditionMgr:805 - Attr not supported : Dmpu
2024-10-08 03:43:23,961 [ERROR] ConditionMgr:805 - Attr not supported : Dmpu
2024-10-08 03:43:23,961 [ERROR] ConditionMgr:805 - Attr not supported : Dmpu
2024-10-08 03:43:23,962 [ERROR] ConditionMgr:805 - Attr not supported : Dmpu
2024-10-08 03:43:23,962 [ERROR] ConditionMgr:805 - Attr not supported : Dmpu
2024-10-08 03:43:23,962 [ERROR] ConditionMgr:805 - Attr not supported : Dmpu
2024-10-08 03:43:23,962 [ERROR] ConditionMgr:805 - Attr not supported : Dmpu
2024-10-08 03:43:23,962 [ERROR] ConditionMgr:805 - Attr not supported : Dmpu
2024-10-08 03:43:23,962 [ERROR] ConditionMgr:805 - Attr not supported : Dmpu
2024-10-08 03:43:23,962 [ERROR] ConditionMgr:805 - Attr not supported : Dmpu
2024-10-08 03:43:23,963 [ERROR] ConditionMgr:805 - Attr not supported : Dmpu
2024-10-08 03:43:23,963 [ERROR] ConditionMgr:805 - Attr not supported : Dmpu
2024-10-08 03:43:23,963 [ERROR] ConditionMgr:805 - Attr not supported : Dmpu
2024-10-08 03:43:23,963 [ERROR] ConditionMgr:805 - Attr not supported : Dmpu
2024-10-08 03:43:23,963 [ERROR] ConditionMgr:805 - Attr not supported : Dmpu
2024-10-08 03:43:23,964 [ERROR] ConditionMgr:805 - Attr not supported : Dmpu
2024-10-08 03:43:23,964 [ERROR] ConditionMgr:805 - Attr not supported : Dmpu
2024-10-08 03:43:23,964 [ERROR] ConditionMgr:805 - Attr not supported : Dmpu
2024-10-08 03:43:23,964 [ERROR] ConditionMgr:805 - Attr not supported : Dmpu
2024-10-08 03:43:23,965 [ERROR] ConditionMgr:805 - Attr not supported : Dmpu
2024-10-08 03:43:23,965 [ERROR] ConditionMgr:805 - Attr not supported : Dmpu
2024-10-08 03:43:23,965 [ERROR] ConditionMgr:805 - Attr not supported : Dmpu
2024-10-08 03:43:23,965 [ERROR] ConditionMgr:805 - Attr not supported : Dmpu
2024-10-08 03:43:23,965 [ERROR] ConditionMgr:805 - Attr not supported : Dmpu
2024-10-08 03:43:23,966 [ERROR] ConditionMgr:805 - Attr not supported : Dmpu
2024-10-08 03:43:23,966 [ERROR] ConditionMgr:805 - Attr not supported : Dmpu
2024-10-08 03:43:23,966 [ERROR] ConditionMgr:805 - Attr not supported : Dmpu
2024-10-08 03:43:23,966 [ERROR] ConditionMgr:805 - Attr not supported : Dmpu
2024-10-08 03:43:23,967 [ERROR] ConditionMgr:805 - Attr not supported : Dmpu
2024-10-08 03:43:23,968 [ERROR] ConditionMgr:805 - Attr not supported : Dmpu
2024-10-08 03:43:23,968 [ERROR] ConditionMgr:805 - Attr not supported : Dmpu
2024-10-08 03:43:23,969 [ERROR] ConditionMgr:805 - Attr not supported : Dmpu
2024-10-08 03:43:23,969 [ERROR] ConditionMgr:805 - Attr not supported : Dmpu
2024-10-08 03:43:23,969 [ERROR] ConditionMgr:805 - Attr not supported : Dmpu
2024-10-08 03:43:23,969 [ERROR] ConditionMgr:805 - Attr not supported : Dmpu
2024-10-08 03:43:23,970 [ERROR] ConditionMgr:805 - Attr not supported : Dmpu
2024-10-08 03:43:23,970 [ERROR] ConditionMgr:805 - Attr not supported : Dmpu
2024-10-08 03:43:23,970 [ERROR] ConditionMgr:805 - Attr not supported : Dmpu
2024-10-08 03:43:23,971 [ERROR] ConditionMgr:805 - Attr not supported : Dmpu
2024-10-08 03:43:23,971 [ERROR] ConditionMgr:805 - Attr not supported : Dmpu
2024-10-08 03:43:23,971 [ERROR] ConditionMgr:805 - Attr not supported : Dmpu
2024-10-08 03:43:23,971 [ERROR] ConditionMgr:805 - Attr not supported : Dmpu
2024-10-08 03:43:23,971 [ERROR] ConditionMgr:805 - Attr not supported : Dmpu
2024-10-08 03:43:23,971 [ERROR] ConditionMgr:805 - Attr not supported : Dmpu
2024-10-08 03:43:23,972 [ERROR] ConditionMgr:805 - Attr not supported : Dmpu
2024-10-08 03:43:23,996 [WARN] PackLoader:240 - Cannot read IP mode file for RealThread.X-CUBE-RT-Thread_Nano.4.1.1
2024-10-08 03:43:24,013 [WARN] PackLoader:240 - Cannot read IP mode file for STMicroelectronics.FP-ATR-SIGFOX1.3.2.0
2024-10-08 03:43:24,027 [WARN] PackLoader:240 - Cannot read IP mode file for wolfSSL.I-CUBE-wolfSSL.5.7.2
2024-10-08 03:43:24,049 [WARN] PackLoader:240 - Cannot read IP mode file for STMicroelectronics.X-CUBE-EEPRMA1.5.1.0
2024-10-08 03:43:24,073 [WARN] PackLoader:240 - Cannot read IP mode file for ITTIA_DB.I-CUBE-ITTIADB.8.9.0
2024-10-08 03:43:24,196 [WARN] PackLoader:240 - Cannot read IP mode file for SEGGER.I-CUBE-embOS.1.3.1
2024-10-08 03:43:24,333 [WARN] PackLoader:240 - Cannot read IP mode file for STMicroelectronics.X-CUBE-ALGOBUILD.1.4.0
2024-10-08 03:43:24,347 [WARN] PackLoader:240 - Cannot read IP mode file for STMicroelectronics.X-CUBE-AI.9.1.0
2024-10-08 03:43:24,387 [WARN] PackLoader:240 - Cannot read IP mode file for STMicroelectronics.X-CUBE-AZRTOS-F4.1.1.0
2024-10-08 03:43:24,409 [WARN] PackLoader:240 - Cannot read IP mode file for STMicroelectronics.X-CUBE-ISPU.2.1.0
2024-10-08 03:43:24,426 [WARN] PackLoader:240 - Cannot read IP mode file for STMicroelectronics.X-CUBE-FREERTOS.1.2.0
2024-10-08 03:43:24,478 [WARN] PackLoader:240 - Cannot read IP mode file for STMicroelectronics.X-CUBE-AZRTOS-L5.2.0.0
2024-10-08 03:43:24,510 [WARN] PackLoader:240 - Cannot read IP mode file for STMicroelectronics.X-CUBE-NFC6.3.1.0
2024-10-08 03:43:24,531 [WARN] PackLoader:240 - Cannot read IP mode file for STMicroelectronics.X-CUBE-DPower.1.2.0
2024-10-08 03:43:24,552 [WARN] PackLoader:240 - Cannot read IP mode file for STMicroelectronics.X-CUBE-NFC7.1.0.1
2024-10-08 03:43:24,600 [WARN] ConditionMgr:438 - getConditionDescription Invalid condition id : LAN8742 Phy interface Condition cause : null
2024-10-08 03:43:24,603 [WARN] PackLoader:240 - Cannot read IP mode file for STMicroelectronics.X-CUBE-AZRTOS-L4.2.0.0
2024-10-08 03:43:24,607 [WARN] ConditionMgr:1039 - genDependencies : Invalid condition id : LAN8742 Phy interface Condition cause : null
2024-10-08 03:43:24,608 [WARN] ConditionMgr:1039 - genDependencies : Invalid condition id : LAN8742 Phy interface Condition cause : null
2024-10-08 03:43:24,610 [WARN] ConditionMgr:1039 - genDependencies : Invalid condition id : LAN8742 Phy interface Condition cause : null
2024-10-08 03:43:24,636 [WARN] PackLoader:240 - Cannot read IP mode file for STMicroelectronics.X-CUBE-SFXS2LP1.4.0.0
2024-10-08 03:43:24,702 [WARN] PackLoader:240 - Cannot read IP mode file for STMicroelectronics.X-CUBE-AZRTOS-H7.3.3.0
2024-10-08 03:43:24,745 [WARN] PackLoader:240 - Cannot read IP mode file for STMicroelectronics.X-CUBE-IPS.3.0.0
2024-10-08 03:43:24,785 [WARN] ConditionMgr:438 - getConditionDescription Invalid condition id : UX DEVICE CLASS RTOS Condition cause : null
2024-10-08 03:43:24,785 [WARN] ConditionMgr:438 - getConditionDescription Invalid condition id : UX DEVICE CLASS RTOS Condition cause : null
2024-10-08 03:43:24,814 [WARN] PackLoader:240 - Cannot read IP mode file for STMicroelectronics.X-CUBE-AZRTOS-WB.2.0.0
2024-10-08 03:43:24,816 [WARN] ConditionMgr:1039 - genDependencies : Invalid condition id : UX DEVICE CLASS RTOS Condition cause : null
2024-10-08 03:43:24,816 [WARN] ConditionMgr:1039 - genDependencies : Invalid condition id : UX DEVICE CLASS RTOS Condition cause : null
2024-10-08 03:43:24,818 [WARN] ConditionMgr:1039 - genDependencies : Invalid condition id : UX DEVICE CLASS RTOS Condition cause : null
2024-10-08 03:43:24,818 [WARN] ConditionMgr:1039 - genDependencies : Invalid condition id : UX DEVICE CLASS RTOS Condition cause : null
2024-10-08 03:43:24,819 [WARN] ConditionMgr:1039 - genDependencies : Invalid condition id : UX DEVICE CLASS RTOS Condition cause : null
2024-10-08 03:43:24,839 [WARN] PackLoader:240 - Cannot read IP mode file for STMicroelectronics.X-CUBE-GNSS1.7.0.0
2024-10-08 03:43:24,857 [WARN] PackLoader:240 - Cannot read IP mode file for STMicroelectronics.FP-SNS-STBOX1.2.0.0
2024-10-08 03:43:24,889 [WARN] PackLoader:240 - Cannot read IP mode file for STMicroelectronics.X-CUBE-SUBG2.5.0.0
2024-10-08 03:43:24,913 [WARN] PackLoader:240 - Cannot read IP mode file for Cesanta.I-CUBE-Mongoose.7.13.0
2024-10-08 03:43:24,962 [WARN] PackLoader:240 - Cannot read IP mode file for STMicroelectronics.X-CUBE-AZRTOS-G4.2.0.0
2024-10-08 03:43:24,985 [WARN] PackLoader:240 - Cannot read IP mode file for STMicroelectronics.X-CUBE-ALS.1.0.2
2024-10-08 03:43:25,010 [WARN] PackLoader:240 - Cannot read IP mode file for STMicroelectronics.X-CUBE-TOUCHGFX.4.24.1
2024-10-08 03:43:25,020 [WARN] PackLoader:240 - Cannot read IP mode file for wolfSSL.I-CUBE-wolfTPM.3.4.0
2024-10-08 03:43:25,035 [WARN] PackLoader:240 - Cannot read IP mode file for portGmbH.I-Cube-SoM-uGOAL.1.1.0
2024-10-08 03:43:25,090 [WARN] PackLoader:240 - Cannot read IP mode file for STMicroelectronics.X-CUBE-AZRTOS-H7RS.1.0.0
2024-10-08 03:43:25,109 [WARN] PackLoader:240 - Cannot read IP mode file for STMicroelectronics.FP-ATR-ASTRA1.2.0.0
2024-10-08 03:43:25,132 [WARN] PackLoader:240 - Cannot read IP mode file for STMicroelectronics.X-CUBE-TOF1.3.4.2
2024-10-08 03:43:25,233 [WARN] PackLoader:240 - Cannot read IP mode file for Infineon.AIROC-Wi-Fi-Bluetooth-STM32.1.6.1
2024-10-08 03:43:25,276 [WARN] PackLoader:240 - Cannot read IP mode file for wolfSSL.I-CUBE-wolfSSH.1.4.17
2024-10-08 03:43:25,280 [INFO] ThirdParty:978 - Integrity check success = true
2024-10-08 03:43:25,280 [INFO] IntegrityCheckThread:100 - exiting critical section [integrity check]
2024-10-08 03:43:25,281 [INFO] IntegrityCheckThread:103 - End integrity checks thread
2024-10-08 03:43:26,030 [INFO] WebApp:167 - Instantiating new browser for Auth
2024-10-08 03:43:29,695 [INFO] WebApp:448 - Apply proxy settings
2024-10-08 03:43:29,696 [INFO] WebApp:533 - Chromium requires no authentication
2024-10-08 03:43:29,728 [INFO] WebApp:476 - Direct internet connection detected
2024-10-08 03:43:29,814 [INFO] WebApp:869 - Register for checkConnection events
2024-10-08 03:43:29,815 [INFO] WebApp:448 - Apply proxy settings
2024-10-08 03:43:29,816 [INFO] WebApp:533 - Chromium requires no authentication
2024-10-08 03:43:29,817 [INFO] WebApp:476 - Direct internet connection detected
2024-10-08 03:43:30,444 [INFO] WebApp:186 - Connection restablished
2024-10-08 03:43:30,914 [INFO] WebApp:220 - Starting web application
2024-10-08 03:43:30,915 [INFO] WebApp:578 - Web application path used C:\ST\STM32CubeIDE_1.16.1\STM32CubeIDE\plugins\com.st.stm32cube.common.mx_6.12.1.202409122256\db\plugins\mcufinder\reactClient1\index.html
2024-10-08 03:43:31,306 [INFO] UserAuth:417 - Internet connection configuration mode: 1
