2024-10-23 14:51:24,478 [INFO] Activator:176 - 


2024-10-23 14:51:24,482 [INFO] Activator:177 - !SESSION log4j initialized
2024-10-23 14:51:37,112 [INFO] LogOutputStream:77 - [STDOUT_REDIRECT] 
2024-10-23 14:51:42,890 [INFO] ApplicationProperties:184 - Using Application install path: C:\ST\STM32CubeIDE_1.16.1\STM32CubeIDE\plugins\com.st.stm32cube.common.mx_6.12.1.202409122256
2024-10-23 14:51:42,916 [INFO] DbMcusXml:78 - Set database path to: C:\ST\STM32CubeIDE_1.16.1\STM32CubeIDE\plugins\com.st.stm32cube.common.mx_6.12.1.202409122256\\db\/mcu/
2024-10-23 14:51:42,917 [INFO] ApiDb:274 - Set plugin database path to: C:\ST\STM32CubeIDE_1.16.1\STM32CubeIDE\plugins\com.st.stm32cube.common.mx_6.12.1.202409122256\\db\/plugins/boardmanager/
2024-10-23 14:51:42,917 [WARN] ApiDb:259 - Overriding images path with different value:  => C:\ST\STM32CubeIDE_1.16.1\STM32CubeIDE\plugins\com.st.stm32cube.common.mx_6.12.1.202409122256\\db\/plugins/mcufinder/images/
2024-10-23 14:51:42,925 [INFO] ApiDb:250 - Set database path to: C:\Users\cheoljun99\.stmcufinder\plugins\mcufinder//mcu/
2024-10-23 14:51:42,928 [INFO] DbMcusAds:125 - Set database path to: C:\Users\cheoljun99\.stmcufinder\plugins\mcufinder//mcu/
2024-10-23 14:51:42,933 [INFO] CrossReferenceDbSqlite:203 - Set database path to: C:\Users\cheoljun99\.stmcufinder\plugins\mcufinder//mcu/cs/
2024-10-23 14:51:43,169 [INFO] RulesReader:64 - Compatibility file has been processed (297 Rules)
2024-10-23 14:51:43,384 [INFO] DbMcusXml:78 - Set database path to: C:\ST\STM32CubeIDE_1.16.1\STM32CubeIDE\plugins\com.st.stm32cube.common.mx_6.12.1.202409122256\\db\/mcu/
2024-10-23 14:51:43,384 [INFO] ApiDb:274 - Set plugin database path to: C:\ST\STM32CubeIDE_1.16.1\STM32CubeIDE\plugins\com.st.stm32cube.common.mx_6.12.1.202409122256\\db\/plugins/boardmanager/
2024-10-23 14:51:43,384 [INFO] ApiDb:261 - Set plugin images path to: C:\ST\STM32CubeIDE_1.16.1\STM32CubeIDE\plugins\com.st.stm32cube.common.mx_6.12.1.202409122256\\db\/plugins/mcufinder/images/
2024-10-23 14:51:43,385 [WARN] DbFile:41 - Overriding database path with different value: C:\Users\cheoljun99\.stmcufinder\plugins\mcufinder/ => C:\Users\cheoljun99\.stmcufinder\plugins\mcufinder
2024-10-23 14:51:43,385 [INFO] ApiDb:250 - Set database path to: C:\Users\cheoljun99\.stmcufinder\plugins\mcufinder//mcu/
2024-10-23 14:51:43,385 [WARN] DbFile:41 - Overriding database path with different value: C:\Users\cheoljun99\.stmcufinder\plugins\mcufinder/ => C:\Users\cheoljun99\.stmcufinder\plugins\mcufinder
2024-10-23 14:51:43,385 [INFO] DbMcusAds:125 - Set database path to: C:\Users\cheoljun99\.stmcufinder\plugins\mcufinder//mcu/
2024-10-23 14:51:43,385 [WARN] DbFile:41 - Overriding database path with different value: C:\Users\cheoljun99\.stmcufinder\plugins\mcufinder/ => C:\Users\cheoljun99\.stmcufinder\plugins\mcufinder
2024-10-23 14:51:43,385 [WARN] DbFile:41 - Overriding database path with different value: C:\Users\cheoljun99\.stmcufinder\plugins\mcufinder/ => C:\Users\cheoljun99\.stmcufinder\plugins\mcufinder
2024-10-23 14:51:43,385 [INFO] CrossReferenceDbSqlite:203 - Set database path to: C:\Users\cheoljun99\.stmcufinder\plugins\mcufinder//mcu/cs/
2024-10-23 14:51:43,524 [INFO] MainPanel:268 - HeapMemory: 450887680
2024-10-23 14:51:43,636 [INFO] DbMcusXml:78 - Set database path to: C:\ST\STM32CubeIDE_1.16.1\STM32CubeIDE\plugins\com.st.stm32cube.common.mx_6.12.1.202409122256\\db\/mcu/
2024-10-23 14:51:43,636 [INFO] ApiDb:274 - Set plugin database path to: C:\ST\STM32CubeIDE_1.16.1\STM32CubeIDE\plugins\com.st.stm32cube.common.mx_6.12.1.202409122256\\db\/plugins/boardmanager/
2024-10-23 14:51:43,636 [INFO] ApiDb:261 - Set plugin images path to: C:\ST\STM32CubeIDE_1.16.1\STM32CubeIDE\plugins\com.st.stm32cube.common.mx_6.12.1.202409122256\\db\/plugins/mcufinder/images/
2024-10-23 14:51:43,637 [WARN] DbFile:41 - Overriding database path with different value: C:\Users\cheoljun99\.stmcufinder\plugins\mcufinder/ => C:\Users\cheoljun99\.stmcufinder\plugins\mcufinder
2024-10-23 14:51:43,637 [INFO] ApiDb:250 - Set database path to: C:\Users\cheoljun99\.stmcufinder\plugins\mcufinder//mcu/
2024-10-23 14:51:43,637 [WARN] DbFile:41 - Overriding database path with different value: C:\Users\cheoljun99\.stmcufinder\plugins\mcufinder/ => C:\Users\cheoljun99\.stmcufinder\plugins\mcufinder
2024-10-23 14:51:43,637 [INFO] DbMcusAds:125 - Set database path to: C:\Users\cheoljun99\.stmcufinder\plugins\mcufinder//mcu/
2024-10-23 14:51:43,637 [WARN] DbFile:41 - Overriding database path with different value: C:\Users\cheoljun99\.stmcufinder\plugins\mcufinder/ => C:\Users\cheoljun99\.stmcufinder\plugins\mcufinder
2024-10-23 14:51:43,637 [WARN] DbFile:41 - Overriding database path with different value: C:\Users\cheoljun99\.stmcufinder\plugins\mcufinder/ => C:\Users\cheoljun99\.stmcufinder\plugins\mcufinder
2024-10-23 14:51:43,637 [INFO] CrossReferenceDbSqlite:203 - Set database path to: C:\Users\cheoljun99\.stmcufinder\plugins\mcufinder//mcu/cs/
2024-10-23 14:51:43,655 [INFO] ApplicationProperties:184 - Using Application install path: C:\ST\STM32CubeIDE_1.16.1\STM32CubeIDE\plugins\com.st.stm32cube.common.mx_6.12.1.202409122256
2024-10-23 14:51:43,656 [INFO] PluginManage:196 - Search for loadable plugins [exclusion list=, ]
2024-10-23 14:51:43,657 [INFO] PluginManage:310 - Check plugin analytics
2024-10-23 14:51:44,436 [INFO] AnalyticsPlugin:253 - Accepted Software Licenses: 
2024-10-23 14:51:44,436 [INFO] AnalyticsPlugin:255 - Accepted CMSIS Pack Licenses: 
2024-10-23 14:51:44,436 [INFO] AnalyticsPlugin:257 - Accepted Firmware Licenses: FW.F4.1.28.0,FW.L5.1.5.0
2024-10-23 14:51:44,443 [INFO] PluginManage:359 - Loaded plugin analytics (category:tool,tabindex:-1)
2024-10-23 14:51:44,445 [INFO] PluginManage:310 - Check plugin cadmodel
2024-10-23 14:51:44,463 [INFO] CADModel:105 - Init CAD model plugin
2024-10-23 14:51:44,463 [INFO] PluginManage:359 - Loaded plugin cadmodel (category:power,tabindex:5)
2024-10-23 14:51:44,465 [INFO] PluginManage:310 - Check plugin clock
2024-10-23 14:51:44,495 [INFO] PluginManage:359 - Loaded plugin clock (category:base,tabindex:2)
2024-10-23 14:51:44,495 [INFO] PluginManage:310 - Check plugin ddr
2024-10-23 14:51:44,502 [INFO] PluginManage:359 - Loaded plugin ddr (category:tool,tabindex:6)
2024-10-23 14:51:44,502 [INFO] PluginManage:310 - Check plugin filemanager
2024-10-23 14:51:44,653 [INFO] PluginManage:359 - Loaded plugin filemanager (category:base,tabindex:10)
2024-10-23 14:51:44,653 [INFO] PluginManage:310 - Check plugin ipmanager
2024-10-23 14:51:44,663 [INFO] PluginManage:359 - Loaded plugin ipmanager (category:base,tabindex:5)
2024-10-23 14:51:44,663 [INFO] PluginManage:310 - Check plugin lpbam
2024-10-23 14:51:44,679 [INFO] PluginManage:359 - Loaded plugin lpbam (category:base,tabindex:0)
2024-10-23 14:51:44,679 [INFO] PluginManage:310 - Check plugin memorymap
2024-10-23 14:51:44,699 [INFO] PluginManage:359 - Loaded plugin memorymap (category:base,tabindex:4)
2024-10-23 14:51:44,699 [INFO] PluginManage:310 - Check plugin pinoutandconfiguration
2024-10-23 14:51:44,715 [INFO] PluginManage:359 - Loaded plugin pinoutandconfiguration (category:base,tabindex:1)
2024-10-23 14:51:44,715 [INFO] PluginManage:310 - Check plugin pinoutconfig
2024-10-23 14:51:44,825 [WARN] SupportedApi:132 - Cannot load RTOS API schema: s4s-elt-must-match.1: The content of 'definitions' must match (annotation?, (simpleType | complexType)?, (unique | key | keyref)*)). A problem was found starting at: attribute.
2024-10-23 14:51:45,006 [INFO] PluginManage:359 - Loaded plugin pinoutconfig (category:base,tabindex:0)
2024-10-23 14:51:45,007 [INFO] PluginManage:310 - Check plugin power
2024-10-23 14:51:45,043 [INFO] PluginManage:359 - Loaded plugin power (category:power,tabindex:4)
2024-10-23 14:51:45,043 [INFO] PluginManage:310 - Check plugin projectmanager
2024-10-23 14:51:45,083 [INFO] PluginManage:359 - Loaded plugin projectmanager (category:projectmanager,tabindex:4)
2024-10-23 14:51:45,083 [INFO] PluginManage:310 - Check plugin rif
2024-10-23 14:51:45,099 [INFO] PluginManage:359 - Loaded plugin rif (category:base,tabindex:3)
2024-10-23 14:51:45,100 [INFO] PluginManage:310 - Check plugin thirdparty
2024-10-23 14:51:45,444 [WARN] IntegrityCheckThread:84 - waiting for thirdparty lock release [integrity check]
2024-10-23 14:51:45,444 [INFO] IntegrityCheckThread:86 - entering critical section [integrity check]
2024-10-23 14:51:45,447 [INFO] ThirdPartyUpdaterWithRetryManager:70 - Updater plugin not ready yet. [1/15]
2024-10-23 14:51:45,448 [INFO] PluginManage:359 - Loaded plugin thirdparty (category:base,tabindex:-1)
2024-10-23 14:51:45,448 [INFO] PluginManage:310 - Check plugin tools
2024-10-23 14:51:45,490 [INFO] PluginManage:359 - Loaded plugin tools (category:base,tabindex:7)
2024-10-23 14:51:45,490 [INFO] PluginManage:310 - Check plugin tutovideos
2024-10-23 14:51:45,680 [INFO] PluginManage:359 - Loaded plugin tutovideos (category:base,tabindex:-1)
2024-10-23 14:51:45,680 [INFO] PluginManage:310 - Check plugin updater
2024-10-23 14:51:45,730 [INFO] PluginManage:359 - Loaded plugin updater (category:base,tabindex:12)
2024-10-23 14:51:45,731 [INFO] PluginManage:310 - Check plugin userauth
2024-10-23 14:51:45,750 [INFO] UserAuth:113 - Init User Auth plugin
2024-10-23 14:51:45,750 [INFO] PluginManage:359 - Loaded plugin userauth (category:base,tabindex:14)
2024-10-23 14:51:45,754 [INFO] PluginManage:283 - PluginManage : Loaded plugins [18]
2024-10-23 14:51:45,987 [INFO] PinOutPanel:1561 - setPackage(No Configuration,No Configuration)
2024-10-23 14:51:46,087 [INFO] CADModel:165 - CPN selected for project level
2024-10-23 14:51:46,088 [INFO] CADModel:114 - Register for checkConnection events
2024-10-23 14:51:46,113 [INFO] IPUIPlugin:80 - create IPUIPlugin
2024-10-23 14:51:46,113 [INFO] PluginManager:220 - loadIPPluginJar : add adc
2024-10-23 14:51:46,151 [INFO] IPUIPlugin:80 - create IPUIPlugin
2024-10-23 14:51:46,151 [INFO] PluginManager:220 - loadIPPluginJar : add aes
2024-10-23 14:51:46,180 [INFO] IPUIPlugin:80 - create IPUIPlugin
2024-10-23 14:51:46,182 [INFO] PluginManager:220 - loadIPPluginJar : add can
2024-10-23 14:51:46,202 [INFO] IPUIPlugin:80 - create IPUIPlugin
2024-10-23 14:51:46,202 [INFO] PluginManager:220 - loadIPPluginJar : add comp
2024-10-23 14:51:46,229 [INFO] IPUIPlugin:80 - create IPUIPlugin
2024-10-23 14:51:46,229 [INFO] PluginManager:220 - loadIPPluginJar : add cryp
2024-10-23 14:51:46,245 [INFO] IPUIPlugin:80 - create IPUIPlugin
2024-10-23 14:51:46,245 [INFO] PluginManager:220 - loadIPPluginJar : add ddr_ctrl_phy
2024-10-23 14:51:46,272 [INFO] IPUIPlugin:80 - create IPUIPlugin
2024-10-23 14:51:46,272 [INFO] PluginManager:220 - loadIPPluginJar : add dfsdm
2024-10-23 14:51:46,285 [INFO] IPUIPlugin:80 - create IPUIPlugin
2024-10-23 14:51:46,286 [INFO] PluginManager:220 - loadIPPluginJar : add dma
2024-10-23 14:51:46,322 [INFO] IPUIPlugin:80 - create IPUIPlugin
2024-10-23 14:51:46,322 [INFO] PluginManager:220 - loadIPPluginJar : add dma3
2024-10-23 14:51:46,357 [INFO] IPUIPlugin:80 - create IPUIPlugin
2024-10-23 14:51:46,357 [INFO] PluginManager:220 - loadIPPluginJar : add extmemmanager
2024-10-23 14:51:46,385 [INFO] IPUIPlugin:80 - create IPUIPlugin
2024-10-23 14:51:46,385 [INFO] PluginManager:220 - loadIPPluginJar : add fatfs
2024-10-23 14:51:46,459 [INFO] IPUIPlugin:80 - create IPUIPlugin
2024-10-23 14:51:46,459 [INFO] PluginManager:220 - loadIPPluginJar : add fmc
2024-10-23 14:51:46,487 [INFO] IPUIPlugin:80 - create IPUIPlugin
2024-10-23 14:51:46,487 [INFO] PluginManager:220 - loadIPPluginJar : add freertos
2024-10-23 14:51:46,507 [INFO] IPUIPlugin:80 - create IPUIPlugin
2024-10-23 14:51:46,507 [INFO] PluginManager:220 - loadIPPluginJar : add genericplugin
2024-10-23 14:51:46,594 [INFO] IPUIPlugin:80 - create IPUIPlugin
2024-10-23 14:51:46,594 [INFO] PluginManager:220 - loadIPPluginJar : add gfxmmu
2024-10-23 14:51:46,711 [INFO] IPUIPlugin:80 - create IPUIPlugin
2024-10-23 14:51:46,712 [INFO] PluginManager:220 - loadIPPluginJar : add gic
2024-10-23 14:51:46,739 [INFO] IPUIPlugin:80 - create IPUIPlugin
2024-10-23 14:51:46,739 [INFO] PluginManager:220 - loadIPPluginJar : add gpio
2024-10-23 14:51:46,831 [INFO] IPUIPlugin:80 - create IPUIPlugin
2024-10-23 14:51:46,831 [INFO] PluginManager:220 - loadIPPluginJar : add gtzc
2024-10-23 14:51:46,857 [INFO] IPUIPlugin:80 - create IPUIPlugin
2024-10-23 14:51:46,857 [INFO] PluginManager:220 - loadIPPluginJar : add hash
2024-10-23 14:51:46,905 [INFO] IPUIPlugin:80 - create IPUIPlugin
2024-10-23 14:51:46,905 [INFO] PluginManager:220 - loadIPPluginJar : add i2c
2024-10-23 14:51:46,946 [INFO] IPUIPlugin:80 - create IPUIPlugin
2024-10-23 14:51:46,946 [INFO] PluginManager:220 - loadIPPluginJar : add i2s
2024-10-23 14:51:46,978 [INFO] IPUIPlugin:80 - create IPUIPlugin
2024-10-23 14:51:46,978 [INFO] PluginManager:220 - loadIPPluginJar : add i3c
2024-10-23 14:51:47,068 [INFO] IPUIPlugin:80 - create IPUIPlugin
2024-10-23 14:51:47,068 [INFO] PluginManager:220 - loadIPPluginJar : add ipddr
2024-10-23 14:51:47,141 [INFO] IPUIPlugin:80 - create IPUIPlugin
2024-10-23 14:51:47,142 [INFO] PluginManager:220 - loadIPPluginJar : add linkedlist
2024-10-23 14:51:47,176 [INFO] IPUIPlugin:80 - create IPUIPlugin
2024-10-23 14:51:47,176 [INFO] PluginManager:220 - loadIPPluginJar : add lorawan
2024-10-23 14:51:47,206 [INFO] IPUIPlugin:80 - create IPUIPlugin
2024-10-23 14:51:47,207 [INFO] PluginManager:220 - loadIPPluginJar : add ltdc
2024-10-23 14:51:47,234 [INFO] IPUIPlugin:80 - create IPUIPlugin
2024-10-23 14:51:47,234 [INFO] PluginManager:220 - loadIPPluginJar : add mdma
2024-10-23 14:51:47,246 [INFO] IPUIPlugin:80 - create IPUIPlugin
2024-10-23 14:51:47,246 [INFO] PluginManager:220 - loadIPPluginJar : add nvic
2024-10-23 14:51:47,288 [INFO] IPUIPlugin:80 - create IPUIPlugin
2024-10-23 14:51:47,289 [INFO] PluginManager:220 - loadIPPluginJar : add opamp
2024-10-23 14:51:47,342 [INFO] IPUIPlugin:80 - create IPUIPlugin
2024-10-23 14:51:47,342 [INFO] PluginManager:220 - loadIPPluginJar : add openamp
2024-10-23 14:51:47,379 [INFO] IPUIPlugin:80 - create IPUIPlugin
2024-10-23 14:51:47,379 [INFO] PluginManager:220 - loadIPPluginJar : add pdm2pcm
2024-10-23 14:51:47,391 [INFO] IPUIPlugin:80 - create IPUIPlugin
2024-10-23 14:51:47,393 [INFO] PluginManager:220 - loadIPPluginJar : add plateformsettings
2024-10-23 14:51:47,411 [INFO] IPUIPlugin:80 - create IPUIPlugin
2024-10-23 14:51:47,411 [INFO] PluginManager:220 - loadIPPluginJar : add quadspi
2024-10-23 14:51:47,431 [INFO] IPUIPlugin:80 - create IPUIPlugin
2024-10-23 14:51:47,432 [INFO] PluginManager:220 - loadIPPluginJar : add radio
2024-10-23 14:51:47,441 [INFO] IPUIPlugin:80 - create IPUIPlugin
2024-10-23 14:51:47,441 [INFO] PluginManager:220 - loadIPPluginJar : add resmgrutility
2024-10-23 14:51:47,477 [INFO] IPUIPlugin:80 - create IPUIPlugin
2024-10-23 14:51:47,477 [INFO] PluginManager:220 - loadIPPluginJar : add sai
2024-10-23 14:51:47,506 [INFO] IPUIPlugin:80 - create IPUIPlugin
2024-10-23 14:51:47,506 [INFO] PluginManager:220 - loadIPPluginJar : add spi
2024-10-23 14:51:47,563 [INFO] IPUIPlugin:80 - create IPUIPlugin
2024-10-23 14:51:47,564 [INFO] PluginManager:220 - loadIPPluginJar : add stm32_wpan
2024-10-23 14:51:47,582 [INFO] IPUIPlugin:80 - create IPUIPlugin
2024-10-23 14:51:47,582 [INFO] PluginManager:220 - loadIPPluginJar : add tim
2024-10-23 14:51:47,630 [INFO] IPUIPlugin:80 - create IPUIPlugin
2024-10-23 14:51:47,630 [INFO] PluginManager:220 - loadIPPluginJar : add touchsensing
2024-10-23 14:51:47,649 [INFO] IPUIPlugin:80 - create IPUIPlugin
2024-10-23 14:51:47,649 [INFO] PluginManager:220 - loadIPPluginJar : add tracer_emb
2024-10-23 14:51:47,671 [INFO] IPUIPlugin:80 - create IPUIPlugin
2024-10-23 14:51:47,671 [INFO] PluginManager:220 - loadIPPluginJar : add ts
2024-10-23 14:51:47,688 [INFO] IPUIPlugin:80 - create IPUIPlugin
2024-10-23 14:51:47,688 [INFO] PluginManager:220 - loadIPPluginJar : add tsc
2024-10-23 14:51:47,708 [INFO] IPUIPlugin:80 - create IPUIPlugin
2024-10-23 14:51:47,708 [INFO] PluginManager:220 - loadIPPluginJar : add ucpd
2024-10-23 14:51:47,746 [INFO] IPUIPlugin:80 - create IPUIPlugin
2024-10-23 14:51:47,746 [INFO] PluginManager:220 - loadIPPluginJar : add usart
2024-10-23 14:51:47,778 [INFO] IPUIPlugin:80 - create IPUIPlugin
2024-10-23 14:51:47,779 [INFO] PluginManager:220 - loadIPPluginJar : add usbx
2024-10-23 14:51:47,901 [INFO] CADModel:165 - CPN selected for project level
2024-10-23 14:51:47,901 [INFO] CADModel:114 - Register for checkConnection events
2024-10-23 14:51:47,901 [FATAL] Updater:334 - Updater called before beeing initialized
2024-10-23 14:51:47,901 [ERROR] CADModel:125 - Updater not yet initialized, retry later 
2024-10-23 14:51:48,093 [INFO] CADModel:165 - CPN selected for project level
2024-10-23 14:51:48,093 [INFO] CADModel:114 - Register for checkConnection events
2024-10-23 14:51:48,093 [FATAL] Updater:334 - Updater called before beeing initialized
2024-10-23 14:51:48,093 [ERROR] CADModel:125 - Updater not yet initialized, retry later 
2024-10-23 14:51:48,096 [FATAL] Updater:334 - Updater called before beeing initialized
2024-10-23 14:51:48,268 [FATAL] Updater:334 - Updater called before beeing initialized
2024-10-23 14:51:48,294 [INFO] DbMcusAds:53 - JSON generation date=Fri Sep 20 22:04:38 KST 2024 (1726837478367)
2024-10-23 14:51:48,295 [FATAL] Updater:334 - Updater called before beeing initialized
2024-10-23 14:51:48,332 [WARN] DetailPanel:346 - Failed to get advertising image, set to default
2024-10-23 14:51:48,391 [FATAL] Updater:334 - Updater called before beeing initialized
2024-10-23 14:51:48,392 [FATAL] Updater:334 - Updater called before beeing initialized
2024-10-23 14:51:48,392 [FATAL] Updater:334 - Updater called before beeing initialized
2024-10-23 14:51:48,392 [WARN] DetailPanel:346 - Failed to get advertising image, set to default
2024-10-23 14:51:48,393 [FATAL] Updater:334 - Updater called before beeing initialized
2024-10-23 14:51:48,449 [INFO] ThirdPartyUpdaterWithRetryManager:70 - Updater plugin not ready yet. [2/15]
2024-10-23 14:51:48,477 [ERROR] Updater:1164 - MainUpdater not yet initialized. External WinMGr cannot be set.
2024-10-23 14:51:48,496 [INFO] Updater:1100 - Updater Version found : 6.12.1
2024-10-23 14:51:48,541 [INFO] ApplicationProperties:184 - Using Application install path: C:\ST\STM32CubeIDE_1.16.1\STM32CubeIDE\plugins\com.st.stm32cube.common.mx_6.12.1.202409122256
2024-10-23 14:51:50,146 [ERROR] LogOutputStream:75 - [STDERR_REDIRECT] Oct 23, 2024 2:51:50 PM java.util.prefs.WindowsPreferences <init>
2024-10-23 14:51:50,149 [ERROR] LogOutputStream:75 - [STDERR_REDIRECT] WARNING: Could not open/create prefs root node Software\JavaSoft\Prefs at root 0xffffffff80000002. Windows RegCreateKeyEx(...) returned error code 5.
2024-10-23 14:51:50,149 [ERROR] LogOutputStream:75 - [STDERR_REDIRECT] 
2024-10-23 14:51:50,808 [INFO] MainUpdater:2873 - connection check result : 10
2024-10-23 14:51:50,809 [INFO] MainUpdater:290 - Updater Check For Update Now.
2024-10-23 14:51:50,809 [INFO] MicroXplorer:498 - Change Database Version : DB.6.0.121
2024-10-23 14:51:50,846 [INFO] McuFinderGlobals:63 - Set McuFinder mode to 2 (CubeIDE integrated)
2024-10-23 14:51:50,852 [INFO] UserAuth:417 - Internet connection configuration mode: 1
2024-10-23 14:51:50,980 [INFO] JxBrowserEngine:152 - Initiate JxBrowser Engine with user profile folder
2024-10-23 14:51:51,061 [INFO] CheckServerUpdateThread:120 - End of CheckServer Thread
2024-10-23 14:51:51,896 [WARN] PackLoader:240 - Cannot read IP mode file for STMicroelectronics.FP-SNS-MOTENVWB1.1.4.0
2024-10-23 14:51:51,991 [WARN] PackLoader:240 - Cannot read IP mode file for STMicroelectronics.X-CUBE-SMBUS.2.1.0
2024-10-23 14:51:52,038 [WARN] PackLoader:240 - Cannot read IP mode file for STMicroelectronics.X-CUBE-WB05N.1.1.0
2024-10-23 14:51:52,136 [WARN] PackLoader:240 - Cannot read IP mode file for STMicroelectronics.X-CUBE-AZRTOS-F7.1.1.0
2024-10-23 14:51:52,323 [WARN] PackLoader:240 - Cannot read IP mode file for STMicroelectronics.X-CUBE-MEMS1.11.0.0
2024-10-23 14:51:52,448 [WARN] PackLoader:240 - Cannot read IP mode file for STMicroelectronics.FP-SNS-FLIGHT1.5.0.2
2024-10-23 14:51:52,478 [WARN] PackLoader:240 - Cannot read IP mode file for STMicroelectronics.X-CUBE-DISPLAY.3.0.0
2024-10-23 14:51:52,497 [WARN] PackLoader:240 - Cannot read IP mode file for STMicroelectronics.X-CUBE-BLE1.7.0.0
2024-10-23 14:51:52,519 [WARN] PackLoader:240 - Cannot read IP mode file for STMicroelectronics.X-CUBE-NFC10.1.0.0
2024-10-23 14:51:52,540 [WARN] PackLoader:240 - Cannot read IP mode file for emotas.I-CUBE-CANOPEN.1.3.0
2024-10-23 14:51:52,562 [WARN] PackLoader:240 - Cannot read IP mode file for STMicroelectronics.X-CUBE-BLEMGR.3.1.0
2024-10-23 14:51:52,580 [WARN] PackLoader:240 - Cannot read IP mode file for STMicroelectronics.FP-SNS-SMARTAG2.1.2.0
2024-10-23 14:51:52,652 [INFO] LogOutputStream:77 - [STDOUT_REDIRECT] 1 : Invalid condition id : UX_CORESTACK_Condition cause : null
2024-10-23 14:51:52,663 [INFO] LogOutputStream:77 - [STDOUT_REDIRECT] 1 : Invalid condition id : UX_CORESTACK_Condition cause : null
2024-10-23 14:51:52,670 [INFO] LogOutputStream:77 - [STDOUT_REDIRECT] 1 : Invalid condition id : UX_CORESTACK_Condition cause : null
2024-10-23 14:51:52,678 [INFO] LogOutputStream:77 - [STDOUT_REDIRECT] 1 : Invalid condition id : UX_CORESTACK_Condition cause : null
2024-10-23 14:51:52,688 [INFO] LogOutputStream:77 - [STDOUT_REDIRECT] 1 : Invalid condition id : UX_CORESTACK_Condition cause : null
2024-10-23 14:51:52,690 [WARN] PackLoader:240 - Cannot read IP mode file for STMicroelectronics.X-CUBE-AZRTOS-WL.2.0.0
2024-10-23 14:51:52,712 [WARN] PackLoader:240 - Cannot read IP mode file for STMicroelectronics.FP-SNS-MOTENV1.5.0.0
2024-10-23 14:51:52,724 [WARN] PackLoader:240 - Cannot read IP mode file for wolfSSL.I-CUBE-wolfMQTT.1.19.0
2024-10-23 14:51:52,781 [WARN] PackLoader:240 - Cannot read IP mode file for WES.I-CUBE-Cesium.1.3.0
2024-10-23 14:51:52,797 [WARN] PackLoader:240 - Cannot read IP mode file for STMicroelectronics.X-CUBE-BLE2.3.3.0
2024-10-23 14:51:52,821 [WARN] PackLoader:240 - Cannot read IP mode file for STMicroelectronics.X-CUBE-NFC9.1.0.0
2024-10-23 14:51:52,845 [WARN] PackLoader:240 - Cannot read IP mode file for STMicroelectronics.X-CUBE-TCPP.4.1.0
2024-10-23 14:51:52,911 [WARN] PackLoader:240 - Cannot read IP mode file for STMicroelectronics.X-CUBE-AZRTOS-G0.1.1.0
2024-10-23 14:51:52,933 [WARN] PackLoader:240 - Cannot read IP mode file for STMicroelectronics.X-CUBE-SAFEA1.1.2.2
2024-10-23 14:51:52,953 [WARN] PackLoader:240 - Cannot read IP mode file for STMicroelectronics.X-CUBE-NFC4.3.0.0
2024-10-23 14:51:52,984 [WARN] PackLoader:240 - Cannot read IP mode file for EmbeddedOffice.I-CUBE-FS-RTOS.1.0.1
2024-10-23 14:51:52,984 [ERROR] ConditionMgr:805 - Attr not supported : Dmpu
2024-10-23 14:51:52,984 [ERROR] ConditionMgr:805 - Attr not supported : Dmpu
2024-10-23 14:51:52,984 [ERROR] ConditionMgr:805 - Attr not supported : Dmpu
2024-10-23 14:51:52,984 [ERROR] ConditionMgr:805 - Attr not supported : Dmpu
2024-10-23 14:51:52,984 [ERROR] ConditionMgr:805 - Attr not supported : Dmpu
2024-10-23 14:51:52,984 [ERROR] ConditionMgr:805 - Attr not supported : Dmpu
2024-10-23 14:51:52,984 [ERROR] ConditionMgr:805 - Attr not supported : Dmpu
2024-10-23 14:51:52,984 [ERROR] ConditionMgr:805 - Attr not supported : Dmpu
2024-10-23 14:51:52,984 [ERROR] ConditionMgr:805 - Attr not supported : Dmpu
2024-10-23 14:51:52,984 [ERROR] ConditionMgr:805 - Attr not supported : Dmpu
2024-10-23 14:51:52,984 [ERROR] ConditionMgr:805 - Attr not supported : Dmpu
2024-10-23 14:51:52,984 [ERROR] ConditionMgr:805 - Attr not supported : Dmpu
2024-10-23 14:51:52,984 [ERROR] ConditionMgr:805 - Attr not supported : Dmpu
2024-10-23 14:51:52,984 [ERROR] ConditionMgr:805 - Attr not supported : Dmpu
2024-10-23 14:51:52,984 [ERROR] ConditionMgr:805 - Attr not supported : Dmpu
2024-10-23 14:51:52,984 [ERROR] ConditionMgr:805 - Attr not supported : Dmpu
2024-10-23 14:51:52,984 [ERROR] ConditionMgr:805 - Attr not supported : Dmpu
2024-10-23 14:51:52,984 [ERROR] ConditionMgr:805 - Attr not supported : Dmpu
2024-10-23 14:51:52,984 [ERROR] ConditionMgr:805 - Attr not supported : Dmpu
2024-10-23 14:51:52,984 [ERROR] ConditionMgr:805 - Attr not supported : Dmpu
2024-10-23 14:51:52,984 [ERROR] ConditionMgr:805 - Attr not supported : Dmpu
2024-10-23 14:51:52,984 [ERROR] ConditionMgr:805 - Attr not supported : Dmpu
2024-10-23 14:51:52,984 [ERROR] ConditionMgr:805 - Attr not supported : Dmpu
2024-10-23 14:51:52,984 [ERROR] ConditionMgr:805 - Attr not supported : Dmpu
2024-10-23 14:51:52,984 [ERROR] ConditionMgr:805 - Attr not supported : Dmpu
2024-10-23 14:51:52,984 [ERROR] ConditionMgr:805 - Attr not supported : Dmpu
2024-10-23 14:51:52,985 [ERROR] ConditionMgr:805 - Attr not supported : Dmpu
2024-10-23 14:51:52,985 [ERROR] ConditionMgr:805 - Attr not supported : Dmpu
2024-10-23 14:51:52,985 [ERROR] ConditionMgr:805 - Attr not supported : Dmpu
2024-10-23 14:51:52,985 [ERROR] ConditionMgr:805 - Attr not supported : Dmpu
2024-10-23 14:51:52,985 [ERROR] ConditionMgr:805 - Attr not supported : Dmpu
2024-10-23 14:51:52,985 [ERROR] ConditionMgr:805 - Attr not supported : Dmpu
2024-10-23 14:51:52,985 [ERROR] ConditionMgr:805 - Attr not supported : Dmpu
2024-10-23 14:51:52,985 [ERROR] ConditionMgr:805 - Attr not supported : Dmpu
2024-10-23 14:51:52,985 [ERROR] ConditionMgr:805 - Attr not supported : Dmpu
2024-10-23 14:51:52,985 [ERROR] ConditionMgr:805 - Attr not supported : Dmpu
2024-10-23 14:51:52,985 [ERROR] ConditionMgr:805 - Attr not supported : Dmpu
2024-10-23 14:51:52,985 [ERROR] ConditionMgr:805 - Attr not supported : Dmpu
2024-10-23 14:51:52,985 [ERROR] ConditionMgr:805 - Attr not supported : Dmpu
2024-10-23 14:51:52,985 [ERROR] ConditionMgr:805 - Attr not supported : Dmpu
2024-10-23 14:51:52,985 [ERROR] ConditionMgr:805 - Attr not supported : Dmpu
2024-10-23 14:51:52,985 [ERROR] ConditionMgr:805 - Attr not supported : Dmpu
2024-10-23 14:51:52,985 [ERROR] ConditionMgr:805 - Attr not supported : Dmpu
2024-10-23 14:51:52,985 [ERROR] ConditionMgr:805 - Attr not supported : Dmpu
2024-10-23 14:51:52,985 [ERROR] ConditionMgr:805 - Attr not supported : Dmpu
2024-10-23 14:51:52,985 [ERROR] ConditionMgr:805 - Attr not supported : Dmpu
2024-10-23 14:51:52,985 [ERROR] ConditionMgr:805 - Attr not supported : Dmpu
2024-10-23 14:51:52,985 [ERROR] ConditionMgr:805 - Attr not supported : Dmpu
2024-10-23 14:51:52,985 [ERROR] ConditionMgr:805 - Attr not supported : Dmpu
2024-10-23 14:51:52,985 [ERROR] ConditionMgr:805 - Attr not supported : Dmpu
2024-10-23 14:51:52,985 [ERROR] ConditionMgr:805 - Attr not supported : Dmpu
2024-10-23 14:51:52,985 [ERROR] ConditionMgr:805 - Attr not supported : Dmpu
2024-10-23 14:51:52,985 [ERROR] ConditionMgr:805 - Attr not supported : Dmpu
2024-10-23 14:51:52,985 [ERROR] ConditionMgr:805 - Attr not supported : Dmpu
2024-10-23 14:51:52,985 [ERROR] ConditionMgr:805 - Attr not supported : Dmpu
2024-10-23 14:51:52,985 [ERROR] ConditionMgr:805 - Attr not supported : Dmpu
2024-10-23 14:51:52,985 [ERROR] ConditionMgr:805 - Attr not supported : Dmpu
2024-10-23 14:51:52,985 [ERROR] ConditionMgr:805 - Attr not supported : Dmpu
2024-10-23 14:51:52,985 [ERROR] ConditionMgr:805 - Attr not supported : Dmpu
2024-10-23 14:51:52,985 [ERROR] ConditionMgr:805 - Attr not supported : Dmpu
2024-10-23 14:51:52,986 [ERROR] ConditionMgr:805 - Attr not supported : Dmpu
2024-10-23 14:51:52,986 [ERROR] ConditionMgr:805 - Attr not supported : Dmpu
2024-10-23 14:51:52,986 [ERROR] ConditionMgr:805 - Attr not supported : Dmpu
2024-10-23 14:51:52,986 [ERROR] ConditionMgr:805 - Attr not supported : Dmpu
2024-10-23 14:51:53,005 [WARN] PackLoader:240 - Cannot read IP mode file for RealThread.X-CUBE-RT-Thread_Nano.4.1.1
2024-10-23 14:51:53,020 [WARN] PackLoader:240 - Cannot read IP mode file for STMicroelectronics.FP-ATR-SIGFOX1.3.2.0
2024-10-23 14:51:53,036 [WARN] PackLoader:240 - Cannot read IP mode file for wolfSSL.I-CUBE-wolfSSL.5.7.2
2024-10-23 14:51:53,055 [WARN] PackLoader:240 - Cannot read IP mode file for STMicroelectronics.X-CUBE-EEPRMA1.5.1.0
2024-10-23 14:51:53,081 [WARN] PackLoader:240 - Cannot read IP mode file for ITTIA_DB.I-CUBE-ITTIADB.8.9.0
2024-10-23 14:51:53,143 [WARN] PackLoader:240 - Cannot read IP mode file for SEGGER.I-CUBE-embOS.1.3.1
2024-10-23 14:51:53,182 [WARN] PackLoader:240 - Cannot read IP mode file for STMicroelectronics.X-CUBE-ALGOBUILD.1.4.0
2024-10-23 14:51:53,198 [WARN] PackLoader:240 - Cannot read IP mode file for STMicroelectronics.X-CUBE-AI.9.1.0
2024-10-23 14:51:53,261 [WARN] PackLoader:240 - Cannot read IP mode file for STMicroelectronics.X-CUBE-AZRTOS-F4.1.1.0
2024-10-23 14:51:53,274 [WARN] PackLoader:240 - Cannot read IP mode file for STMicroelectronics.X-CUBE-ISPU.2.1.0
2024-10-23 14:51:53,287 [WARN] PackLoader:240 - Cannot read IP mode file for STMicroelectronics.X-CUBE-FREERTOS.1.2.0
2024-10-23 14:51:53,307 [WARN] PackLoader:240 - Cannot read IP mode file for STMicroelectronics.X-CUBE-AZRTOS-L5.2.0.0
2024-10-23 14:51:53,322 [WARN] PackLoader:240 - Cannot read IP mode file for STMicroelectronics.X-CUBE-NFC6.3.1.0
2024-10-23 14:51:53,334 [WARN] PackLoader:240 - Cannot read IP mode file for STMicroelectronics.X-CUBE-DPower.1.2.0
2024-10-23 14:51:53,347 [WARN] PackLoader:240 - Cannot read IP mode file for STMicroelectronics.X-CUBE-NFC7.1.0.1
2024-10-23 14:51:53,370 [WARN] ConditionMgr:438 - getConditionDescription Invalid condition id : LAN8742 Phy interface Condition cause : null
2024-10-23 14:51:53,371 [WARN] PackLoader:240 - Cannot read IP mode file for STMicroelectronics.X-CUBE-AZRTOS-L4.2.0.0
2024-10-23 14:51:53,372 [WARN] ConditionMgr:1039 - genDependencies : Invalid condition id : LAN8742 Phy interface Condition cause : null
2024-10-23 14:51:53,372 [WARN] ConditionMgr:1039 - genDependencies : Invalid condition id : LAN8742 Phy interface Condition cause : null
2024-10-23 14:51:53,372 [WARN] ConditionMgr:1039 - genDependencies : Invalid condition id : LAN8742 Phy interface Condition cause : null
2024-10-23 14:51:53,388 [WARN] PackLoader:240 - Cannot read IP mode file for STMicroelectronics.X-CUBE-SFXS2LP1.4.0.0
2024-10-23 14:51:53,412 [WARN] PackLoader:240 - Cannot read IP mode file for STMicroelectronics.X-CUBE-AZRTOS-H7.3.3.0
2024-10-23 14:51:53,436 [WARN] PackLoader:240 - Cannot read IP mode file for STMicroelectronics.X-CUBE-IPS.3.0.0
2024-10-23 14:51:53,500 [WARN] ConditionMgr:438 - getConditionDescription Invalid condition id : UX DEVICE CLASS RTOS Condition cause : null
2024-10-23 14:51:53,500 [WARN] ConditionMgr:438 - getConditionDescription Invalid condition id : UX DEVICE CLASS RTOS Condition cause : null
2024-10-23 14:51:53,502 [WARN] PackLoader:240 - Cannot read IP mode file for STMicroelectronics.X-CUBE-AZRTOS-WB.2.0.0
2024-10-23 14:51:53,502 [WARN] ConditionMgr:1039 - genDependencies : Invalid condition id : UX DEVICE CLASS RTOS Condition cause : null
2024-10-23 14:51:53,502 [WARN] ConditionMgr:1039 - genDependencies : Invalid condition id : UX DEVICE CLASS RTOS Condition cause : null
2024-10-23 14:51:53,502 [WARN] ConditionMgr:1039 - genDependencies : Invalid condition id : UX DEVICE CLASS RTOS Condition cause : null
2024-10-23 14:51:53,502 [WARN] ConditionMgr:1039 - genDependencies : Invalid condition id : UX DEVICE CLASS RTOS Condition cause : null
2024-10-23 14:51:53,503 [WARN] ConditionMgr:1039 - genDependencies : Invalid condition id : UX DEVICE CLASS RTOS Condition cause : null
2024-10-23 14:51:53,518 [WARN] PackLoader:240 - Cannot read IP mode file for STMicroelectronics.X-CUBE-GNSS1.7.0.0
2024-10-23 14:51:53,531 [WARN] PackLoader:240 - Cannot read IP mode file for STMicroelectronics.FP-SNS-STBOX1.2.0.0
2024-10-23 14:51:53,552 [WARN] PackLoader:240 - Cannot read IP mode file for STMicroelectronics.X-CUBE-SUBG2.5.0.0
2024-10-23 14:51:53,579 [WARN] PackLoader:240 - Cannot read IP mode file for Cesanta.I-CUBE-Mongoose.7.13.0
2024-10-23 14:51:53,607 [WARN] PackLoader:240 - Cannot read IP mode file for STMicroelectronics.X-CUBE-AZRTOS-G4.2.0.0
2024-10-23 14:51:53,629 [WARN] PackLoader:240 - Cannot read IP mode file for STMicroelectronics.X-CUBE-ALS.1.0.2
2024-10-23 14:51:53,695 [WARN] PackLoader:240 - Cannot read IP mode file for STMicroelectronics.X-CUBE-TOUCHGFX.4.24.1
2024-10-23 14:51:53,723 [WARN] PackLoader:240 - Cannot read IP mode file for wolfSSL.I-CUBE-wolfTPM.3.4.0
2024-10-23 14:51:53,735 [WARN] PackLoader:240 - Cannot read IP mode file for portGmbH.I-Cube-SoM-uGOAL.1.1.0
2024-10-23 14:51:53,757 [WARN] PackLoader:240 - Cannot read IP mode file for STMicroelectronics.X-CUBE-AZRTOS-H7RS.1.0.0
2024-10-23 14:51:53,783 [WARN] PackLoader:240 - Cannot read IP mode file for STMicroelectronics.FP-ATR-ASTRA1.2.0.0
2024-10-23 14:51:53,807 [WARN] PackLoader:240 - Cannot read IP mode file for STMicroelectronics.X-CUBE-TOF1.3.4.2
2024-10-23 14:51:53,846 [WARN] PackLoader:240 - Cannot read IP mode file for Infineon.AIROC-Wi-Fi-Bluetooth-STM32.1.6.1
2024-10-23 14:51:53,862 [WARN] PackLoader:240 - Cannot read IP mode file for wolfSSL.I-CUBE-wolfSSH.1.4.17
2024-10-23 14:51:53,868 [INFO] ThirdParty:978 - Integrity check success = true
2024-10-23 14:51:53,868 [INFO] IntegrityCheckThread:100 - exiting critical section [integrity check]
2024-10-23 14:51:53,868 [INFO] IntegrityCheckThread:103 - End integrity checks thread
2024-10-23 14:51:55,874 [INFO] WebApp:167 - Instantiating new browser for Auth
2024-10-23 14:51:56,638 [INFO] WebApp:448 - Apply proxy settings
2024-10-23 14:51:56,638 [INFO] WebApp:533 - Chromium requires no authentication
2024-10-23 14:51:56,647 [INFO] WebApp:476 - Direct internet connection detected
2024-10-23 14:51:56,675 [INFO] WebApp:869 - Register for checkConnection events
2024-10-23 14:51:56,676 [INFO] WebApp:448 - Apply proxy settings
2024-10-23 14:51:56,676 [INFO] WebApp:533 - Chromium requires no authentication
2024-10-23 14:51:56,676 [INFO] WebApp:476 - Direct internet connection detected
2024-10-23 14:51:56,841 [INFO] WebApp:220 - Starting web application
2024-10-23 14:51:56,841 [INFO] WebApp:578 - Web application path used C:\ST\STM32CubeIDE_1.16.1\STM32CubeIDE\plugins\com.st.stm32cube.common.mx_6.12.1.202409122256\db\plugins\mcufinder\reactClient1\index.html
2024-10-23 14:51:56,997 [INFO] UserAuth:417 - Internet connection configuration mode: 1
2024-10-23 14:51:57,056 [INFO] WebApp:186 - Connection restablished
2024-10-23 20:30:11,171 [ERROR] LogOutputStream:75 - [STDERR_REDIRECT] 
