2024-10-22 16:15:26,733 [INFO] Activator:176 - 


2024-10-22 16:15:26,737 [INFO] Activator:177 - !SESSION log4j initialized
2024-10-22 16:15:32,047 [INFO] LogOutputStream:77 - [STDOUT_REDIRECT] 
2024-10-22 16:15:35,644 [INFO] ApplicationProperties:184 - Using Application install path: C:\ST\STM32CubeIDE_1.16.1\STM32CubeIDE\plugins\com.st.stm32cube.common.mx_6.12.1.202409122256
2024-10-22 16:15:35,696 [INFO] DbMcusXml:78 - Set database path to: C:\ST\STM32CubeIDE_1.16.1\STM32CubeIDE\plugins\com.st.stm32cube.common.mx_6.12.1.202409122256\\db\/mcu/
2024-10-22 16:15:35,697 [INFO] ApiDb:274 - Set plugin database path to: C:\ST\STM32CubeIDE_1.16.1\STM32CubeIDE\plugins\com.st.stm32cube.common.mx_6.12.1.202409122256\\db\/plugins/boardmanager/
2024-10-22 16:15:35,698 [WARN] ApiDb:259 - Overriding images path with different value:  => C:\ST\STM32CubeIDE_1.16.1\STM32CubeIDE\plugins\com.st.stm32cube.common.mx_6.12.1.202409122256\\db\/plugins/mcufinder/images/
2024-10-22 16:15:35,710 [INFO] ApiDb:250 - Set database path to: C:\Users\cheoljun99\.stmcufinder\plugins\mcufinder//mcu/
2024-10-22 16:15:35,712 [INFO] DbMcusAds:125 - Set database path to: C:\Users\cheoljun99\.stmcufinder\plugins\mcufinder//mcu/
2024-10-22 16:15:35,719 [INFO] CrossReferenceDbSqlite:203 - Set database path to: C:\Users\cheoljun99\.stmcufinder\plugins\mcufinder//mcu/cs/
2024-10-22 16:15:36,063 [INFO] RulesReader:64 - Compatibility file has been processed (297 Rules)
2024-10-22 16:15:36,215 [INFO] DbMcusXml:78 - Set database path to: C:\ST\STM32CubeIDE_1.16.1\STM32CubeIDE\plugins\com.st.stm32cube.common.mx_6.12.1.202409122256\\db\/mcu/
2024-10-22 16:15:36,215 [INFO] ApiDb:274 - Set plugin database path to: C:\ST\STM32CubeIDE_1.16.1\STM32CubeIDE\plugins\com.st.stm32cube.common.mx_6.12.1.202409122256\\db\/plugins/boardmanager/
2024-10-22 16:15:36,215 [INFO] ApiDb:261 - Set plugin images path to: C:\ST\STM32CubeIDE_1.16.1\STM32CubeIDE\plugins\com.st.stm32cube.common.mx_6.12.1.202409122256\\db\/plugins/mcufinder/images/
2024-10-22 16:15:36,215 [WARN] DbFile:41 - Overriding database path with different value: C:\Users\cheoljun99\.stmcufinder\plugins\mcufinder/ => C:\Users\cheoljun99\.stmcufinder\plugins\mcufinder
2024-10-22 16:15:36,215 [INFO] ApiDb:250 - Set database path to: C:\Users\cheoljun99\.stmcufinder\plugins\mcufinder//mcu/
2024-10-22 16:15:36,216 [WARN] DbFile:41 - Overriding database path with different value: C:\Users\cheoljun99\.stmcufinder\plugins\mcufinder/ => C:\Users\cheoljun99\.stmcufinder\plugins\mcufinder
2024-10-22 16:15:36,216 [INFO] DbMcusAds:125 - Set database path to: C:\Users\cheoljun99\.stmcufinder\plugins\mcufinder//mcu/
2024-10-22 16:15:36,216 [WARN] DbFile:41 - Overriding database path with different value: C:\Users\cheoljun99\.stmcufinder\plugins\mcufinder/ => C:\Users\cheoljun99\.stmcufinder\plugins\mcufinder
2024-10-22 16:15:36,216 [WARN] DbFile:41 - Overriding database path with different value: C:\Users\cheoljun99\.stmcufinder\plugins\mcufinder/ => C:\Users\cheoljun99\.stmcufinder\plugins\mcufinder
2024-10-22 16:15:36,216 [INFO] CrossReferenceDbSqlite:203 - Set database path to: C:\Users\cheoljun99\.stmcufinder\plugins\mcufinder//mcu/cs/
2024-10-22 16:15:36,279 [INFO] MainPanel:268 - HeapMemory: 438304768
2024-10-22 16:15:36,341 [INFO] DbMcusXml:78 - Set database path to: C:\ST\STM32CubeIDE_1.16.1\STM32CubeIDE\plugins\com.st.stm32cube.common.mx_6.12.1.202409122256\\db\/mcu/
2024-10-22 16:15:36,341 [INFO] ApiDb:274 - Set plugin database path to: C:\ST\STM32CubeIDE_1.16.1\STM32CubeIDE\plugins\com.st.stm32cube.common.mx_6.12.1.202409122256\\db\/plugins/boardmanager/
2024-10-22 16:15:36,341 [INFO] ApiDb:261 - Set plugin images path to: C:\ST\STM32CubeIDE_1.16.1\STM32CubeIDE\plugins\com.st.stm32cube.common.mx_6.12.1.202409122256\\db\/plugins/mcufinder/images/
2024-10-22 16:15:36,341 [WARN] DbFile:41 - Overriding database path with different value: C:\Users\cheoljun99\.stmcufinder\plugins\mcufinder/ => C:\Users\cheoljun99\.stmcufinder\plugins\mcufinder
2024-10-22 16:15:36,341 [INFO] ApiDb:250 - Set database path to: C:\Users\cheoljun99\.stmcufinder\plugins\mcufinder//mcu/
2024-10-22 16:15:36,341 [WARN] DbFile:41 - Overriding database path with different value: C:\Users\cheoljun99\.stmcufinder\plugins\mcufinder/ => C:\Users\cheoljun99\.stmcufinder\plugins\mcufinder
2024-10-22 16:15:36,341 [INFO] DbMcusAds:125 - Set database path to: C:\Users\cheoljun99\.stmcufinder\plugins\mcufinder//mcu/
2024-10-22 16:15:36,341 [WARN] DbFile:41 - Overriding database path with different value: C:\Users\cheoljun99\.stmcufinder\plugins\mcufinder/ => C:\Users\cheoljun99\.stmcufinder\plugins\mcufinder
2024-10-22 16:15:36,342 [WARN] DbFile:41 - Overriding database path with different value: C:\Users\cheoljun99\.stmcufinder\plugins\mcufinder/ => C:\Users\cheoljun99\.stmcufinder\plugins\mcufinder
2024-10-22 16:15:36,342 [INFO] CrossReferenceDbSqlite:203 - Set database path to: C:\Users\cheoljun99\.stmcufinder\plugins\mcufinder//mcu/cs/
2024-10-22 16:15:36,357 [INFO] ApplicationProperties:184 - Using Application install path: C:\ST\STM32CubeIDE_1.16.1\STM32CubeIDE\plugins\com.st.stm32cube.common.mx_6.12.1.202409122256
2024-10-22 16:15:36,358 [INFO] PluginManage:196 - Search for loadable plugins [exclusion list=, ]
2024-10-22 16:15:36,360 [INFO] PluginManage:310 - Check plugin analytics
2024-10-22 16:15:36,578 [INFO] AnalyticsPlugin:253 - Accepted Software Licenses: 
2024-10-22 16:15:36,579 [INFO] AnalyticsPlugin:255 - Accepted CMSIS Pack Licenses: 
2024-10-22 16:15:36,579 [INFO] AnalyticsPlugin:257 - Accepted Firmware Licenses: FW.F4.1.28.0,FW.L5.1.5.0
2024-10-22 16:15:36,583 [INFO] PluginManage:359 - Loaded plugin analytics (category:tool,tabindex:-1)
2024-10-22 16:15:36,583 [INFO] PluginManage:310 - Check plugin cadmodel
2024-10-22 16:15:36,590 [INFO] CADModel:105 - Init CAD model plugin
2024-10-22 16:15:36,591 [INFO] PluginManage:359 - Loaded plugin cadmodel (category:power,tabindex:5)
2024-10-22 16:15:36,591 [INFO] PluginManage:310 - Check plugin clock
2024-10-22 16:15:36,605 [INFO] PluginManage:359 - Loaded plugin clock (category:base,tabindex:2)
2024-10-22 16:15:36,605 [INFO] PluginManage:310 - Check plugin ddr
2024-10-22 16:15:36,606 [INFO] PluginManage:359 - Loaded plugin ddr (category:tool,tabindex:6)
2024-10-22 16:15:36,607 [INFO] PluginManage:310 - Check plugin filemanager
2024-10-22 16:15:36,752 [INFO] PluginManage:359 - Loaded plugin filemanager (category:base,tabindex:10)
2024-10-22 16:15:36,752 [INFO] PluginManage:310 - Check plugin ipmanager
2024-10-22 16:15:36,757 [INFO] PluginManage:359 - Loaded plugin ipmanager (category:base,tabindex:5)
2024-10-22 16:15:36,757 [INFO] PluginManage:310 - Check plugin lpbam
2024-10-22 16:15:36,764 [INFO] PluginManage:359 - Loaded plugin lpbam (category:base,tabindex:0)
2024-10-22 16:15:36,764 [INFO] PluginManage:310 - Check plugin memorymap
2024-10-22 16:15:36,775 [INFO] PluginManage:359 - Loaded plugin memorymap (category:base,tabindex:4)
2024-10-22 16:15:36,775 [INFO] PluginManage:310 - Check plugin pinoutandconfiguration
2024-10-22 16:15:36,781 [INFO] PluginManage:359 - Loaded plugin pinoutandconfiguration (category:base,tabindex:1)
2024-10-22 16:15:36,781 [INFO] PluginManage:310 - Check plugin pinoutconfig
2024-10-22 16:15:36,847 [WARN] SupportedApi:132 - Cannot load RTOS API schema: s4s-elt-must-match.1: The content of 'definitions' must match (annotation?, (simpleType | complexType)?, (unique | key | keyref)*)). A problem was found starting at: attribute.
2024-10-22 16:15:36,944 [INFO] PluginManage:359 - Loaded plugin pinoutconfig (category:base,tabindex:0)
2024-10-22 16:15:36,945 [INFO] PluginManage:310 - Check plugin power
2024-10-22 16:15:36,950 [INFO] PluginManage:359 - Loaded plugin power (category:power,tabindex:4)
2024-10-22 16:15:36,950 [INFO] PluginManage:310 - Check plugin projectmanager
2024-10-22 16:15:36,963 [INFO] PluginManage:359 - Loaded plugin projectmanager (category:projectmanager,tabindex:4)
2024-10-22 16:15:36,963 [INFO] PluginManage:310 - Check plugin rif
2024-10-22 16:15:36,967 [INFO] PluginManage:359 - Loaded plugin rif (category:base,tabindex:3)
2024-10-22 16:15:36,967 [INFO] PluginManage:310 - Check plugin thirdparty
2024-10-22 16:15:37,066 [WARN] IntegrityCheckThread:84 - waiting for thirdparty lock release [integrity check]
2024-10-22 16:15:37,067 [INFO] IntegrityCheckThread:86 - entering critical section [integrity check]
2024-10-22 16:15:37,067 [INFO] PluginManage:359 - Loaded plugin thirdparty (category:base,tabindex:-1)
2024-10-22 16:15:37,067 [INFO] PluginManage:310 - Check plugin tools
2024-10-22 16:15:37,067 [INFO] ThirdPartyUpdaterWithRetryManager:70 - Updater plugin not ready yet. [1/15]
2024-10-22 16:15:37,072 [INFO] PluginManage:359 - Loaded plugin tools (category:base,tabindex:7)
2024-10-22 16:15:37,072 [INFO] PluginManage:310 - Check plugin tutovideos
2024-10-22 16:15:37,200 [INFO] PluginManage:359 - Loaded plugin tutovideos (category:base,tabindex:-1)
2024-10-22 16:15:37,201 [INFO] PluginManage:310 - Check plugin updater
2024-10-22 16:15:37,213 [INFO] PluginManage:359 - Loaded plugin updater (category:base,tabindex:12)
2024-10-22 16:15:37,214 [INFO] PluginManage:310 - Check plugin userauth
2024-10-22 16:15:37,217 [INFO] UserAuth:113 - Init User Auth plugin
2024-10-22 16:15:37,217 [INFO] PluginManage:359 - Loaded plugin userauth (category:base,tabindex:14)
2024-10-22 16:15:37,218 [INFO] PluginManage:283 - PluginManage : Loaded plugins [18]
2024-10-22 16:15:37,409 [INFO] PinOutPanel:1561 - setPackage(No Configuration,No Configuration)
2024-10-22 16:15:37,482 [INFO] CADModel:165 - CPN selected for project level
2024-10-22 16:15:37,482 [INFO] CADModel:114 - Register for checkConnection events
2024-10-22 16:15:37,498 [INFO] IPUIPlugin:80 - create IPUIPlugin
2024-10-22 16:15:37,498 [INFO] PluginManager:220 - loadIPPluginJar : add adc
2024-10-22 16:15:37,501 [INFO] IPUIPlugin:80 - create IPUIPlugin
2024-10-22 16:15:37,501 [INFO] PluginManager:220 - loadIPPluginJar : add aes
2024-10-22 16:15:37,503 [INFO] IPUIPlugin:80 - create IPUIPlugin
2024-10-22 16:15:37,503 [INFO] PluginManager:220 - loadIPPluginJar : add can
2024-10-22 16:15:37,504 [INFO] IPUIPlugin:80 - create IPUIPlugin
2024-10-22 16:15:37,504 [INFO] PluginManager:220 - loadIPPluginJar : add comp
2024-10-22 16:15:37,506 [INFO] IPUIPlugin:80 - create IPUIPlugin
2024-10-22 16:15:37,506 [INFO] PluginManager:220 - loadIPPluginJar : add cryp
2024-10-22 16:15:37,509 [INFO] IPUIPlugin:80 - create IPUIPlugin
2024-10-22 16:15:37,509 [INFO] PluginManager:220 - loadIPPluginJar : add ddr_ctrl_phy
2024-10-22 16:15:37,511 [INFO] IPUIPlugin:80 - create IPUIPlugin
2024-10-22 16:15:37,511 [INFO] PluginManager:220 - loadIPPluginJar : add dfsdm
2024-10-22 16:15:37,516 [INFO] IPUIPlugin:80 - create IPUIPlugin
2024-10-22 16:15:37,517 [INFO] PluginManager:220 - loadIPPluginJar : add dma
2024-10-22 16:15:37,520 [INFO] IPUIPlugin:80 - create IPUIPlugin
2024-10-22 16:15:37,520 [INFO] PluginManager:220 - loadIPPluginJar : add dma3
2024-10-22 16:15:37,522 [INFO] IPUIPlugin:80 - create IPUIPlugin
2024-10-22 16:15:37,522 [INFO] PluginManager:220 - loadIPPluginJar : add extmemmanager
2024-10-22 16:15:37,524 [INFO] IPUIPlugin:80 - create IPUIPlugin
2024-10-22 16:15:37,524 [INFO] PluginManager:220 - loadIPPluginJar : add fatfs
2024-10-22 16:15:37,528 [INFO] IPUIPlugin:80 - create IPUIPlugin
2024-10-22 16:15:37,528 [INFO] PluginManager:220 - loadIPPluginJar : add fmc
2024-10-22 16:15:37,533 [INFO] IPUIPlugin:80 - create IPUIPlugin
2024-10-22 16:15:37,534 [INFO] PluginManager:220 - loadIPPluginJar : add freertos
2024-10-22 16:15:37,534 [INFO] IPUIPlugin:80 - create IPUIPlugin
2024-10-22 16:15:37,534 [INFO] PluginManager:220 - loadIPPluginJar : add genericplugin
2024-10-22 16:15:37,536 [INFO] IPUIPlugin:80 - create IPUIPlugin
2024-10-22 16:15:37,536 [INFO] PluginManager:220 - loadIPPluginJar : add gfxmmu
2024-10-22 16:15:37,539 [INFO] IPUIPlugin:80 - create IPUIPlugin
2024-10-22 16:15:37,539 [INFO] PluginManager:220 - loadIPPluginJar : add gic
2024-10-22 16:15:37,542 [INFO] IPUIPlugin:80 - create IPUIPlugin
2024-10-22 16:15:37,542 [INFO] PluginManager:220 - loadIPPluginJar : add gpio
2024-10-22 16:15:37,544 [INFO] IPUIPlugin:80 - create IPUIPlugin
2024-10-22 16:15:37,545 [INFO] PluginManager:220 - loadIPPluginJar : add gtzc
2024-10-22 16:15:37,546 [INFO] IPUIPlugin:80 - create IPUIPlugin
2024-10-22 16:15:37,546 [INFO] PluginManager:220 - loadIPPluginJar : add hash
2024-10-22 16:15:37,548 [INFO] IPUIPlugin:80 - create IPUIPlugin
2024-10-22 16:15:37,548 [INFO] PluginManager:220 - loadIPPluginJar : add i2c
2024-10-22 16:15:37,549 [INFO] IPUIPlugin:80 - create IPUIPlugin
2024-10-22 16:15:37,549 [INFO] PluginManager:220 - loadIPPluginJar : add i2s
2024-10-22 16:15:37,551 [INFO] IPUIPlugin:80 - create IPUIPlugin
2024-10-22 16:15:37,551 [INFO] PluginManager:220 - loadIPPluginJar : add i3c
2024-10-22 16:15:37,553 [INFO] IPUIPlugin:80 - create IPUIPlugin
2024-10-22 16:15:37,553 [INFO] PluginManager:220 - loadIPPluginJar : add ipddr
2024-10-22 16:15:37,559 [INFO] IPUIPlugin:80 - create IPUIPlugin
2024-10-22 16:15:37,559 [INFO] PluginManager:220 - loadIPPluginJar : add linkedlist
2024-10-22 16:15:37,561 [INFO] IPUIPlugin:80 - create IPUIPlugin
2024-10-22 16:15:37,561 [INFO] PluginManager:220 - loadIPPluginJar : add lorawan
2024-10-22 16:15:37,562 [INFO] IPUIPlugin:80 - create IPUIPlugin
2024-10-22 16:15:37,562 [INFO] PluginManager:220 - loadIPPluginJar : add ltdc
2024-10-22 16:15:37,566 [INFO] IPUIPlugin:80 - create IPUIPlugin
2024-10-22 16:15:37,566 [INFO] PluginManager:220 - loadIPPluginJar : add mdma
2024-10-22 16:15:37,569 [INFO] IPUIPlugin:80 - create IPUIPlugin
2024-10-22 16:15:37,569 [INFO] PluginManager:220 - loadIPPluginJar : add nvic
2024-10-22 16:15:37,571 [INFO] IPUIPlugin:80 - create IPUIPlugin
2024-10-22 16:15:37,571 [INFO] PluginManager:220 - loadIPPluginJar : add opamp
2024-10-22 16:15:37,573 [INFO] IPUIPlugin:80 - create IPUIPlugin
2024-10-22 16:15:37,573 [INFO] PluginManager:220 - loadIPPluginJar : add openamp
2024-10-22 16:15:37,574 [INFO] IPUIPlugin:80 - create IPUIPlugin
2024-10-22 16:15:37,575 [INFO] PluginManager:220 - loadIPPluginJar : add pdm2pcm
2024-10-22 16:15:37,578 [INFO] IPUIPlugin:80 - create IPUIPlugin
2024-10-22 16:15:37,580 [INFO] PluginManager:220 - loadIPPluginJar : add plateformsettings
2024-10-22 16:15:37,581 [INFO] IPUIPlugin:80 - create IPUIPlugin
2024-10-22 16:15:37,581 [INFO] PluginManager:220 - loadIPPluginJar : add quadspi
2024-10-22 16:15:37,582 [INFO] IPUIPlugin:80 - create IPUIPlugin
2024-10-22 16:15:37,582 [INFO] PluginManager:220 - loadIPPluginJar : add radio
2024-10-22 16:15:37,585 [INFO] IPUIPlugin:80 - create IPUIPlugin
2024-10-22 16:15:37,585 [INFO] PluginManager:220 - loadIPPluginJar : add resmgrutility
2024-10-22 16:15:37,589 [INFO] IPUIPlugin:80 - create IPUIPlugin
2024-10-22 16:15:37,589 [INFO] PluginManager:220 - loadIPPluginJar : add sai
2024-10-22 16:15:37,590 [INFO] IPUIPlugin:80 - create IPUIPlugin
2024-10-22 16:15:37,590 [INFO] PluginManager:220 - loadIPPluginJar : add spi
2024-10-22 16:15:37,594 [INFO] IPUIPlugin:80 - create IPUIPlugin
2024-10-22 16:15:37,594 [INFO] PluginManager:220 - loadIPPluginJar : add stm32_wpan
2024-10-22 16:15:37,595 [INFO] IPUIPlugin:80 - create IPUIPlugin
2024-10-22 16:15:37,595 [INFO] PluginManager:220 - loadIPPluginJar : add tim
2024-10-22 16:15:37,598 [INFO] IPUIPlugin:80 - create IPUIPlugin
2024-10-22 16:15:37,598 [INFO] PluginManager:220 - loadIPPluginJar : add touchsensing
2024-10-22 16:15:37,599 [INFO] IPUIPlugin:80 - create IPUIPlugin
2024-10-22 16:15:37,599 [INFO] PluginManager:220 - loadIPPluginJar : add tracer_emb
2024-10-22 16:15:37,600 [INFO] IPUIPlugin:80 - create IPUIPlugin
2024-10-22 16:15:37,600 [INFO] PluginManager:220 - loadIPPluginJar : add ts
2024-10-22 16:15:37,601 [INFO] IPUIPlugin:80 - create IPUIPlugin
2024-10-22 16:15:37,601 [INFO] PluginManager:220 - loadIPPluginJar : add tsc
2024-10-22 16:15:37,602 [INFO] IPUIPlugin:80 - create IPUIPlugin
2024-10-22 16:15:37,602 [INFO] PluginManager:220 - loadIPPluginJar : add ucpd
2024-10-22 16:15:37,604 [INFO] IPUIPlugin:80 - create IPUIPlugin
2024-10-22 16:15:37,604 [INFO] PluginManager:220 - loadIPPluginJar : add usart
2024-10-22 16:15:37,606 [INFO] IPUIPlugin:80 - create IPUIPlugin
2024-10-22 16:15:37,606 [INFO] PluginManager:220 - loadIPPluginJar : add usbx
2024-10-22 16:15:37,716 [INFO] CADModel:165 - CPN selected for project level
2024-10-22 16:15:37,716 [INFO] CADModel:114 - Register for checkConnection events
2024-10-22 16:15:37,716 [FATAL] Updater:334 - Updater called before beeing initialized
2024-10-22 16:15:37,716 [ERROR] CADModel:125 - Updater not yet initialized, retry later 
2024-10-22 16:15:37,807 [INFO] CADModel:165 - CPN selected for project level
2024-10-22 16:15:37,807 [INFO] CADModel:114 - Register for checkConnection events
2024-10-22 16:15:37,807 [FATAL] Updater:334 - Updater called before beeing initialized
2024-10-22 16:15:37,807 [ERROR] CADModel:125 - Updater not yet initialized, retry later 
2024-10-22 16:15:37,810 [FATAL] Updater:334 - Updater called before beeing initialized
2024-10-22 16:15:37,895 [FATAL] Updater:334 - Updater called before beeing initialized
2024-10-22 16:15:37,898 [INFO] DbMcusAds:53 - JSON generation date=Fri Sep 20 22:04:38 KST 2024 (1726837478367)
2024-10-22 16:15:37,898 [FATAL] Updater:334 - Updater called before beeing initialized
2024-10-22 16:15:37,923 [WARN] DetailPanel:346 - Failed to get advertising image, set to default
2024-10-22 16:15:37,978 [FATAL] Updater:334 - Updater called before beeing initialized
2024-10-22 16:15:37,980 [FATAL] Updater:334 - Updater called before beeing initialized
2024-10-22 16:15:37,980 [FATAL] Updater:334 - Updater called before beeing initialized
2024-10-22 16:15:37,980 [WARN] DetailPanel:346 - Failed to get advertising image, set to default
2024-10-22 16:15:37,981 [FATAL] Updater:334 - Updater called before beeing initialized
2024-10-22 16:15:38,015 [ERROR] Updater:1164 - MainUpdater not yet initialized. External WinMGr cannot be set.
2024-10-22 16:15:38,017 [INFO] Updater:1100 - Updater Version found : 6.12.1
2024-10-22 16:15:38,032 [INFO] ApplicationProperties:184 - Using Application install path: C:\ST\STM32CubeIDE_1.16.1\STM32CubeIDE\plugins\com.st.stm32cube.common.mx_6.12.1.202409122256
2024-10-22 16:15:39,604 [ERROR] LogOutputStream:75 - [STDERR_REDIRECT] Oct 22, 2024 4:15:39 PM java.util.prefs.WindowsPreferences <init>
2024-10-22 16:15:39,605 [ERROR] LogOutputStream:75 - [STDERR_REDIRECT] WARNING: Could not open/create prefs root node Software\JavaSoft\Prefs at root 0xffffffff80000002. Windows RegCreateKeyEx(...) returned error code 5.
2024-10-22 16:15:39,605 [ERROR] LogOutputStream:75 - [STDERR_REDIRECT] 
2024-10-22 16:15:40,068 [INFO] ThirdPartyUpdaterWithRetryManager:70 - Updater plugin not ready yet. [2/15]
2024-10-22 16:15:40,243 [INFO] MainUpdater:2873 - connection check result : 10
2024-10-22 16:15:40,243 [INFO] MainUpdater:290 - Updater Check For Update Now.
2024-10-22 16:15:40,243 [INFO] MicroXplorer:498 - Change Database Version : DB.6.0.121
2024-10-22 16:15:40,257 [INFO] McuFinderGlobals:63 - Set McuFinder mode to 2 (CubeIDE integrated)
2024-10-22 16:15:40,257 [INFO] UserAuth:417 - Internet connection configuration mode: 1
2024-10-22 16:15:40,294 [INFO] JxBrowserEngine:152 - Initiate JxBrowser Engine with user profile folder
2024-10-22 16:15:40,407 [INFO] CheckServerUpdateThread:120 - End of CheckServer Thread
2024-10-22 16:15:40,751 [INFO] WebApp:167 - Instantiating new browser for Auth
2024-10-22 16:15:41,246 [INFO] WebApp:448 - Apply proxy settings
2024-10-22 16:15:41,247 [INFO] WebApp:533 - Chromium requires no authentication
2024-10-22 16:15:41,254 [INFO] WebApp:476 - Direct internet connection detected
2024-10-22 16:15:41,276 [INFO] WebApp:869 - Register for checkConnection events
2024-10-22 16:15:41,276 [INFO] WebApp:448 - Apply proxy settings
2024-10-22 16:15:41,276 [INFO] WebApp:533 - Chromium requires no authentication
2024-10-22 16:15:41,277 [INFO] WebApp:476 - Direct internet connection detected
2024-10-22 16:15:41,390 [INFO] WebApp:220 - Starting web application
2024-10-22 16:15:41,390 [INFO] WebApp:578 - Web application path used C:\ST\STM32CubeIDE_1.16.1\STM32CubeIDE\plugins\com.st.stm32cube.common.mx_6.12.1.202409122256\db\plugins\mcufinder\reactClient1\index.html
2024-10-22 16:15:41,457 [INFO] UserAuth:417 - Internet connection configuration mode: 1
2024-10-22 16:15:41,600 [INFO] WebApp:186 - Connection restablished
2024-10-22 16:15:43,174 [WARN] PackLoader:240 - Cannot read IP mode file for STMicroelectronics.FP-SNS-MOTENVWB1.1.4.0
2024-10-22 16:15:43,184 [WARN] PackLoader:240 - Cannot read IP mode file for STMicroelectronics.X-CUBE-SMBUS.2.1.0
2024-10-22 16:15:43,193 [WARN] PackLoader:240 - Cannot read IP mode file for STMicroelectronics.X-CUBE-WB05N.1.1.0
2024-10-22 16:15:43,211 [WARN] PackLoader:240 - Cannot read IP mode file for STMicroelectronics.X-CUBE-AZRTOS-F7.1.1.0
2024-10-22 16:15:43,259 [WARN] PackLoader:240 - Cannot read IP mode file for STMicroelectronics.X-CUBE-MEMS1.11.0.0
2024-10-22 16:15:43,359 [WARN] PackLoader:240 - Cannot read IP mode file for STMicroelectronics.FP-SNS-FLIGHT1.5.0.2
2024-10-22 16:15:43,366 [WARN] PackLoader:240 - Cannot read IP mode file for STMicroelectronics.X-CUBE-DISPLAY.3.0.0
2024-10-22 16:15:43,373 [WARN] PackLoader:240 - Cannot read IP mode file for STMicroelectronics.X-CUBE-BLE1.7.0.0
2024-10-22 16:15:43,376 [WARN] PackLoader:240 - Cannot read IP mode file for STMicroelectronics.X-CUBE-NFC10.1.0.0
2024-10-22 16:15:43,381 [WARN] PackLoader:240 - Cannot read IP mode file for emotas.I-CUBE-CANOPEN.1.3.0
2024-10-22 16:15:43,388 [WARN] PackLoader:240 - Cannot read IP mode file for STMicroelectronics.X-CUBE-BLEMGR.3.1.0
2024-10-22 16:15:43,391 [WARN] PackLoader:240 - Cannot read IP mode file for STMicroelectronics.FP-SNS-SMARTAG2.1.2.0
2024-10-22 16:15:43,397 [INFO] LogOutputStream:77 - [STDOUT_REDIRECT] 1 : Invalid condition id : UX_CORESTACK_Condition cause : null
2024-10-22 16:15:43,398 [INFO] LogOutputStream:77 - [STDOUT_REDIRECT] 1 : Invalid condition id : UX_CORESTACK_Condition cause : null
2024-10-22 16:15:43,399 [INFO] LogOutputStream:77 - [STDOUT_REDIRECT] 1 : Invalid condition id : UX_CORESTACK_Condition cause : null
2024-10-22 16:15:43,400 [INFO] LogOutputStream:77 - [STDOUT_REDIRECT] 1 : Invalid condition id : UX_CORESTACK_Condition cause : null
2024-10-22 16:15:43,401 [INFO] LogOutputStream:77 - [STDOUT_REDIRECT] 1 : Invalid condition id : UX_CORESTACK_Condition cause : null
2024-10-22 16:15:43,402 [WARN] PackLoader:240 - Cannot read IP mode file for STMicroelectronics.X-CUBE-AZRTOS-WL.2.0.0
2024-10-22 16:15:43,409 [WARN] PackLoader:240 - Cannot read IP mode file for STMicroelectronics.FP-SNS-MOTENV1.5.0.0
2024-10-22 16:15:43,413 [WARN] PackLoader:240 - Cannot read IP mode file for wolfSSL.I-CUBE-wolfMQTT.1.19.0
2024-10-22 16:15:43,420 [WARN] PackLoader:240 - Cannot read IP mode file for WES.I-CUBE-Cesium.1.3.0
2024-10-22 16:15:43,423 [WARN] PackLoader:240 - Cannot read IP mode file for STMicroelectronics.X-CUBE-BLE2.3.3.0
2024-10-22 16:15:43,427 [WARN] PackLoader:240 - Cannot read IP mode file for STMicroelectronics.X-CUBE-NFC9.1.0.0
2024-10-22 16:15:43,431 [WARN] PackLoader:240 - Cannot read IP mode file for STMicroelectronics.X-CUBE-TCPP.4.1.0
2024-10-22 16:15:43,440 [WARN] PackLoader:240 - Cannot read IP mode file for STMicroelectronics.X-CUBE-AZRTOS-G0.1.1.0
2024-10-22 16:15:43,445 [WARN] PackLoader:240 - Cannot read IP mode file for STMicroelectronics.X-CUBE-SAFEA1.1.2.2
2024-10-22 16:15:43,449 [WARN] PackLoader:240 - Cannot read IP mode file for STMicroelectronics.X-CUBE-NFC4.3.0.0
2024-10-22 16:15:43,455 [WARN] PackLoader:240 - Cannot read IP mode file for EmbeddedOffice.I-CUBE-FS-RTOS.1.0.1
2024-10-22 16:15:43,456 [ERROR] ConditionMgr:805 - Attr not supported : Dmpu
2024-10-22 16:15:43,456 [ERROR] ConditionMgr:805 - Attr not supported : Dmpu
2024-10-22 16:15:43,456 [ERROR] ConditionMgr:805 - Attr not supported : Dmpu
2024-10-22 16:15:43,456 [ERROR] ConditionMgr:805 - Attr not supported : Dmpu
2024-10-22 16:15:43,456 [ERROR] ConditionMgr:805 - Attr not supported : Dmpu
2024-10-22 16:15:43,456 [ERROR] ConditionMgr:805 - Attr not supported : Dmpu
2024-10-22 16:15:43,456 [ERROR] ConditionMgr:805 - Attr not supported : Dmpu
2024-10-22 16:15:43,456 [ERROR] ConditionMgr:805 - Attr not supported : Dmpu
2024-10-22 16:15:43,456 [ERROR] ConditionMgr:805 - Attr not supported : Dmpu
2024-10-22 16:15:43,456 [ERROR] ConditionMgr:805 - Attr not supported : Dmpu
2024-10-22 16:15:43,456 [ERROR] ConditionMgr:805 - Attr not supported : Dmpu
2024-10-22 16:15:43,456 [ERROR] ConditionMgr:805 - Attr not supported : Dmpu
2024-10-22 16:15:43,456 [ERROR] ConditionMgr:805 - Attr not supported : Dmpu
2024-10-22 16:15:43,456 [ERROR] ConditionMgr:805 - Attr not supported : Dmpu
2024-10-22 16:15:43,456 [ERROR] ConditionMgr:805 - Attr not supported : Dmpu
2024-10-22 16:15:43,456 [ERROR] ConditionMgr:805 - Attr not supported : Dmpu
2024-10-22 16:15:43,456 [ERROR] ConditionMgr:805 - Attr not supported : Dmpu
2024-10-22 16:15:43,456 [ERROR] ConditionMgr:805 - Attr not supported : Dmpu
2024-10-22 16:15:43,457 [ERROR] ConditionMgr:805 - Attr not supported : Dmpu
2024-10-22 16:15:43,457 [ERROR] ConditionMgr:805 - Attr not supported : Dmpu
2024-10-22 16:15:43,457 [ERROR] ConditionMgr:805 - Attr not supported : Dmpu
2024-10-22 16:15:43,457 [ERROR] ConditionMgr:805 - Attr not supported : Dmpu
2024-10-22 16:15:43,457 [ERROR] ConditionMgr:805 - Attr not supported : Dmpu
2024-10-22 16:15:43,457 [ERROR] ConditionMgr:805 - Attr not supported : Dmpu
2024-10-22 16:15:43,457 [ERROR] ConditionMgr:805 - Attr not supported : Dmpu
2024-10-22 16:15:43,457 [ERROR] ConditionMgr:805 - Attr not supported : Dmpu
2024-10-22 16:15:43,457 [ERROR] ConditionMgr:805 - Attr not supported : Dmpu
2024-10-22 16:15:43,457 [ERROR] ConditionMgr:805 - Attr not supported : Dmpu
2024-10-22 16:15:43,457 [ERROR] ConditionMgr:805 - Attr not supported : Dmpu
2024-10-22 16:15:43,457 [ERROR] ConditionMgr:805 - Attr not supported : Dmpu
2024-10-22 16:15:43,457 [ERROR] ConditionMgr:805 - Attr not supported : Dmpu
2024-10-22 16:15:43,457 [ERROR] ConditionMgr:805 - Attr not supported : Dmpu
2024-10-22 16:15:43,457 [ERROR] ConditionMgr:805 - Attr not supported : Dmpu
2024-10-22 16:15:43,457 [ERROR] ConditionMgr:805 - Attr not supported : Dmpu
2024-10-22 16:15:43,457 [ERROR] ConditionMgr:805 - Attr not supported : Dmpu
2024-10-22 16:15:43,457 [ERROR] ConditionMgr:805 - Attr not supported : Dmpu
2024-10-22 16:15:43,457 [ERROR] ConditionMgr:805 - Attr not supported : Dmpu
2024-10-22 16:15:43,457 [ERROR] ConditionMgr:805 - Attr not supported : Dmpu
2024-10-22 16:15:43,457 [ERROR] ConditionMgr:805 - Attr not supported : Dmpu
2024-10-22 16:15:43,457 [ERROR] ConditionMgr:805 - Attr not supported : Dmpu
2024-10-22 16:15:43,457 [ERROR] ConditionMgr:805 - Attr not supported : Dmpu
2024-10-22 16:15:43,457 [ERROR] ConditionMgr:805 - Attr not supported : Dmpu
2024-10-22 16:15:43,457 [ERROR] ConditionMgr:805 - Attr not supported : Dmpu
2024-10-22 16:15:43,457 [ERROR] ConditionMgr:805 - Attr not supported : Dmpu
2024-10-22 16:15:43,457 [ERROR] ConditionMgr:805 - Attr not supported : Dmpu
2024-10-22 16:15:43,457 [ERROR] ConditionMgr:805 - Attr not supported : Dmpu
2024-10-22 16:15:43,457 [ERROR] ConditionMgr:805 - Attr not supported : Dmpu
2024-10-22 16:15:43,457 [ERROR] ConditionMgr:805 - Attr not supported : Dmpu
2024-10-22 16:15:43,457 [ERROR] ConditionMgr:805 - Attr not supported : Dmpu
2024-10-22 16:15:43,457 [ERROR] ConditionMgr:805 - Attr not supported : Dmpu
2024-10-22 16:15:43,457 [ERROR] ConditionMgr:805 - Attr not supported : Dmpu
2024-10-22 16:15:43,457 [ERROR] ConditionMgr:805 - Attr not supported : Dmpu
2024-10-22 16:15:43,457 [ERROR] ConditionMgr:805 - Attr not supported : Dmpu
2024-10-22 16:15:43,458 [ERROR] ConditionMgr:805 - Attr not supported : Dmpu
2024-10-22 16:15:43,458 [ERROR] ConditionMgr:805 - Attr not supported : Dmpu
2024-10-22 16:15:43,458 [ERROR] ConditionMgr:805 - Attr not supported : Dmpu
2024-10-22 16:15:43,458 [ERROR] ConditionMgr:805 - Attr not supported : Dmpu
2024-10-22 16:15:43,458 [ERROR] ConditionMgr:805 - Attr not supported : Dmpu
2024-10-22 16:15:43,458 [ERROR] ConditionMgr:805 - Attr not supported : Dmpu
2024-10-22 16:15:43,458 [ERROR] ConditionMgr:805 - Attr not supported : Dmpu
2024-10-22 16:15:43,458 [ERROR] ConditionMgr:805 - Attr not supported : Dmpu
2024-10-22 16:15:43,458 [ERROR] ConditionMgr:805 - Attr not supported : Dmpu
2024-10-22 16:15:43,458 [ERROR] ConditionMgr:805 - Attr not supported : Dmpu
2024-10-22 16:15:43,458 [ERROR] ConditionMgr:805 - Attr not supported : Dmpu
2024-10-22 16:15:43,461 [WARN] PackLoader:240 - Cannot read IP mode file for RealThread.X-CUBE-RT-Thread_Nano.4.1.1
2024-10-22 16:15:43,464 [WARN] PackLoader:240 - Cannot read IP mode file for STMicroelectronics.FP-ATR-SIGFOX1.3.2.0
2024-10-22 16:15:43,467 [WARN] PackLoader:240 - Cannot read IP mode file for wolfSSL.I-CUBE-wolfSSL.5.7.2
2024-10-22 16:15:43,471 [WARN] PackLoader:240 - Cannot read IP mode file for STMicroelectronics.X-CUBE-EEPRMA1.5.1.0
2024-10-22 16:15:43,475 [WARN] PackLoader:240 - Cannot read IP mode file for ITTIA_DB.I-CUBE-ITTIADB.8.9.0
2024-10-22 16:15:43,491 [WARN] PackLoader:240 - Cannot read IP mode file for SEGGER.I-CUBE-embOS.1.3.1
2024-10-22 16:15:43,517 [WARN] PackLoader:240 - Cannot read IP mode file for STMicroelectronics.X-CUBE-ALGOBUILD.1.4.0
2024-10-22 16:15:43,522 [WARN] PackLoader:240 - Cannot read IP mode file for STMicroelectronics.X-CUBE-AI.9.1.0
2024-10-22 16:15:43,531 [WARN] PackLoader:240 - Cannot read IP mode file for STMicroelectronics.X-CUBE-AZRTOS-F4.1.1.0
2024-10-22 16:15:43,535 [WARN] PackLoader:240 - Cannot read IP mode file for STMicroelectronics.X-CUBE-ISPU.2.1.0
2024-10-22 16:15:43,539 [WARN] PackLoader:240 - Cannot read IP mode file for STMicroelectronics.X-CUBE-FREERTOS.1.2.0
2024-10-22 16:15:43,548 [WARN] PackLoader:240 - Cannot read IP mode file for STMicroelectronics.X-CUBE-AZRTOS-L5.2.0.0
2024-10-22 16:15:43,553 [WARN] PackLoader:240 - Cannot read IP mode file for STMicroelectronics.X-CUBE-NFC6.3.1.0
2024-10-22 16:15:43,557 [WARN] PackLoader:240 - Cannot read IP mode file for STMicroelectronics.X-CUBE-DPower.1.2.0
2024-10-22 16:15:43,560 [WARN] PackLoader:240 - Cannot read IP mode file for STMicroelectronics.X-CUBE-NFC7.1.0.1
2024-10-22 16:15:43,571 [WARN] ConditionMgr:438 - getConditionDescription Invalid condition id : LAN8742 Phy interface Condition cause : null
2024-10-22 16:15:43,572 [WARN] PackLoader:240 - Cannot read IP mode file for STMicroelectronics.X-CUBE-AZRTOS-L4.2.0.0
2024-10-22 16:15:43,572 [WARN] ConditionMgr:1039 - genDependencies : Invalid condition id : LAN8742 Phy interface Condition cause : null
2024-10-22 16:15:43,573 [WARN] ConditionMgr:1039 - genDependencies : Invalid condition id : LAN8742 Phy interface Condition cause : null
2024-10-22 16:15:43,573 [WARN] ConditionMgr:1039 - genDependencies : Invalid condition id : LAN8742 Phy interface Condition cause : null
2024-10-22 16:15:43,577 [WARN] PackLoader:240 - Cannot read IP mode file for STMicroelectronics.X-CUBE-SFXS2LP1.4.0.0
2024-10-22 16:15:43,589 [WARN] PackLoader:240 - Cannot read IP mode file for STMicroelectronics.X-CUBE-AZRTOS-H7.3.3.0
2024-10-22 16:15:43,596 [WARN] PackLoader:240 - Cannot read IP mode file for STMicroelectronics.X-CUBE-IPS.3.0.0
2024-10-22 16:15:43,605 [WARN] ConditionMgr:438 - getConditionDescription Invalid condition id : UX DEVICE CLASS RTOS Condition cause : null
2024-10-22 16:15:43,606 [WARN] ConditionMgr:438 - getConditionDescription Invalid condition id : UX DEVICE CLASS RTOS Condition cause : null
2024-10-22 16:15:43,607 [WARN] PackLoader:240 - Cannot read IP mode file for STMicroelectronics.X-CUBE-AZRTOS-WB.2.0.0
2024-10-22 16:15:43,607 [WARN] ConditionMgr:1039 - genDependencies : Invalid condition id : UX DEVICE CLASS RTOS Condition cause : null
2024-10-22 16:15:43,607 [WARN] ConditionMgr:1039 - genDependencies : Invalid condition id : UX DEVICE CLASS RTOS Condition cause : null
2024-10-22 16:15:43,607 [WARN] ConditionMgr:1039 - genDependencies : Invalid condition id : UX DEVICE CLASS RTOS Condition cause : null
2024-10-22 16:15:43,607 [WARN] ConditionMgr:1039 - genDependencies : Invalid condition id : UX DEVICE CLASS RTOS Condition cause : null
2024-10-22 16:15:43,607 [WARN] ConditionMgr:1039 - genDependencies : Invalid condition id : UX DEVICE CLASS RTOS Condition cause : null
2024-10-22 16:15:43,612 [WARN] PackLoader:240 - Cannot read IP mode file for STMicroelectronics.X-CUBE-GNSS1.7.0.0
2024-10-22 16:15:43,616 [WARN] PackLoader:240 - Cannot read IP mode file for STMicroelectronics.FP-SNS-STBOX1.2.0.0
2024-10-22 16:15:43,624 [WARN] PackLoader:240 - Cannot read IP mode file for STMicroelectronics.X-CUBE-SUBG2.5.0.0
2024-10-22 16:15:43,631 [WARN] PackLoader:240 - Cannot read IP mode file for Cesanta.I-CUBE-Mongoose.7.13.0
2024-10-22 16:15:43,639 [WARN] PackLoader:240 - Cannot read IP mode file for STMicroelectronics.X-CUBE-AZRTOS-G4.2.0.0
2024-10-22 16:15:43,645 [WARN] PackLoader:240 - Cannot read IP mode file for STMicroelectronics.X-CUBE-ALS.1.0.2
2024-10-22 16:15:43,649 [WARN] PackLoader:240 - Cannot read IP mode file for STMicroelectronics.X-CUBE-TOUCHGFX.4.24.1
2024-10-22 16:15:43,653 [WARN] PackLoader:240 - Cannot read IP mode file for wolfSSL.I-CUBE-wolfTPM.3.4.0
2024-10-22 16:15:43,658 [WARN] PackLoader:240 - Cannot read IP mode file for portGmbH.I-Cube-SoM-uGOAL.1.1.0
2024-10-22 16:15:43,667 [WARN] PackLoader:240 - Cannot read IP mode file for STMicroelectronics.X-CUBE-AZRTOS-H7RS.1.0.0
2024-10-22 16:15:43,672 [WARN] PackLoader:240 - Cannot read IP mode file for STMicroelectronics.FP-ATR-ASTRA1.2.0.0
2024-10-22 16:15:43,677 [WARN] PackLoader:240 - Cannot read IP mode file for STMicroelectronics.X-CUBE-TOF1.3.4.2
2024-10-22 16:15:43,693 [WARN] PackLoader:240 - Cannot read IP mode file for Infineon.AIROC-Wi-Fi-Bluetooth-STM32.1.6.1
2024-10-22 16:15:43,701 [WARN] PackLoader:240 - Cannot read IP mode file for wolfSSL.I-CUBE-wolfSSH.1.4.17
2024-10-22 16:15:43,702 [INFO] ThirdParty:978 - Integrity check success = true
2024-10-22 16:15:43,702 [INFO] IntegrityCheckThread:100 - exiting critical section [integrity check]
2024-10-22 16:15:43,702 [INFO] IntegrityCheckThread:103 - End integrity checks thread
2024-10-22 16:18:32,119 [ERROR] LogOutputStream:75 - [STDERR_REDIRECT] 
