2024-10-24 00:09:05,845 [INFO] Activator:176 - 


2024-10-24 00:09:05,850 [INFO] Activator:177 - !SESSION log4j initialized
2024-10-24 00:09:24,093 [INFO] LogOutputStream:77 - [STDOUT_REDIRECT] 
2024-10-24 00:09:30,773 [INFO] ApplicationProperties:184 - Using Application install path: C:\ST\STM32CubeIDE_1.16.1\STM32CubeIDE\plugins\com.st.stm32cube.common.mx_6.12.1.202409122256
2024-10-24 00:09:30,795 [INFO] DbMcusXml:78 - Set database path to: C:\ST\STM32CubeIDE_1.16.1\STM32CubeIDE\plugins\com.st.stm32cube.common.mx_6.12.1.202409122256\\db\/mcu/
2024-10-24 00:09:30,796 [INFO] ApiDb:274 - Set plugin database path to: C:\ST\STM32CubeIDE_1.16.1\STM32CubeIDE\plugins\com.st.stm32cube.common.mx_6.12.1.202409122256\\db\/plugins/boardmanager/
2024-10-24 00:09:30,796 [WARN] ApiDb:259 - Overriding images path with different value:  => C:\ST\STM32CubeIDE_1.16.1\STM32CubeIDE\plugins\com.st.stm32cube.common.mx_6.12.1.202409122256\\db\/plugins/mcufinder/images/
2024-10-24 00:09:30,802 [INFO] ApiDb:250 - Set database path to: C:\Users\cheoljun99\.stmcufinder\plugins\mcufinder//mcu/
2024-10-24 00:09:30,804 [INFO] DbMcusAds:125 - Set database path to: C:\Users\cheoljun99\.stmcufinder\plugins\mcufinder//mcu/
2024-10-24 00:09:30,806 [INFO] CrossReferenceDbSqlite:203 - Set database path to: C:\Users\cheoljun99\.stmcufinder\plugins\mcufinder//mcu/cs/
2024-10-24 00:09:31,041 [INFO] RulesReader:64 - Compatibility file has been processed (297 Rules)
2024-10-24 00:09:31,432 [INFO] DbMcusXml:78 - Set database path to: C:\ST\STM32CubeIDE_1.16.1\STM32CubeIDE\plugins\com.st.stm32cube.common.mx_6.12.1.202409122256\\db\/mcu/
2024-10-24 00:09:31,432 [INFO] ApiDb:274 - Set plugin database path to: C:\ST\STM32CubeIDE_1.16.1\STM32CubeIDE\plugins\com.st.stm32cube.common.mx_6.12.1.202409122256\\db\/plugins/boardmanager/
2024-10-24 00:09:31,432 [INFO] ApiDb:261 - Set plugin images path to: C:\ST\STM32CubeIDE_1.16.1\STM32CubeIDE\plugins\com.st.stm32cube.common.mx_6.12.1.202409122256\\db\/plugins/mcufinder/images/
2024-10-24 00:09:31,433 [WARN] DbFile:41 - Overriding database path with different value: C:\Users\cheoljun99\.stmcufinder\plugins\mcufinder/ => C:\Users\cheoljun99\.stmcufinder\plugins\mcufinder
2024-10-24 00:09:31,433 [INFO] ApiDb:250 - Set database path to: C:\Users\cheoljun99\.stmcufinder\plugins\mcufinder//mcu/
2024-10-24 00:09:31,433 [WARN] DbFile:41 - Overriding database path with different value: C:\Users\cheoljun99\.stmcufinder\plugins\mcufinder/ => C:\Users\cheoljun99\.stmcufinder\plugins\mcufinder
2024-10-24 00:09:31,433 [INFO] DbMcusAds:125 - Set database path to: C:\Users\cheoljun99\.stmcufinder\plugins\mcufinder//mcu/
2024-10-24 00:09:31,433 [WARN] DbFile:41 - Overriding database path with different value: C:\Users\cheoljun99\.stmcufinder\plugins\mcufinder/ => C:\Users\cheoljun99\.stmcufinder\plugins\mcufinder
2024-10-24 00:09:31,433 [WARN] DbFile:41 - Overriding database path with different value: C:\Users\cheoljun99\.stmcufinder\plugins\mcufinder/ => C:\Users\cheoljun99\.stmcufinder\plugins\mcufinder
2024-10-24 00:09:31,433 [INFO] CrossReferenceDbSqlite:203 - Set database path to: C:\Users\cheoljun99\.stmcufinder\plugins\mcufinder//mcu/cs/
2024-10-24 00:09:32,103 [INFO] MainPanel:268 - HeapMemory: 268435456
2024-10-24 00:09:32,205 [INFO] DbMcusXml:78 - Set database path to: C:\ST\STM32CubeIDE_1.16.1\STM32CubeIDE\plugins\com.st.stm32cube.common.mx_6.12.1.202409122256\\db\/mcu/
2024-10-24 00:09:32,205 [INFO] ApiDb:274 - Set plugin database path to: C:\ST\STM32CubeIDE_1.16.1\STM32CubeIDE\plugins\com.st.stm32cube.common.mx_6.12.1.202409122256\\db\/plugins/boardmanager/
2024-10-24 00:09:32,205 [INFO] ApiDb:261 - Set plugin images path to: C:\ST\STM32CubeIDE_1.16.1\STM32CubeIDE\plugins\com.st.stm32cube.common.mx_6.12.1.202409122256\\db\/plugins/mcufinder/images/
2024-10-24 00:09:32,206 [WARN] DbFile:41 - Overriding database path with different value: C:\Users\cheoljun99\.stmcufinder\plugins\mcufinder/ => C:\Users\cheoljun99\.stmcufinder\plugins\mcufinder
2024-10-24 00:09:32,206 [INFO] ApiDb:250 - Set database path to: C:\Users\cheoljun99\.stmcufinder\plugins\mcufinder//mcu/
2024-10-24 00:09:32,206 [WARN] DbFile:41 - Overriding database path with different value: C:\Users\cheoljun99\.stmcufinder\plugins\mcufinder/ => C:\Users\cheoljun99\.stmcufinder\plugins\mcufinder
2024-10-24 00:09:32,206 [INFO] DbMcusAds:125 - Set database path to: C:\Users\cheoljun99\.stmcufinder\plugins\mcufinder//mcu/
2024-10-24 00:09:32,206 [WARN] DbFile:41 - Overriding database path with different value: C:\Users\cheoljun99\.stmcufinder\plugins\mcufinder/ => C:\Users\cheoljun99\.stmcufinder\plugins\mcufinder
2024-10-24 00:09:32,206 [WARN] DbFile:41 - Overriding database path with different value: C:\Users\cheoljun99\.stmcufinder\plugins\mcufinder/ => C:\Users\cheoljun99\.stmcufinder\plugins\mcufinder
2024-10-24 00:09:32,206 [INFO] CrossReferenceDbSqlite:203 - Set database path to: C:\Users\cheoljun99\.stmcufinder\plugins\mcufinder//mcu/cs/
2024-10-24 00:09:32,221 [INFO] ApplicationProperties:184 - Using Application install path: C:\ST\STM32CubeIDE_1.16.1\STM32CubeIDE\plugins\com.st.stm32cube.common.mx_6.12.1.202409122256
2024-10-24 00:09:32,222 [INFO] PluginManage:196 - Search for loadable plugins [exclusion list=, ]
2024-10-24 00:09:32,223 [INFO] PluginManage:310 - Check plugin analytics
2024-10-24 00:09:32,825 [INFO] AnalyticsPlugin:253 - Accepted Software Licenses: 
2024-10-24 00:09:32,825 [INFO] AnalyticsPlugin:255 - Accepted CMSIS Pack Licenses: 
2024-10-24 00:09:32,825 [INFO] AnalyticsPlugin:257 - Accepted Firmware Licenses: FW.F4.1.28.0,FW.L5.1.5.0
2024-10-24 00:09:32,833 [INFO] PluginManage:359 - Loaded plugin analytics (category:tool,tabindex:-1)
2024-10-24 00:09:32,836 [INFO] PluginManage:310 - Check plugin cadmodel
2024-10-24 00:09:32,852 [INFO] CADModel:105 - Init CAD model plugin
2024-10-24 00:09:32,853 [INFO] PluginManage:359 - Loaded plugin cadmodel (category:power,tabindex:5)
2024-10-24 00:09:32,853 [INFO] PluginManage:310 - Check plugin clock
2024-10-24 00:09:32,873 [INFO] PluginManage:359 - Loaded plugin clock (category:base,tabindex:2)
2024-10-24 00:09:32,873 [INFO] PluginManage:310 - Check plugin ddr
2024-10-24 00:09:32,876 [INFO] PluginManage:359 - Loaded plugin ddr (category:tool,tabindex:6)
2024-10-24 00:09:32,876 [INFO] PluginManage:310 - Check plugin filemanager
2024-10-24 00:09:33,006 [INFO] PluginManage:359 - Loaded plugin filemanager (category:base,tabindex:10)
2024-10-24 00:09:33,006 [INFO] PluginManage:310 - Check plugin ipmanager
2024-10-24 00:09:33,012 [INFO] PluginManage:359 - Loaded plugin ipmanager (category:base,tabindex:5)
2024-10-24 00:09:33,012 [INFO] PluginManage:310 - Check plugin lpbam
2024-10-24 00:09:33,025 [INFO] PluginManage:359 - Loaded plugin lpbam (category:base,tabindex:0)
2024-10-24 00:09:33,026 [INFO] PluginManage:310 - Check plugin memorymap
2024-10-24 00:09:33,044 [INFO] PluginManage:359 - Loaded plugin memorymap (category:base,tabindex:4)
2024-10-24 00:09:33,044 [INFO] PluginManage:310 - Check plugin pinoutandconfiguration
2024-10-24 00:09:33,058 [INFO] PluginManage:359 - Loaded plugin pinoutandconfiguration (category:base,tabindex:1)
2024-10-24 00:09:33,058 [INFO] PluginManage:310 - Check plugin pinoutconfig
2024-10-24 00:09:33,211 [WARN] SupportedApi:132 - Cannot load RTOS API schema: s4s-elt-must-match.1: The content of 'definitions' must match (annotation?, (simpleType | complexType)?, (unique | key | keyref)*)). A problem was found starting at: attribute.
2024-10-24 00:09:33,723 [INFO] PluginManage:359 - Loaded plugin pinoutconfig (category:base,tabindex:0)
2024-10-24 00:09:33,724 [INFO] PluginManage:310 - Check plugin power
2024-10-24 00:09:33,741 [INFO] PluginManage:359 - Loaded plugin power (category:power,tabindex:4)
2024-10-24 00:09:33,742 [INFO] PluginManage:310 - Check plugin projectmanager
2024-10-24 00:09:33,797 [INFO] PluginManage:359 - Loaded plugin projectmanager (category:projectmanager,tabindex:4)
2024-10-24 00:09:33,797 [INFO] PluginManage:310 - Check plugin rif
2024-10-24 00:09:33,812 [INFO] PluginManage:359 - Loaded plugin rif (category:base,tabindex:3)
2024-10-24 00:09:33,812 [INFO] PluginManage:310 - Check plugin thirdparty
2024-10-24 00:09:34,266 [WARN] IntegrityCheckThread:84 - waiting for thirdparty lock release [integrity check]
2024-10-24 00:09:34,267 [INFO] IntegrityCheckThread:86 - entering critical section [integrity check]
2024-10-24 00:09:34,276 [INFO] ThirdPartyUpdaterWithRetryManager:70 - Updater plugin not ready yet. [1/15]
2024-10-24 00:09:34,279 [INFO] PluginManage:359 - Loaded plugin thirdparty (category:base,tabindex:-1)
2024-10-24 00:09:34,279 [INFO] PluginManage:310 - Check plugin tools
2024-10-24 00:09:34,324 [INFO] PluginManage:359 - Loaded plugin tools (category:base,tabindex:7)
2024-10-24 00:09:34,324 [INFO] PluginManage:310 - Check plugin tutovideos
2024-10-24 00:09:34,583 [INFO] PluginManage:359 - Loaded plugin tutovideos (category:base,tabindex:-1)
2024-10-24 00:09:34,583 [INFO] PluginManage:310 - Check plugin updater
2024-10-24 00:09:34,646 [INFO] PluginManage:359 - Loaded plugin updater (category:base,tabindex:12)
2024-10-24 00:09:34,646 [INFO] PluginManage:310 - Check plugin userauth
2024-10-24 00:09:34,664 [INFO] UserAuth:113 - Init User Auth plugin
2024-10-24 00:09:34,665 [INFO] PluginManage:359 - Loaded plugin userauth (category:base,tabindex:14)
2024-10-24 00:09:34,665 [INFO] PluginManage:283 - PluginManage : Loaded plugins [18]
2024-10-24 00:09:36,047 [INFO] PinOutPanel:1561 - setPackage(No Configuration,No Configuration)
2024-10-24 00:09:36,727 [INFO] CADModel:165 - CPN selected for project level
2024-10-24 00:09:36,729 [INFO] CADModel:114 - Register for checkConnection events
2024-10-24 00:09:36,928 [INFO] IPUIPlugin:80 - create IPUIPlugin
2024-10-24 00:09:36,928 [INFO] PluginManager:220 - loadIPPluginJar : add adc
2024-10-24 00:09:36,995 [INFO] IPUIPlugin:80 - create IPUIPlugin
2024-10-24 00:09:36,995 [INFO] PluginManager:220 - loadIPPluginJar : add aes
2024-10-24 00:09:37,064 [INFO] IPUIPlugin:80 - create IPUIPlugin
2024-10-24 00:09:37,064 [INFO] PluginManager:220 - loadIPPluginJar : add can
2024-10-24 00:09:37,107 [INFO] IPUIPlugin:80 - create IPUIPlugin
2024-10-24 00:09:37,107 [INFO] PluginManager:220 - loadIPPluginJar : add comp
2024-10-24 00:09:37,157 [INFO] IPUIPlugin:80 - create IPUIPlugin
2024-10-24 00:09:37,157 [INFO] PluginManager:220 - loadIPPluginJar : add cryp
2024-10-24 00:09:37,202 [INFO] IPUIPlugin:80 - create IPUIPlugin
2024-10-24 00:09:37,202 [INFO] PluginManager:220 - loadIPPluginJar : add ddr_ctrl_phy
2024-10-24 00:09:37,271 [INFO] IPUIPlugin:80 - create IPUIPlugin
2024-10-24 00:09:37,271 [INFO] PluginManager:220 - loadIPPluginJar : add dfsdm
2024-10-24 00:09:37,277 [INFO] ThirdPartyUpdaterWithRetryManager:70 - Updater plugin not ready yet. [2/15]
2024-10-24 00:09:37,392 [INFO] IPUIPlugin:80 - create IPUIPlugin
2024-10-24 00:09:37,405 [INFO] PluginManager:220 - loadIPPluginJar : add dma
2024-10-24 00:09:37,473 [INFO] IPUIPlugin:80 - create IPUIPlugin
2024-10-24 00:09:37,474 [INFO] PluginManager:220 - loadIPPluginJar : add dma3
2024-10-24 00:09:37,537 [INFO] IPUIPlugin:80 - create IPUIPlugin
2024-10-24 00:09:37,537 [INFO] PluginManager:220 - loadIPPluginJar : add extmemmanager
2024-10-24 00:09:37,571 [INFO] IPUIPlugin:80 - create IPUIPlugin
2024-10-24 00:09:37,571 [INFO] PluginManager:220 - loadIPPluginJar : add fatfs
2024-10-24 00:09:37,663 [INFO] IPUIPlugin:80 - create IPUIPlugin
2024-10-24 00:09:37,663 [INFO] PluginManager:220 - loadIPPluginJar : add fmc
2024-10-24 00:09:37,837 [INFO] IPUIPlugin:80 - create IPUIPlugin
2024-10-24 00:09:37,837 [INFO] PluginManager:220 - loadIPPluginJar : add freertos
2024-10-24 00:09:37,872 [INFO] IPUIPlugin:80 - create IPUIPlugin
2024-10-24 00:09:37,873 [INFO] PluginManager:220 - loadIPPluginJar : add genericplugin
2024-10-24 00:09:37,973 [INFO] IPUIPlugin:80 - create IPUIPlugin
2024-10-24 00:09:37,973 [INFO] PluginManager:220 - loadIPPluginJar : add gfxmmu
2024-10-24 00:09:38,131 [INFO] IPUIPlugin:80 - create IPUIPlugin
2024-10-24 00:09:38,131 [INFO] PluginManager:220 - loadIPPluginJar : add gic
2024-10-24 00:09:38,174 [INFO] IPUIPlugin:80 - create IPUIPlugin
2024-10-24 00:09:38,174 [INFO] PluginManager:220 - loadIPPluginJar : add gpio
2024-10-24 00:09:38,313 [INFO] IPUIPlugin:80 - create IPUIPlugin
2024-10-24 00:09:38,314 [INFO] PluginManager:220 - loadIPPluginJar : add gtzc
2024-10-24 00:09:38,374 [INFO] IPUIPlugin:80 - create IPUIPlugin
2024-10-24 00:09:38,374 [INFO] PluginManager:220 - loadIPPluginJar : add hash
2024-10-24 00:09:38,452 [INFO] IPUIPlugin:80 - create IPUIPlugin
2024-10-24 00:09:38,452 [INFO] PluginManager:220 - loadIPPluginJar : add i2c
2024-10-24 00:09:38,509 [INFO] IPUIPlugin:80 - create IPUIPlugin
2024-10-24 00:09:38,509 [INFO] PluginManager:220 - loadIPPluginJar : add i2s
2024-10-24 00:09:38,557 [INFO] IPUIPlugin:80 - create IPUIPlugin
2024-10-24 00:09:38,557 [INFO] PluginManager:220 - loadIPPluginJar : add i3c
2024-10-24 00:09:38,675 [INFO] IPUIPlugin:80 - create IPUIPlugin
2024-10-24 00:09:38,675 [INFO] PluginManager:220 - loadIPPluginJar : add ipddr
2024-10-24 00:09:38,779 [INFO] IPUIPlugin:80 - create IPUIPlugin
2024-10-24 00:09:38,779 [INFO] PluginManager:220 - loadIPPluginJar : add linkedlist
2024-10-24 00:09:38,840 [INFO] IPUIPlugin:80 - create IPUIPlugin
2024-10-24 00:09:38,841 [INFO] PluginManager:220 - loadIPPluginJar : add lorawan
2024-10-24 00:09:38,890 [INFO] IPUIPlugin:80 - create IPUIPlugin
2024-10-24 00:09:38,890 [INFO] PluginManager:220 - loadIPPluginJar : add ltdc
2024-10-24 00:09:38,905 [INFO] IPUIPlugin:80 - create IPUIPlugin
2024-10-24 00:09:38,905 [INFO] PluginManager:220 - loadIPPluginJar : add mdma
2024-10-24 00:09:38,919 [INFO] IPUIPlugin:80 - create IPUIPlugin
2024-10-24 00:09:38,919 [INFO] PluginManager:220 - loadIPPluginJar : add nvic
2024-10-24 00:09:38,959 [INFO] IPUIPlugin:80 - create IPUIPlugin
2024-10-24 00:09:38,960 [INFO] PluginManager:220 - loadIPPluginJar : add opamp
2024-10-24 00:09:39,055 [INFO] IPUIPlugin:80 - create IPUIPlugin
2024-10-24 00:09:39,055 [INFO] PluginManager:220 - loadIPPluginJar : add openamp
2024-10-24 00:09:39,113 [INFO] IPUIPlugin:80 - create IPUIPlugin
2024-10-24 00:09:39,113 [INFO] PluginManager:220 - loadIPPluginJar : add pdm2pcm
2024-10-24 00:09:39,146 [INFO] IPUIPlugin:80 - create IPUIPlugin
2024-10-24 00:09:39,167 [INFO] PluginManager:220 - loadIPPluginJar : add plateformsettings
2024-10-24 00:09:39,202 [INFO] IPUIPlugin:80 - create IPUIPlugin
2024-10-24 00:09:39,202 [INFO] PluginManager:220 - loadIPPluginJar : add quadspi
2024-10-24 00:09:39,241 [INFO] IPUIPlugin:80 - create IPUIPlugin
2024-10-24 00:09:39,245 [INFO] PluginManager:220 - loadIPPluginJar : add radio
2024-10-24 00:09:39,273 [INFO] IPUIPlugin:80 - create IPUIPlugin
2024-10-24 00:09:39,273 [INFO] PluginManager:220 - loadIPPluginJar : add resmgrutility
2024-10-24 00:09:39,338 [INFO] IPUIPlugin:80 - create IPUIPlugin
2024-10-24 00:09:39,339 [INFO] PluginManager:220 - loadIPPluginJar : add sai
2024-10-24 00:09:39,391 [INFO] IPUIPlugin:80 - create IPUIPlugin
2024-10-24 00:09:39,391 [INFO] PluginManager:220 - loadIPPluginJar : add spi
2024-10-24 00:09:39,487 [INFO] IPUIPlugin:80 - create IPUIPlugin
2024-10-24 00:09:39,488 [INFO] PluginManager:220 - loadIPPluginJar : add stm32_wpan
2024-10-24 00:09:39,522 [INFO] IPUIPlugin:80 - create IPUIPlugin
2024-10-24 00:09:39,522 [INFO] PluginManager:220 - loadIPPluginJar : add tim
2024-10-24 00:09:39,597 [INFO] IPUIPlugin:80 - create IPUIPlugin
2024-10-24 00:09:39,598 [INFO] PluginManager:220 - loadIPPluginJar : add touchsensing
2024-10-24 00:09:39,629 [INFO] IPUIPlugin:80 - create IPUIPlugin
2024-10-24 00:09:39,630 [INFO] PluginManager:220 - loadIPPluginJar : add tracer_emb
2024-10-24 00:09:39,662 [INFO] IPUIPlugin:80 - create IPUIPlugin
2024-10-24 00:09:39,662 [INFO] PluginManager:220 - loadIPPluginJar : add ts
2024-10-24 00:09:39,690 [INFO] IPUIPlugin:80 - create IPUIPlugin
2024-10-24 00:09:39,690 [INFO] PluginManager:220 - loadIPPluginJar : add tsc
2024-10-24 00:09:39,717 [INFO] IPUIPlugin:80 - create IPUIPlugin
2024-10-24 00:09:39,717 [INFO] PluginManager:220 - loadIPPluginJar : add ucpd
2024-10-24 00:09:39,768 [INFO] IPUIPlugin:80 - create IPUIPlugin
2024-10-24 00:09:39,768 [INFO] PluginManager:220 - loadIPPluginJar : add usart
2024-10-24 00:09:39,819 [INFO] IPUIPlugin:80 - create IPUIPlugin
2024-10-24 00:09:39,819 [INFO] PluginManager:220 - loadIPPluginJar : add usbx
2024-10-24 00:09:40,075 [INFO] CADModel:165 - CPN selected for project level
2024-10-24 00:09:40,075 [INFO] CADModel:114 - Register for checkConnection events
2024-10-24 00:09:40,076 [FATAL] Updater:334 - Updater called before beeing initialized
2024-10-24 00:09:40,076 [ERROR] CADModel:125 - Updater not yet initialized, retry later 
2024-10-24 00:09:40,278 [INFO] ThirdPartyUpdaterWithRetryManager:70 - Updater plugin not ready yet. [3/15]
2024-10-24 00:09:40,690 [INFO] CADModel:165 - CPN selected for project level
2024-10-24 00:09:40,690 [INFO] CADModel:114 - Register for checkConnection events
2024-10-24 00:09:40,690 [FATAL] Updater:334 - Updater called before beeing initialized
2024-10-24 00:09:40,690 [ERROR] CADModel:125 - Updater not yet initialized, retry later 
2024-10-24 00:09:40,704 [FATAL] Updater:334 - Updater called before beeing initialized
2024-10-24 00:09:40,880 [FATAL] Updater:334 - Updater called before beeing initialized
2024-10-24 00:09:40,920 [INFO] DbMcusAds:53 - JSON generation date=Fri Sep 20 22:04:38 KST 2024 (1726837478367)
2024-10-24 00:09:40,920 [FATAL] Updater:334 - Updater called before beeing initialized
2024-10-24 00:09:40,989 [WARN] DetailPanel:346 - Failed to get advertising image, set to default
2024-10-24 00:09:41,085 [FATAL] Updater:334 - Updater called before beeing initialized
2024-10-24 00:09:41,097 [FATAL] Updater:334 - Updater called before beeing initialized
2024-10-24 00:09:41,097 [FATAL] Updater:334 - Updater called before beeing initialized
2024-10-24 00:09:41,097 [WARN] DetailPanel:346 - Failed to get advertising image, set to default
2024-10-24 00:09:41,099 [FATAL] Updater:334 - Updater called before beeing initialized
2024-10-24 00:09:41,265 [ERROR] Updater:1164 - MainUpdater not yet initialized. External WinMGr cannot be set.
2024-10-24 00:09:41,291 [INFO] Updater:1100 - Updater Version found : 6.12.1
2024-10-24 00:09:41,382 [INFO] ApplicationProperties:184 - Using Application install path: C:\ST\STM32CubeIDE_1.16.1\STM32CubeIDE\plugins\com.st.stm32cube.common.mx_6.12.1.202409122256
2024-10-24 00:09:43,019 [ERROR] LogOutputStream:75 - [STDERR_REDIRECT] Oct 24, 2024 12:09:43 AM java.util.prefs.WindowsPreferences <init>
2024-10-24 00:09:43,020 [ERROR] LogOutputStream:75 - [STDERR_REDIRECT] WARNING: Could not open/create prefs root node Software\JavaSoft\Prefs at root 0xffffffff80000002. Windows RegCreateKeyEx(...) returned error code 5.
2024-10-24 00:09:43,020 [ERROR] LogOutputStream:75 - [STDERR_REDIRECT] 
2024-10-24 00:09:43,279 [FATAL] Updater:334 - Updater called before beeing initialized
2024-10-24 00:09:43,284 [ERROR] IntegrityCheckThread:130 - Cannot retrieve database content from updater: error 21
2024-10-24 00:09:43,294 [INFO] ThirdParty:978 - Integrity check success = false
2024-10-24 00:09:43,294 [INFO] IntegrityCheckThread:100 - exiting critical section [integrity check]
2024-10-24 00:09:43,294 [INFO] IntegrityCheckThread:103 - End integrity checks thread
2024-10-24 00:09:43,883 [INFO] MainUpdater:2873 - connection check result : 10
2024-10-24 00:09:43,884 [INFO] MainUpdater:290 - Updater Check For Update Now.
2024-10-24 00:09:43,885 [INFO] MicroXplorer:498 - Change Database Version : DB.6.0.121
2024-10-24 00:09:43,926 [INFO] McuFinderGlobals:63 - Set McuFinder mode to 2 (CubeIDE integrated)
2024-10-24 00:09:43,935 [INFO] UserAuth:417 - Internet connection configuration mode: 1
2024-10-24 00:09:44,103 [INFO] JxBrowserEngine:152 - Initiate JxBrowser Engine with user profile folder
2024-10-24 00:09:44,201 [INFO] CheckServerUpdateThread:120 - End of CheckServer Thread
2024-10-24 00:09:53,822 [INFO] WebApp:167 - Instantiating new browser for Auth
2024-10-24 00:09:54,720 [INFO] WebApp:448 - Apply proxy settings
2024-10-24 00:09:54,720 [INFO] WebApp:533 - Chromium requires no authentication
2024-10-24 00:09:54,730 [INFO] WebApp:476 - Direct internet connection detected
2024-10-24 00:09:54,752 [INFO] WebApp:869 - Register for checkConnection events
2024-10-24 00:09:54,752 [INFO] WebApp:448 - Apply proxy settings
2024-10-24 00:09:54,753 [INFO] WebApp:533 - Chromium requires no authentication
2024-10-24 00:09:54,753 [INFO] WebApp:476 - Direct internet connection detected
2024-10-24 00:09:54,917 [INFO] WebApp:220 - Starting web application
2024-10-24 00:09:54,917 [INFO] WebApp:578 - Web application path used C:\ST\STM32CubeIDE_1.16.1\STM32CubeIDE\plugins\com.st.stm32cube.common.mx_6.12.1.202409122256\db\plugins\mcufinder\reactClient1\index.html
2024-10-24 00:09:55,129 [INFO] UserAuth:417 - Internet connection configuration mode: 1
2024-10-24 00:09:55,239 [INFO] WebApp:186 - Connection restablished
2024-10-24 00:15:31,820 [ERROR] LogOutputStream:75 - [STDERR_REDIRECT] 
